{
  "/home/neil/Projects/supabase.app/src/main.tsx": {
    "path": "/home/neil/Projects/supabase.app/src/main.tsx",
    "statementMap": {
      "0": {
        "start": { "line": 10, "column": 20 },
        "end": { "line": 10, "column": null }
      },
      "1": {
        "start": { "line": 11, "column": 0 },
        "end": { "line": 11, "column": null }
      },
      "2": {
        "start": { "line": 11, "column": 18 },
        "end": { "line": 11, "column": null }
      },
      "3": {
        "start": { "line": 13, "column": 0 },
        "end": { "line": 17, "column": null }
      }
    },
    "fnMap": {},
    "branchMap": {
      "0": {
        "loc": {
          "start": { "line": 11, "column": 0 },
          "end": { "line": 11, "column": null }
        },
        "type": "if",
        "locations": [
          {
            "start": { "line": 11, "column": 0 },
            "end": { "line": 11, "column": null }
          },
          { "start": {}, "end": {} }
        ],
        "line": 11
      }
    },
    "s": { "0": 0, "1": 0, "2": 0, "3": 0 },
    "f": {},
    "b": { "0": [0, 0] },
    "meta": {
      "lastBranch": 1,
      "lastFunction": 0,
      "lastStatement": 4,
      "seen": {
        "s:10:20:10:Infinity": 0,
        "b:11:0:11:Infinity:undefined:undefined:undefined:undefined": 0,
        "s:11:0:11:Infinity": 1,
        "s:11:18:11:Infinity": 2,
        "s:13:0:17:Infinity": 3
      }
    }
  },
  "/home/neil/Projects/supabase.app/src/queryClient.ts": {
    "path": "/home/neil/Projects/supabase.app/src/queryClient.ts",
    "statementMap": {
      "0": {
        "start": { "line": 5, "column": 51 },
        "end": { "line": 5, "column": null }
      },
      "1": {
        "start": { "line": 8, "column": 2 },
        "end": { "line": 37, "column": null }
      },
      "2": {
        "start": { "line": 9, "column": 4 },
        "end": { "line": 36, "column": null }
      },
      "3": {
        "start": { "line": 18, "column": 35 },
        "end": { "line": 18, "column": null }
      },
      "4": {
        "start": { "line": 27, "column": 10 },
        "end": { "line": 27, "column": null }
      },
      "5": {
        "start": { "line": 33, "column": 10 },
        "end": { "line": 33, "column": null }
      },
      "6": {
        "start": { "line": 38, "column": 2 },
        "end": { "line": 38, "column": null }
      },
      "7": {
        "start": { "line": 42, "column": 2 },
        "end": { "line": 42, "column": null }
      }
    },
    "fnMap": {
      "0": {
        "name": "createQueryClient",
        "decl": {
          "start": { "line": 7, "column": 9 },
          "end": { "line": 7, "column": 29 }
        },
        "loc": {
          "start": { "line": 7, "column": 29 },
          "end": { "line": 39, "column": null }
        },
        "line": 7
      },
      "1": {
        "name": "(anonymous_1)",
        "decl": {
          "start": { "line": 18, "column": 22 },
          "end": { "line": 18, "column": 23 }
        },
        "loc": {
          "start": { "line": 18, "column": 35 },
          "end": { "line": 18, "column": null }
        },
        "line": 18
      },
      "2": {
        "name": "(anonymous_2)",
        "decl": {
          "start": { "line": 26, "column": 17 },
          "end": { "line": 26, "column": 18 }
        },
        "loc": {
          "start": { "line": 26, "column": 28 },
          "end": { "line": 28, "column": null }
        },
        "line": 26
      },
      "3": {
        "name": "(anonymous_3)",
        "decl": {
          "start": { "line": 32, "column": 17 },
          "end": { "line": 32, "column": 18 }
        },
        "loc": {
          "start": { "line": 32, "column": 28 },
          "end": { "line": 34, "column": null }
        },
        "line": 32
      },
      "4": {
        "name": "getQueryClient",
        "decl": {
          "start": { "line": 41, "column": 16 },
          "end": { "line": 41, "column": 46 }
        },
        "loc": {
          "start": { "line": 41, "column": 46 },
          "end": { "line": 43, "column": null }
        },
        "line": 41
      }
    },
    "branchMap": {
      "0": {
        "loc": {
          "start": { "line": 8, "column": 2 },
          "end": { "line": 37, "column": null }
        },
        "type": "if",
        "locations": [
          {
            "start": { "line": 8, "column": 2 },
            "end": { "line": 37, "column": null }
          },
          { "start": {}, "end": {} }
        ],
        "line": 8
      }
    },
    "s": {
      "0": 16,
      "1": 86,
      "2": 16,
      "3": 0,
      "4": 0,
      "5": 0,
      "6": 86,
      "7": 86
    },
    "f": { "0": 86, "1": 0, "2": 0, "3": 0, "4": 86 },
    "b": { "0": [16, 70] },
    "meta": {
      "lastBranch": 1,
      "lastFunction": 5,
      "lastStatement": 8,
      "seen": {
        "s:5:51:5:Infinity": 0,
        "f:7:9:7:29": 0,
        "b:8:2:37:Infinity:undefined:undefined:undefined:undefined": 0,
        "s:8:2:37:Infinity": 1,
        "s:9:4:36:Infinity": 2,
        "f:18:22:18:23": 1,
        "s:18:35:18:Infinity": 3,
        "f:26:17:26:18": 2,
        "s:27:10:27:Infinity": 4,
        "f:32:17:32:18": 3,
        "s:33:10:33:Infinity": 5,
        "s:38:2:38:Infinity": 6,
        "f:41:16:41:46": 4,
        "s:42:2:42:Infinity": 7
      }
    }
  },
  "/home/neil/Projects/supabase.app/src/router.tsx": {
    "path": "/home/neil/Projects/supabase.app/src/router.tsx",
    "statementMap": {
      "0": {
        "start": { "line": 12, "column": 13 },
        "end": { "line": 18, "column": null }
      }
    },
    "fnMap": {},
    "branchMap": {},
    "s": { "0": 15 },
    "f": {},
    "b": {},
    "meta": {
      "lastBranch": 0,
      "lastFunction": 0,
      "lastStatement": 1,
      "seen": { "s:12:13:18:Infinity": 0 }
    }
  },
  "/home/neil/Projects/supabase.app/src/sentry.ts": {
    "path": "/home/neil/Projects/supabase.app/src/sentry.ts",
    "statementMap": {
      "0": {
        "start": { "line": 5, "column": 0 },
        "end": { "line": 16, "column": null }
      }
    },
    "fnMap": {},
    "branchMap": {},
    "s": { "0": 0 },
    "f": {},
    "b": {},
    "meta": {
      "lastBranch": 0,
      "lastFunction": 0,
      "lastStatement": 1,
      "seen": { "s:5:0:16:Infinity": 0 }
    }
  },
  "/home/neil/Projects/supabase.app/src/trpc.ts": {
    "path": "/home/neil/Projects/supabase.app/src/trpc.ts",
    "statementMap": {
      "0": {
        "start": { "line": 14, "column": 17 },
        "end": { "line": 14, "column": null }
      },
      "1": {
        "start": { "line": 15, "column": 18 },
        "end": { "line": 15, "column": null }
      },
      "2": {
        "start": { "line": 17, "column": 2 },
        "end": { "line": 41, "column": null }
      },
      "3": {
        "start": { "line": 25, "column": 18 },
        "end": { "line": 25, "column": null }
      },
      "4": {
        "start": { "line": 26, "column": 28 },
        "end": { "line": 26, "column": null }
      },
      "5": {
        "start": { "line": 27, "column": 14 },
        "end": { "line": 27, "column": null }
      },
      "6": {
        "start": { "line": 35, "column": 18 },
        "end": { "line": 35, "column": null }
      },
      "7": {
        "start": { "line": 36, "column": 28 },
        "end": { "line": 36, "column": null }
      },
      "8": {
        "start": { "line": 37, "column": 14 },
        "end": { "line": 37, "column": null }
      },
      "9": {
        "start": { "line": 44, "column": 26 },
        "end": { "line": 44, "column": null }
      },
      "10": {
        "start": { "line": 46, "column": 13 },
        "end": { "line": 49, "column": null }
      },
      "11": {
        "start": { "line": 51, "column": 52 },
        "end": { "line": 52, "column": null }
      }
    },
    "fnMap": {
      "0": {
        "name": "createTrpcClient",
        "decl": {
          "start": { "line": 13, "column": 16 },
          "end": { "line": 13, "column": 35 }
        },
        "loc": {
          "start": { "line": 13, "column": 35 },
          "end": { "line": 42, "column": null }
        },
        "line": 13
      },
      "1": {
        "name": "(anonymous_1)",
        "decl": {
          "start": { "line": 22, "column": 18 },
          "end": { "line": 22, "column": 28 }
        },
        "loc": {
          "start": { "line": 22, "column": 28 },
          "end": { "line": 28, "column": null }
        },
        "line": 22
      },
      "2": {
        "name": "(anonymous_2)",
        "decl": {
          "start": { "line": 32, "column": 18 },
          "end": { "line": 32, "column": 28 }
        },
        "loc": {
          "start": { "line": 32, "column": 28 },
          "end": { "line": 38, "column": null }
        },
        "line": 32
      }
    },
    "branchMap": {
      "0": {
        "loc": {
          "start": { "line": 15, "column": 18 },
          "end": { "line": 15, "column": null }
        },
        "type": "cond-expr",
        "locations": [
          {
            "start": { "line": 15, "column": 27 },
            "end": { "line": 15, "column": 53 }
          },
          {
            "start": { "line": 15, "column": 53 },
            "end": { "line": 15, "column": null }
          }
        ],
        "line": 15
      },
      "1": {
        "loc": {
          "start": { "line": 19, "column": 6 },
          "end": { "line": 39, "column": null }
        },
        "type": "cond-expr",
        "locations": [
          {
            "start": { "line": 19, "column": 6 },
            "end": { "line": 29, "column": null }
          },
          {
            "start": { "line": 29, "column": 11 },
            "end": { "line": 39, "column": null }
          }
        ],
        "line": 19
      },
      "2": {
        "loc": {
          "start": { "line": 27, "column": 21 },
          "end": { "line": 27, "column": null }
        },
        "type": "cond-expr",
        "locations": [
          {
            "start": { "line": 27, "column": 29 },
            "end": { "line": 27, "column": 68 }
          },
          {
            "start": { "line": 27, "column": 68 },
            "end": { "line": 27, "column": null }
          }
        ],
        "line": 27
      },
      "3": {
        "loc": {
          "start": { "line": 37, "column": 21 },
          "end": { "line": 37, "column": null }
        },
        "type": "cond-expr",
        "locations": [
          {
            "start": { "line": 37, "column": 29 },
            "end": { "line": 37, "column": 68 }
          },
          {
            "start": { "line": 37, "column": 68 },
            "end": { "line": 37, "column": null }
          }
        ],
        "line": 37
      }
    },
    "s": {
      "0": 16,
      "1": 16,
      "2": 16,
      "3": 234,
      "4": 234,
      "5": 234,
      "6": 0,
      "7": 0,
      "8": 0,
      "9": 16,
      "10": 16,
      "11": 16
    },
    "f": { "0": 16, "1": 234, "2": 0 },
    "b": { "0": [16, 0], "1": [16, 0], "2": [234, 0], "3": [0, 0] },
    "meta": {
      "lastBranch": 4,
      "lastFunction": 3,
      "lastStatement": 12,
      "seen": {
        "f:13:16:13:35": 0,
        "s:14:17:14:Infinity": 0,
        "s:15:18:15:Infinity": 1,
        "b:15:27:15:53:15:53:15:Infinity": 0,
        "s:17:2:41:Infinity": 2,
        "b:19:6:29:Infinity:29:11:39:Infinity": 1,
        "f:22:18:22:28": 1,
        "s:25:18:25:Infinity": 3,
        "s:26:28:26:Infinity": 4,
        "s:27:14:27:Infinity": 5,
        "b:27:29:27:68:27:68:27:Infinity": 2,
        "f:32:18:32:28": 2,
        "s:35:18:35:Infinity": 6,
        "s:36:28:36:Infinity": 7,
        "s:37:14:37:Infinity": 8,
        "b:37:29:37:68:37:68:37:Infinity": 3,
        "s:44:26:44:Infinity": 9,
        "s:46:13:49:Infinity": 10,
        "s:51:52:52:Infinity": 11
      }
    }
  },
  "/home/neil/Projects/supabase.app/src/app/Root.tsx": {
    "path": "/home/neil/Projects/supabase.app/src/app/Root.tsx",
    "statementMap": {
      "0": {
        "start": { "line": 18, "column": 8 },
        "end": { "line": 18, "column": null }
      },
      "1": {
        "start": { "line": 18, "column": 41 },
        "end": { "line": 18, "column": 53 }
      },
      "2": {
        "start": { "line": 20, "column": 2 },
        "end": { "line": 22, "column": null }
      },
      "3": {
        "start": { "line": 21, "column": 4 },
        "end": { "line": 21, "column": null }
      },
      "4": {
        "start": { "line": 24, "column": 2 },
        "end": { "line": 67, "column": null }
      },
      "5": {
        "start": { "line": 36, "column": 27 },
        "end": { "line": 36, "column": null }
      }
    },
    "fnMap": {
      "0": {
        "name": "Root",
        "decl": {
          "start": { "line": 17, "column": 16 },
          "end": { "line": 17, "column": 23 }
        },
        "loc": {
          "start": { "line": 17, "column": 23 },
          "end": { "line": 69, "column": null }
        },
        "line": 17
      },
      "1": {
        "name": "(anonymous_1)",
        "decl": {
          "start": { "line": 18, "column": 34 },
          "end": { "line": 18, "column": 35 }
        },
        "loc": {
          "start": { "line": 18, "column": 41 },
          "end": { "line": 18, "column": 53 }
        },
        "line": 18
      },
      "2": {
        "name": "(anonymous_2)",
        "decl": {
          "start": { "line": 20, "column": 12 },
          "end": { "line": 20, "column": 18 }
        },
        "loc": {
          "start": { "line": 20, "column": 18 },
          "end": { "line": 22, "column": 5 }
        },
        "line": 20
      },
      "3": {
        "name": "(anonymous_3)",
        "decl": {
          "start": { "line": 36, "column": 21 },
          "end": { "line": 36, "column": 27 }
        },
        "loc": {
          "start": { "line": 36, "column": 27 },
          "end": { "line": 36, "column": null }
        },
        "line": 36
      }
    },
    "branchMap": {},
    "s": { "0": 0, "1": 0, "2": 0, "3": 0, "4": 0, "5": 0 },
    "f": { "0": 0, "1": 0, "2": 0, "3": 0 },
    "b": {},
    "meta": {
      "lastBranch": 0,
      "lastFunction": 4,
      "lastStatement": 6,
      "seen": {
        "f:17:16:17:23": 0,
        "s:18:8:18:Infinity": 0,
        "f:18:34:18:35": 1,
        "s:18:41:18:53": 1,
        "s:20:2:22:Infinity": 2,
        "f:20:12:20:18": 2,
        "s:21:4:21:Infinity": 3,
        "s:24:2:67:Infinity": 4,
        "f:36:21:36:27": 3,
        "s:36:27:36:Infinity": 5
      }
    }
  },
  "/home/neil/Projects/supabase.app/src/app/components/ActionBanner.tsx": {
    "path": "/home/neil/Projects/supabase.app/src/app/components/ActionBanner.tsx",
    "statementMap": {
      "0": {
        "start": { "line": 10, "column": 23 },
        "end": { "line": 10, "column": null }
      },
      "1": {
        "start": { "line": 11, "column": 30 },
        "end": { "line": 11, "column": null }
      },
      "2": {
        "start": { "line": 13, "column": 2 },
        "end": { "line": 18, "column": null }
      },
      "3": {
        "start": { "line": 14, "column": 4 },
        "end": { "line": 14, "column": null }
      },
      "4": {
        "start": { "line": 14, "column": 54 },
        "end": { "line": 14, "column": null }
      },
      "5": {
        "start": { "line": 16, "column": 18 },
        "end": { "line": 16, "column": null }
      },
      "6": {
        "start": { "line": 17, "column": 4 },
        "end": { "line": 17, "column": null }
      },
      "7": {
        "start": { "line": 17, "column": 17 },
        "end": { "line": 17, "column": null }
      },
      "8": {
        "start": { "line": 20, "column": 2 },
        "end": { "line": 20, "column": null }
      },
      "9": {
        "start": { "line": 20, "column": 15 },
        "end": { "line": 20, "column": null }
      },
      "10": {
        "start": { "line": 22, "column": 18 },
        "end": { "line": 22, "column": null }
      },
      "11": {
        "start": { "line": 24, "column": 24 },
        "end": { "line": 43, "column": null }
      },
      "12": {
        "start": { "line": 46, "column": 4 },
        "end": { "line": 47, "column": null }
      },
      "13": {
        "start": { "line": 49, "column": 2 },
        "end": { "line": 92, "column": null }
      },
      "14": {
        "start": { "line": 59, "column": 26 },
        "end": { "line": 59, "column": null }
      },
      "15": {
        "start": { "line": 60, "column": 26 },
        "end": { "line": 60, "column": null }
      },
      "16": {
        "start": { "line": 61, "column": 21 },
        "end": { "line": 61, "column": null }
      },
      "17": {
        "start": { "line": 62, "column": 20 },
        "end": { "line": 62, "column": null }
      }
    },
    "fnMap": {
      "0": {
        "name": "ActionBanner",
        "decl": {
          "start": { "line": 9, "column": 16 },
          "end": { "line": 9, "column": 31 }
        },
        "loc": {
          "start": { "line": 9, "column": 31 },
          "end": { "line": 93, "column": null }
        },
        "line": 9
      },
      "1": {
        "name": "(anonymous_1)",
        "decl": {
          "start": { "line": 13, "column": 12 },
          "end": { "line": 13, "column": 18 }
        },
        "loc": {
          "start": { "line": 13, "column": 18 },
          "end": { "line": 18, "column": 5 }
        },
        "line": 13
      },
      "2": {
        "name": "(anonymous_2)",
        "decl": {
          "start": { "line": 17, "column": 11 },
          "end": { "line": 17, "column": 17 }
        },
        "loc": {
          "start": { "line": 17, "column": 17 },
          "end": { "line": 17, "column": null }
        },
        "line": 17
      },
      "3": {
        "name": "(anonymous_3)",
        "decl": {
          "start": { "line": 59, "column": 20 },
          "end": { "line": 59, "column": 26 }
        },
        "loc": {
          "start": { "line": 59, "column": 26 },
          "end": { "line": 59, "column": null }
        },
        "line": 59
      },
      "4": {
        "name": "(anonymous_4)",
        "decl": {
          "start": { "line": 60, "column": 20 },
          "end": { "line": 60, "column": 26 }
        },
        "loc": {
          "start": { "line": 60, "column": 26 },
          "end": { "line": 60, "column": null }
        },
        "line": 60
      },
      "5": {
        "name": "(anonymous_5)",
        "decl": {
          "start": { "line": 61, "column": 15 },
          "end": { "line": 61, "column": 21 }
        },
        "loc": {
          "start": { "line": 61, "column": 21 },
          "end": { "line": 61, "column": null }
        },
        "line": 61
      },
      "6": {
        "name": "(anonymous_6)",
        "decl": {
          "start": { "line": 62, "column": 14 },
          "end": { "line": 62, "column": 20 }
        },
        "loc": {
          "start": { "line": 62, "column": 20 },
          "end": { "line": 62, "column": null }
        },
        "line": 62
      }
    },
    "branchMap": {
      "0": {
        "loc": {
          "start": { "line": 14, "column": 4 },
          "end": { "line": 14, "column": null }
        },
        "type": "if",
        "locations": [
          {
            "start": { "line": 14, "column": 4 },
            "end": { "line": 14, "column": null }
          },
          { "start": {}, "end": {} }
        ],
        "line": 14
      },
      "1": {
        "loc": {
          "start": { "line": 14, "column": 8 },
          "end": { "line": 14, "column": 54 }
        },
        "type": "binary-expr",
        "locations": [
          {
            "start": { "line": 14, "column": 8 },
            "end": { "line": 14, "column": 19 }
          },
          {
            "start": { "line": 14, "column": 19 },
            "end": { "line": 14, "column": 44 }
          },
          {
            "start": { "line": 14, "column": 44 },
            "end": { "line": 14, "column": 54 }
          }
        ],
        "line": 14
      },
      "2": {
        "loc": {
          "start": { "line": 16, "column": 35 },
          "end": { "line": 16, "column": 58 }
        },
        "type": "binary-expr",
        "locations": [
          {
            "start": { "line": 16, "column": 35 },
            "end": { "line": 16, "column": 54 }
          },
          {
            "start": { "line": 16, "column": 54 },
            "end": { "line": 16, "column": 58 }
          }
        ],
        "line": 16
      },
      "3": {
        "loc": {
          "start": { "line": 20, "column": 2 },
          "end": { "line": 20, "column": null }
        },
        "type": "if",
        "locations": [
          {
            "start": { "line": 20, "column": 2 },
            "end": { "line": 20, "column": null }
          },
          { "start": {}, "end": {} }
        ],
        "line": 20
      },
      "4": {
        "loc": {
          "start": { "line": 22, "column": 18 },
          "end": { "line": 22, "column": null }
        },
        "type": "binary-expr",
        "locations": [
          {
            "start": { "line": 22, "column": 18 },
            "end": { "line": 22, "column": 36 }
          },
          {
            "start": { "line": 22, "column": 36 },
            "end": { "line": 22, "column": null }
          }
        ],
        "line": 22
      },
      "5": {
        "loc": {
          "start": { "line": 46, "column": 4 },
          "end": { "line": 47, "column": null }
        },
        "type": "binary-expr",
        "locations": [
          {
            "start": { "line": 46, "column": 4 },
            "end": { "line": 46, "column": null }
          },
          {
            "start": { "line": 47, "column": 4 },
            "end": { "line": 47, "column": null }
          }
        ],
        "line": 46
      },
      "6": {
        "loc": {
          "start": { "line": 51, "column": 12 },
          "end": { "line": 51, "column": null }
        },
        "type": "cond-expr",
        "locations": [
          {
            "start": { "line": 51, "column": 34 },
            "end": { "line": 51, "column": 44 }
          },
          {
            "start": { "line": 51, "column": 44 },
            "end": { "line": 51, "column": null }
          }
        ],
        "line": 51
      },
      "7": {
        "loc": {
          "start": { "line": 52, "column": 17 },
          "end": { "line": 52, "column": null }
        },
        "type": "cond-expr",
        "locations": [
          {
            "start": { "line": 52, "column": 39 },
            "end": { "line": 52, "column": 53 }
          },
          {
            "start": { "line": 52, "column": 53 },
            "end": { "line": 52, "column": null }
          }
        ],
        "line": 52
      }
    },
    "s": {
      "0": 76,
      "1": 76,
      "2": 76,
      "3": 74,
      "4": 40,
      "5": 34,
      "6": 74,
      "7": 34,
      "8": 76,
      "9": 42,
      "10": 34,
      "11": 76,
      "12": 76,
      "13": 76,
      "14": 0,
      "15": 0,
      "16": 0,
      "17": 0
    },
    "f": { "0": 76, "1": 74, "2": 34, "3": 0, "4": 0, "5": 0, "6": 0 },
    "b": {
      "0": [40, 34],
      "1": [74, 34, 34],
      "2": [34, 0],
      "3": [42, 34],
      "4": [34, 0],
      "5": [76, 0],
      "6": [12, 22],
      "7": [12, 22]
    },
    "meta": {
      "lastBranch": 8,
      "lastFunction": 7,
      "lastStatement": 18,
      "seen": {
        "f:9:16:9:31": 0,
        "s:10:23:10:Infinity": 0,
        "s:11:30:11:Infinity": 1,
        "s:13:2:18:Infinity": 2,
        "f:13:12:13:18": 1,
        "b:14:4:14:Infinity:undefined:undefined:undefined:undefined": 0,
        "s:14:4:14:Infinity": 3,
        "b:14:8:14:19:14:19:14:44:14:44:14:54": 1,
        "s:14:54:14:Infinity": 4,
        "s:16:18:16:Infinity": 5,
        "b:16:35:16:54:16:54:16:58": 2,
        "s:17:4:17:Infinity": 6,
        "f:17:11:17:17": 2,
        "s:17:17:17:Infinity": 7,
        "b:20:2:20:Infinity:undefined:undefined:undefined:undefined": 3,
        "s:20:2:20:Infinity": 8,
        "s:20:15:20:Infinity": 9,
        "s:22:18:22:Infinity": 10,
        "b:22:18:22:36:22:36:22:Infinity": 4,
        "s:24:24:43:Infinity": 11,
        "s:46:4:47:Infinity": 12,
        "b:46:4:46:Infinity:47:4:47:Infinity": 5,
        "s:49:2:92:Infinity": 13,
        "b:51:34:51:44:51:44:51:Infinity": 6,
        "b:52:39:52:53:52:53:52:Infinity": 7,
        "f:59:20:59:26": 3,
        "s:59:26:59:Infinity": 14,
        "f:60:20:60:26": 4,
        "s:60:26:60:Infinity": 15,
        "f:61:15:61:21": 5,
        "s:61:21:61:Infinity": 16,
        "f:62:14:62:20": 6,
        "s:62:20:62:Infinity": 17
      }
    }
  },
  "/home/neil/Projects/supabase.app/src/app/components/ColorThemeSelector.tsx": {
    "path": "/home/neil/Projects/supabase.app/src/app/components/ColorThemeSelector.tsx",
    "statementMap": {
      "0": {
        "start": { "line": 17, "column": 20 },
        "end": { "line": 17, "column": null }
      },
      "1": {
        "start": { "line": 20, "column": 34 },
        "end": { "line": 23, "column": null }
      },
      "2": {
        "start": { "line": 21, "column": 18 },
        "end": { "line": 21, "column": null }
      },
      "3": {
        "start": { "line": 22, "column": 4 },
        "end": { "line": 22, "column": null }
      },
      "4": {
        "start": { "line": 26, "column": 2 },
        "end": { "line": 29, "column": null }
      },
      "5": {
        "start": { "line": 27, "column": 4 },
        "end": { "line": 27, "column": null }
      },
      "6": {
        "start": { "line": 28, "column": 4 },
        "end": { "line": 28, "column": null }
      },
      "7": {
        "start": { "line": 31, "column": 2 },
        "end": { "line": 94, "column": null }
      },
      "8": {
        "start": { "line": 67, "column": 24 },
        "end": { "line": 67, "column": null }
      },
      "9": {
        "start": { "line": 68, "column": 27 },
        "end": { "line": 68, "column": null }
      },
      "10": {
        "start": { "line": 70, "column": 10 },
        "end": { "line": 90, "column": null }
      },
      "11": {
        "start": { "line": 73, "column": 29 },
        "end": { "line": 73, "column": null }
      }
    },
    "fnMap": {
      "0": {
        "name": "ColorThemeSelector",
        "decl": {
          "start": { "line": 19, "column": 16 },
          "end": { "line": 19, "column": 37 }
        },
        "loc": {
          "start": { "line": 19, "column": 37 },
          "end": { "line": 96, "column": null }
        },
        "line": 19
      },
      "1": {
        "name": "(anonymous_1)",
        "decl": {
          "start": { "line": 20, "column": 59 },
          "end": { "line": 20, "column": 65 }
        },
        "loc": {
          "start": { "line": 20, "column": 65 },
          "end": { "line": 23, "column": 3 }
        },
        "line": 20
      },
      "2": {
        "name": "(anonymous_2)",
        "decl": {
          "start": { "line": 26, "column": 12 },
          "end": { "line": 26, "column": 18 }
        },
        "loc": {
          "start": { "line": 26, "column": 18 },
          "end": { "line": 29, "column": 5 }
        },
        "line": 26
      },
      "3": {
        "name": "(anonymous_3)",
        "decl": {
          "start": { "line": 66, "column": 56 },
          "end": { "line": 66, "column": 57 }
        },
        "loc": {
          "start": { "line": 66, "column": 65 },
          "end": { "line": 92, "column": 9 }
        },
        "line": 66
      },
      "4": {
        "name": "(anonymous_4)",
        "decl": {
          "start": { "line": 73, "column": 23 },
          "end": { "line": 73, "column": 29 }
        },
        "loc": {
          "start": { "line": 73, "column": 29 },
          "end": { "line": 73, "column": null }
        },
        "line": 73
      }
    },
    "branchMap": {
      "0": {
        "loc": {
          "start": { "line": 22, "column": 11 },
          "end": { "line": 22, "column": null }
        },
        "type": "cond-expr",
        "locations": [
          {
            "start": { "line": 22, "column": 41 },
            "end": { "line": 22, "column": 49 }
          },
          {
            "start": { "line": 22, "column": 49 },
            "end": { "line": 22, "column": null }
          }
        ],
        "line": 22
      },
      "1": {
        "loc": {
          "start": { "line": 22, "column": 11 },
          "end": { "line": 22, "column": 41 }
        },
        "type": "binary-expr",
        "locations": [
          {
            "start": { "line": 22, "column": 11 },
            "end": { "line": 22, "column": 20 }
          },
          {
            "start": { "line": 22, "column": 20 },
            "end": { "line": 22, "column": 41 }
          }
        ],
        "line": 22
      },
      "2": {
        "loc": {
          "start": { "line": 76, "column": 16 },
          "end": { "line": 76, "column": null }
        },
        "type": "binary-expr",
        "locations": [
          {
            "start": { "line": 76, "column": 16 },
            "end": { "line": 76, "column": 28 }
          },
          {
            "start": { "line": 76, "column": 28 },
            "end": { "line": 76, "column": null }
          }
        ],
        "line": 76
      },
      "3": {
        "loc": {
          "start": { "line": 85, "column": 15 },
          "end": { "line": 88, "column": null }
        },
        "type": "binary-expr",
        "locations": [
          {
            "start": { "line": 85, "column": 15 },
            "end": { "line": 85, "column": null }
          },
          {
            "start": { "line": 86, "column": 16 },
            "end": { "line": 88, "column": null }
          }
        ],
        "line": 85
      }
    },
    "s": {
      "0": 15,
      "1": 61,
      "2": 61,
      "3": 61,
      "4": 61,
      "5": 59,
      "6": 59,
      "7": 61,
      "8": 427,
      "9": 427,
      "10": 427,
      "11": 0
    },
    "f": { "0": 61, "1": 61, "2": 59, "3": 427, "4": 0 },
    "b": { "0": [50, 11], "1": [61, 50], "2": [427, 61], "3": [427, 61] },
    "meta": {
      "lastBranch": 4,
      "lastFunction": 5,
      "lastStatement": 12,
      "seen": {
        "s:17:20:17:Infinity": 0,
        "f:19:16:19:37": 0,
        "s:20:34:23:Infinity": 1,
        "f:20:59:20:65": 1,
        "s:21:18:21:Infinity": 2,
        "s:22:4:22:Infinity": 3,
        "b:22:41:22:49:22:49:22:Infinity": 0,
        "b:22:11:22:20:22:20:22:41": 1,
        "s:26:2:29:Infinity": 4,
        "f:26:12:26:18": 2,
        "s:27:4:27:Infinity": 5,
        "s:28:4:28:Infinity": 6,
        "s:31:2:94:Infinity": 7,
        "f:66:56:66:57": 3,
        "s:67:24:67:Infinity": 8,
        "s:68:27:68:Infinity": 9,
        "s:70:10:90:Infinity": 10,
        "f:73:23:73:29": 4,
        "s:73:29:73:Infinity": 11,
        "b:76:16:76:28:76:28:76:Infinity": 2,
        "b:85:15:85:Infinity:86:16:88:Infinity": 3
      }
    }
  },
  "/home/neil/Projects/supabase.app/src/app/components/EmptyLists.tsx": {
    "path": "/home/neil/Projects/supabase.app/src/app/components/EmptyLists.tsx",
    "statementMap": {
      "0": {
        "start": { "line": 11, "column": 2 },
        "end": { "line": 26, "column": null }
      }
    },
    "fnMap": {
      "0": {
        "name": "EmptyLists",
        "decl": {
          "start": { "line": 10, "column": 24 },
          "end": { "line": 10, "column": 35 }
        },
        "loc": {
          "start": { "line": 10, "column": 67 },
          "end": { "line": 28, "column": null }
        },
        "line": 10
      }
    },
    "branchMap": {},
    "s": { "0": 0 },
    "f": { "0": 0 },
    "b": {},
    "meta": {
      "lastBranch": 0,
      "lastFunction": 1,
      "lastStatement": 1,
      "seen": { "f:10:24:10:35": 0, "s:11:2:26:Infinity": 0 }
    }
  },
  "/home/neil/Projects/supabase.app/src/app/components/FabButton.tsx": {
    "path": "/home/neil/Projects/supabase.app/src/app/components/FabButton.tsx",
    "statementMap": {
      "0": {
        "start": { "line": 28, "column": 2 },
        "end": { "line": 50, "column": null }
      }
    },
    "fnMap": {
      "0": {
        "name": "FabButton",
        "decl": {
          "start": { "line": 20, "column": 16 },
          "end": { "line": 20, "column": 26 }
        },
        "loc": {
          "start": { "line": 27, "column": 19 },
          "end": { "line": 52, "column": null }
        },
        "line": 27
      }
    },
    "branchMap": {
      "0": {
        "loc": {
          "start": { "line": 25, "column": 2 },
          "end": { "line": 25, "column": null }
        },
        "type": "default-arg",
        "locations": [
          {
            "start": { "line": 25, "column": 10 },
            "end": { "line": 25, "column": null }
          }
        ],
        "line": 25
      },
      "1": {
        "loc": {
          "start": { "line": 41, "column": 8 },
          "end": { "line": 41, "column": null }
        },
        "type": "binary-expr",
        "locations": [
          {
            "start": { "line": 41, "column": 8 },
            "end": { "line": 41, "column": 17 }
          },
          {
            "start": { "line": 41, "column": 17 },
            "end": { "line": 41, "column": null }
          }
        ],
        "line": 41
      }
    },
    "s": { "0": 60 },
    "f": { "0": 60 },
    "b": { "0": [60], "1": [60, 4] },
    "meta": {
      "lastBranch": 2,
      "lastFunction": 1,
      "lastStatement": 1,
      "seen": {
        "f:20:16:20:26": 0,
        "b:25:10:25:Infinity": 0,
        "s:28:2:50:Infinity": 0,
        "b:41:8:41:17:41:17:41:Infinity": 1
      }
    }
  },
  "/home/neil/Projects/supabase.app/src/app/components/GlobalIsFetchingIndicator.tsx": {
    "path": "/home/neil/Projects/supabase.app/src/app/components/GlobalIsFetchingIndicator.tsx",
    "statementMap": {
      "0": {
        "start": { "line": 8, "column": 8 },
        "end": { "line": 8, "column": null }
      },
      "1": {
        "start": { "line": 9, "column": 8 },
        "end": { "line": 9, "column": null }
      },
      "2": {
        "start": { "line": 11, "column": 24 },
        "end": { "line": 11, "column": null }
      },
      "3": {
        "start": { "line": 13, "column": 2 },
        "end": { "line": 13, "column": null }
      },
      "4": {
        "start": { "line": 13, "column": 22 },
        "end": { "line": 13, "column": null }
      },
      "5": {
        "start": { "line": 15, "column": 2 },
        "end": { "line": 25, "column": null }
      }
    },
    "fnMap": {
      "0": {
        "name": "GlobalFetchingIndicator",
        "decl": {
          "start": { "line": 7, "column": 16 },
          "end": { "line": 7, "column": 42 }
        },
        "loc": {
          "start": { "line": 7, "column": 42 },
          "end": { "line": 27, "column": null }
        },
        "line": 7
      }
    },
    "branchMap": {
      "0": {
        "loc": {
          "start": { "line": 13, "column": 2 },
          "end": { "line": 13, "column": null }
        },
        "type": "if",
        "locations": [
          {
            "start": { "line": 13, "column": 2 },
            "end": { "line": 13, "column": null }
          },
          { "start": {}, "end": {} }
        ],
        "line": 13
      }
    },
    "s": { "0": 74, "1": 74, "2": 74, "3": 74, "4": 69, "5": 5 },
    "f": { "0": 74 },
    "b": { "0": [69, 5] },
    "meta": {
      "lastBranch": 1,
      "lastFunction": 1,
      "lastStatement": 6,
      "seen": {
        "f:7:16:7:42": 0,
        "s:8:8:8:Infinity": 0,
        "s:9:8:9:Infinity": 1,
        "s:11:24:11:Infinity": 2,
        "b:13:2:13:Infinity:undefined:undefined:undefined:undefined": 0,
        "s:13:2:13:Infinity": 3,
        "s:13:22:13:Infinity": 4,
        "s:15:2:25:Infinity": 5
      }
    }
  },
  "/home/neil/Projects/supabase.app/src/app/components/InstallPWA.tsx": {
    "path": "/home/neil/Projects/supabase.app/src/app/components/InstallPWA.tsx",
    "statementMap": {
      "0": {
        "start": { "line": 12, "column": 42 },
        "end": { "line": 12, "column": null }
      },
      "1": {
        "start": { "line": 13, "column": 40 },
        "end": { "line": 13, "column": null }
      },
      "2": {
        "start": { "line": 15, "column": 2 },
        "end": { "line": 33, "column": null }
      },
      "3": {
        "start": { "line": 16, "column": 38 },
        "end": { "line": 21, "column": null }
      },
      "4": {
        "start": { "line": 17, "column": 26 },
        "end": { "line": 17, "column": null }
      },
      "5": {
        "start": { "line": 18, "column": 6 },
        "end": { "line": 18, "column": null }
      },
      "6": {
        "start": { "line": 19, "column": 6 },
        "end": { "line": 19, "column": null }
      },
      "7": {
        "start": { "line": 20, "column": 6 },
        "end": { "line": 20, "column": null }
      },
      "8": {
        "start": { "line": 23, "column": 4 },
        "end": { "line": 23, "column": null }
      },
      "9": {
        "start": { "line": 26, "column": 4 },
        "end": { "line": 28, "column": null }
      },
      "10": {
        "start": { "line": 27, "column": 6 },
        "end": { "line": 27, "column": null }
      },
      "11": {
        "start": { "line": 30, "column": 4 },
        "end": { "line": 32, "column": null }
      },
      "12": {
        "start": { "line": 31, "column": 6 },
        "end": { "line": 31, "column": null }
      },
      "13": {
        "start": { "line": 35, "column": 29 },
        "end": { "line": 47, "column": null }
      },
      "14": {
        "start": { "line": 36, "column": 4 },
        "end": { "line": 36, "column": null }
      },
      "15": {
        "start": { "line": 36, "column": 25 },
        "end": { "line": 36, "column": null }
      },
      "16": {
        "start": { "line": 38, "column": 4 },
        "end": { "line": 38, "column": null }
      },
      "17": {
        "start": { "line": 40, "column": 24 },
        "end": { "line": 40, "column": null }
      },
      "18": {
        "start": { "line": 42, "column": 4 },
        "end": { "line": 44, "column": null }
      },
      "19": {
        "start": { "line": 43, "column": 6 },
        "end": { "line": 43, "column": null }
      },
      "20": {
        "start": { "line": 46, "column": 4 },
        "end": { "line": 46, "column": null }
      },
      "21": {
        "start": { "line": 49, "column": 2 },
        "end": { "line": 49, "column": null }
      },
      "22": {
        "start": { "line": 49, "column": 22 },
        "end": { "line": 49, "column": null }
      },
      "23": {
        "start": { "line": 51, "column": 2 },
        "end": { "line": 61, "column": null }
      }
    },
    "fnMap": {
      "0": {
        "name": "InstallPWA",
        "decl": {
          "start": { "line": 11, "column": 16 },
          "end": { "line": 11, "column": 29 }
        },
        "loc": {
          "start": { "line": 11, "column": 29 },
          "end": { "line": 63, "column": null }
        },
        "line": 11
      },
      "1": {
        "name": "(anonymous_1)",
        "decl": {
          "start": { "line": 15, "column": 12 },
          "end": { "line": 15, "column": 18 }
        },
        "loc": {
          "start": { "line": 15, "column": 18 },
          "end": { "line": 33, "column": 5 }
        },
        "line": 15
      },
      "2": {
        "name": "(anonymous_2)",
        "decl": {
          "start": { "line": 16, "column": 38 },
          "end": { "line": 16, "column": 39 }
        },
        "loc": {
          "start": { "line": 16, "column": 52 },
          "end": { "line": 21, "column": null }
        },
        "line": 16
      },
      "3": {
        "name": "(anonymous_3)",
        "decl": {
          "start": { "line": 30, "column": 11 },
          "end": { "line": 30, "column": 17 }
        },
        "loc": {
          "start": { "line": 30, "column": 17 },
          "end": { "line": 32, "column": null }
        },
        "line": 30
      },
      "4": {
        "name": "(anonymous_4)",
        "decl": {
          "start": { "line": 35, "column": 29 },
          "end": { "line": 35, "column": 41 }
        },
        "loc": {
          "start": { "line": 35, "column": 41 },
          "end": { "line": 47, "column": null }
        },
        "line": 35
      }
    },
    "branchMap": {
      "0": {
        "loc": {
          "start": { "line": 26, "column": 4 },
          "end": { "line": 28, "column": null }
        },
        "type": "if",
        "locations": [
          {
            "start": { "line": 26, "column": 4 },
            "end": { "line": 28, "column": null }
          },
          { "start": {}, "end": {} }
        ],
        "line": 26
      },
      "1": {
        "loc": {
          "start": { "line": 36, "column": 4 },
          "end": { "line": 36, "column": null }
        },
        "type": "if",
        "locations": [
          {
            "start": { "line": 36, "column": 4 },
            "end": { "line": 36, "column": null }
          },
          { "start": {}, "end": {} }
        ],
        "line": 36
      },
      "2": {
        "loc": {
          "start": { "line": 42, "column": 4 },
          "end": { "line": 44, "column": null }
        },
        "type": "if",
        "locations": [
          {
            "start": { "line": 42, "column": 4 },
            "end": { "line": 44, "column": null }
          },
          { "start": {}, "end": {} }
        ],
        "line": 42
      },
      "3": {
        "loc": {
          "start": { "line": 49, "column": 2 },
          "end": { "line": 49, "column": null }
        },
        "type": "if",
        "locations": [
          {
            "start": { "line": 49, "column": 2 },
            "end": { "line": 49, "column": null }
          },
          { "start": {}, "end": {} }
        ],
        "line": 49
      }
    },
    "s": {
      "0": 43,
      "1": 43,
      "2": 43,
      "3": 10,
      "4": 0,
      "5": 0,
      "6": 0,
      "7": 0,
      "8": 10,
      "9": 10,
      "10": 0,
      "11": 10,
      "12": 10,
      "13": 43,
      "14": 0,
      "15": 0,
      "16": 0,
      "17": 0,
      "18": 0,
      "19": 0,
      "20": 0,
      "21": 43,
      "22": 43,
      "23": 0
    },
    "f": { "0": 43, "1": 10, "2": 0, "3": 10, "4": 0 },
    "b": { "0": [0, 10], "1": [0, 0], "2": [0, 0], "3": [43, 0] },
    "meta": {
      "lastBranch": 4,
      "lastFunction": 5,
      "lastStatement": 24,
      "seen": {
        "f:11:16:11:29": 0,
        "s:12:42:12:Infinity": 0,
        "s:13:40:13:Infinity": 1,
        "s:15:2:33:Infinity": 2,
        "f:15:12:15:18": 1,
        "s:16:38:21:Infinity": 3,
        "f:16:38:16:39": 2,
        "s:17:26:17:Infinity": 4,
        "s:18:6:18:Infinity": 5,
        "s:19:6:19:Infinity": 6,
        "s:20:6:20:Infinity": 7,
        "s:23:4:23:Infinity": 8,
        "b:26:4:28:Infinity:undefined:undefined:undefined:undefined": 0,
        "s:26:4:28:Infinity": 9,
        "s:27:6:27:Infinity": 10,
        "s:30:4:32:Infinity": 11,
        "f:30:11:30:17": 3,
        "s:31:6:31:Infinity": 12,
        "s:35:29:47:Infinity": 13,
        "f:35:29:35:41": 4,
        "b:36:4:36:Infinity:undefined:undefined:undefined:undefined": 1,
        "s:36:4:36:Infinity": 14,
        "s:36:25:36:Infinity": 15,
        "s:38:4:38:Infinity": 16,
        "s:40:24:40:Infinity": 17,
        "b:42:4:44:Infinity:undefined:undefined:undefined:undefined": 2,
        "s:42:4:44:Infinity": 18,
        "s:43:6:43:Infinity": 19,
        "s:46:4:46:Infinity": 20,
        "b:49:2:49:Infinity:undefined:undefined:undefined:undefined": 3,
        "s:49:2:49:Infinity": 21,
        "s:49:22:49:Infinity": 22,
        "s:51:2:61:Infinity": 23
      }
    }
  },
  "/home/neil/Projects/supabase.app/src/app/components/Logo.tsx": {
    "path": "/home/neil/Projects/supabase.app/src/app/components/Logo.tsx",
    "statementMap": {
      "0": {
        "start": { "line": 4, "column": 2 },
        "end": { "line": 29, "column": null }
      }
    },
    "fnMap": {
      "0": {
        "name": "Logo",
        "decl": {
          "start": { "line": 3, "column": 16 },
          "end": { "line": 3, "column": 23 }
        },
        "loc": {
          "start": { "line": 3, "column": 23 },
          "end": { "line": 31, "column": null }
        },
        "line": 3
      }
    },
    "branchMap": {},
    "s": { "0": 46 },
    "f": { "0": 46 },
    "b": {},
    "meta": {
      "lastBranch": 0,
      "lastFunction": 1,
      "lastStatement": 1,
      "seen": { "f:3:16:3:23": 0, "s:4:2:29:Infinity": 0 }
    }
  },
  "/home/neil/Projects/supabase.app/src/app/components/PersistedQueryClientProvider.tsx": {
    "path": "/home/neil/Projects/supabase.app/src/app/components/PersistedQueryClientProvider.tsx",
    "statementMap": {
      "0": {
        "start": { "line": 9, "column": 6 },
        "end": { "line": 9, "column": null }
      },
      "1": {
        "start": { "line": 12, "column": 2 },
        "end": { "line": 23, "column": null }
      },
      "2": {
        "start": { "line": 19, "column": 8 },
        "end": { "line": 19, "column": null }
      }
    },
    "fnMap": {
      "0": {
        "name": "PersistedQueryClientProvider",
        "decl": {
          "start": { "line": 11, "column": 16 },
          "end": { "line": 11, "column": 45 }
        },
        "loc": {
          "start": { "line": 11, "column": 78 },
          "end": { "line": 25, "column": null }
        },
        "line": 11
      },
      "1": {
        "name": "(anonymous_1)",
        "decl": {
          "start": { "line": 18, "column": 17 },
          "end": { "line": 18, "column": 23 }
        },
        "loc": {
          "start": { "line": 18, "column": 23 },
          "end": { "line": 20, "column": null }
        },
        "line": 18
      }
    },
    "branchMap": {},
    "s": { "0": 0, "1": 0, "2": 0 },
    "f": { "0": 0, "1": 0 },
    "b": {},
    "meta": {
      "lastBranch": 0,
      "lastFunction": 2,
      "lastStatement": 3,
      "seen": {
        "s:9:6:9:Infinity": 0,
        "f:11:16:11:45": 0,
        "s:12:2:23:Infinity": 1,
        "f:18:17:18:23": 1,
        "s:19:8:19:Infinity": 2
      }
    }
  },
  "/home/neil/Projects/supabase.app/src/app/components/ProfileIcon.tsx": {
    "path": "/home/neil/Projects/supabase.app/src/app/components/ProfileIcon.tsx",
    "statementMap": {
      "0": {
        "start": { "line": 7, "column": 2 },
        "end": { "line": 31, "column": null }
      }
    },
    "fnMap": {
      "0": {
        "name": "ProfileIcon",
        "decl": {
          "start": { "line": 6, "column": 9 },
          "end": { "line": 6, "column": 23 }
        },
        "loc": {
          "start": { "line": 6, "column": 23 },
          "end": { "line": 33, "column": null }
        },
        "line": 6
      }
    },
    "branchMap": {},
    "s": { "0": 61 },
    "f": { "0": 61 },
    "b": {},
    "meta": {
      "lastBranch": 0,
      "lastFunction": 1,
      "lastStatement": 1,
      "seen": { "f:6:9:6:23": 0, "s:7:2:31:Infinity": 0 }
    }
  },
  "/home/neil/Projects/supabase.app/src/app/components/RealtimeListeners.tsx": {
    "path": "/home/neil/Projects/supabase.app/src/app/components/RealtimeListeners.tsx",
    "statementMap": {
      "0": {
        "start": { "line": 7, "column": 23 },
        "end": { "line": 7, "column": null }
      },
      "1": {
        "start": { "line": 9, "column": 18 },
        "end": { "line": 9, "column": null }
      },
      "2": {
        "start": { "line": 11, "column": 2 },
        "end": { "line": 15, "column": null }
      },
      "3": {
        "start": { "line": 17, "column": 2 },
        "end": { "line": 17, "column": null }
      }
    },
    "fnMap": {
      "0": {
        "name": "RealtimeListeners",
        "decl": {
          "start": { "line": 6, "column": 16 },
          "end": { "line": 6, "column": 36 }
        },
        "loc": {
          "start": { "line": 6, "column": 36 },
          "end": { "line": 18, "column": null }
        },
        "line": 6
      }
    },
    "branchMap": {},
    "s": { "0": 0, "1": 0, "2": 0, "3": 0 },
    "f": { "0": 0 },
    "b": {},
    "meta": {
      "lastBranch": 0,
      "lastFunction": 1,
      "lastStatement": 4,
      "seen": {
        "f:6:16:6:36": 0,
        "s:7:23:7:Infinity": 0,
        "s:9:18:9:Infinity": 1,
        "s:11:2:15:Infinity": 2,
        "s:17:2:17:Infinity": 3
      }
    }
  },
  "/home/neil/Projects/supabase.app/src/app/components/ThemeProvider.tsx": {
    "path": "/home/neil/Projects/supabase.app/src/app/components/ThemeProvider.tsx",
    "statementMap": {
      "0": {
        "start": { "line": 24, "column": 2 },
        "end": { "line": 33, "column": null }
      }
    },
    "fnMap": {
      "0": {
        "name": "ThemeProvider",
        "decl": {
          "start": { "line": 17, "column": 16 },
          "end": { "line": 17, "column": 30 }
        },
        "loc": {
          "start": { "line": 23, "column": 23 },
          "end": { "line": 35, "column": null }
        },
        "line": 23
      }
    },
    "branchMap": {
      "0": {
        "loc": {
          "start": { "line": 19, "column": 2 },
          "end": { "line": 19, "column": null }
        },
        "type": "default-arg",
        "locations": [
          {
            "start": { "line": 19, "column": 17 },
            "end": { "line": 19, "column": null }
          }
        ],
        "line": 19
      },
      "1": {
        "loc": {
          "start": { "line": 20, "column": 2 },
          "end": { "line": 20, "column": null }
        },
        "type": "default-arg",
        "locations": [
          {
            "start": { "line": 20, "column": 15 },
            "end": { "line": 20, "column": null }
          }
        ],
        "line": 20
      },
      "2": {
        "loc": {
          "start": { "line": 21, "column": 2 },
          "end": { "line": 21, "column": null }
        },
        "type": "default-arg",
        "locations": [
          {
            "start": { "line": 21, "column": 17 },
            "end": { "line": 21, "column": null }
          }
        ],
        "line": 21
      }
    },
    "s": { "0": 0 },
    "f": { "0": 0 },
    "b": { "0": [0], "1": [0], "2": [0] },
    "meta": {
      "lastBranch": 3,
      "lastFunction": 1,
      "lastStatement": 1,
      "seen": {
        "f:17:16:17:30": 0,
        "b:19:17:19:Infinity": 0,
        "b:20:15:20:Infinity": 1,
        "b:21:17:21:Infinity": 2,
        "s:24:2:33:Infinity": 0
      }
    }
  },
  "/home/neil/Projects/supabase.app/src/app/components/ThemeToggle.tsx": {
    "path": "/home/neil/Projects/supabase.app/src/app/components/ThemeToggle.tsx",
    "statementMap": {
      "0": {
        "start": { "line": 14, "column": 19 },
        "end": { "line": 14, "column": null }
      },
      "1": {
        "start": { "line": 16, "column": 2 },
        "end": { "line": 61, "column": null }
      },
      "2": {
        "start": { "line": 51, "column": 41 },
        "end": { "line": 51, "column": 60 }
      },
      "3": {
        "start": { "line": 54, "column": 41 },
        "end": { "line": 54, "column": 59 }
      },
      "4": {
        "start": { "line": 57, "column": 41 },
        "end": { "line": 57, "column": 61 }
      }
    },
    "fnMap": {
      "0": {
        "name": "ThemeToggle",
        "decl": {
          "start": { "line": 13, "column": 16 },
          "end": { "line": 13, "column": 30 }
        },
        "loc": {
          "start": { "line": 13, "column": 30 },
          "end": { "line": 63, "column": null }
        },
        "line": 13
      },
      "1": {
        "name": "(anonymous_1)",
        "decl": {
          "start": { "line": 51, "column": 35 },
          "end": { "line": 51, "column": 41 }
        },
        "loc": {
          "start": { "line": 51, "column": 41 },
          "end": { "line": 51, "column": 60 }
        },
        "line": 51
      },
      "2": {
        "name": "(anonymous_2)",
        "decl": {
          "start": { "line": 54, "column": 35 },
          "end": { "line": 54, "column": 41 }
        },
        "loc": {
          "start": { "line": 54, "column": 41 },
          "end": { "line": 54, "column": 59 }
        },
        "line": 54
      },
      "3": {
        "name": "(anonymous_3)",
        "decl": {
          "start": { "line": 57, "column": 35 },
          "end": { "line": 57, "column": 41 }
        },
        "loc": {
          "start": { "line": 57, "column": 41 },
          "end": { "line": 57, "column": 61 }
        },
        "line": 57
      }
    },
    "branchMap": {},
    "s": { "0": 61, "1": 61, "2": 0, "3": 0, "4": 0 },
    "f": { "0": 61, "1": 0, "2": 0, "3": 0 },
    "b": {},
    "meta": {
      "lastBranch": 0,
      "lastFunction": 4,
      "lastStatement": 5,
      "seen": {
        "f:13:16:13:30": 0,
        "s:14:19:14:Infinity": 0,
        "s:16:2:61:Infinity": 1,
        "f:51:35:51:41": 1,
        "s:51:41:51:60": 2,
        "f:54:35:54:41": 2,
        "s:54:41:54:59": 3,
        "f:57:35:57:41": 3,
        "s:57:41:57:61": 4
      }
    }
  },
  "/home/neil/Projects/supabase.app/src/app/routes/__root.tsx": {
    "path": "/home/neil/Projects/supabase.app/src/app/routes/__root.tsx",
    "statementMap": {
      "0": {
        "start": { "line": 6, "column": 13 },
        "end": { "line": 8, "column": null }
      },
      "1": {
        "start": { "line": 7, "column": 19 },
        "end": { "line": 7, "column": null }
      }
    },
    "fnMap": {
      "0": {
        "name": "(anonymous_0)",
        "decl": {
          "start": { "line": 7, "column": 13 },
          "end": { "line": 7, "column": 19 }
        },
        "loc": {
          "start": { "line": 7, "column": 19 },
          "end": { "line": 7, "column": null }
        },
        "line": 7
      }
    },
    "branchMap": {},
    "s": { "0": 15, "1": 90 },
    "f": { "0": 90 },
    "b": {},
    "meta": {
      "lastBranch": 0,
      "lastFunction": 1,
      "lastStatement": 2,
      "seen": {
        "s:6:13:8:Infinity": 0,
        "f:7:13:7:19": 0,
        "s:7:19:7:Infinity": 1
      }
    }
  },
  "/home/neil/Projects/supabase.app/src/app/routes/confirm-reset-password.tsx": {
    "path": "/home/neil/Projects/supabase.app/src/app/routes/confirm-reset-password.tsx",
    "statementMap": {
      "0": {
        "start": { "line": 26, "column": 21 },
        "end": { "line": 28, "column": null }
      },
      "1": {
        "start": { "line": 30, "column": 19 },
        "end": { "line": 40, "column": null }
      },
      "2": {
        "start": { "line": 37, "column": 20 },
        "end": { "line": 37, "column": 63 }
      },
      "3": {
        "start": { "line": 44, "column": 13 },
        "end": { "line": 48, "column": null }
      },
      "4": {
        "start": { "line": 51, "column": 17 },
        "end": { "line": 51, "column": null }
      },
      "5": {
        "start": { "line": 52, "column": 16 },
        "end": { "line": 52, "column": null }
      },
      "6": {
        "start": { "line": 54, "column": 19 },
        "end": { "line": 54, "column": null }
      },
      "7": {
        "start": { "line": 55, "column": 8 },
        "end": { "line": 55, "column": null }
      },
      "8": {
        "start": { "line": 57, "column": 28 },
        "end": { "line": 57, "column": null }
      },
      "9": {
        "start": { "line": 59, "column": 8 },
        "end": { "line": 66, "column": null }
      },
      "10": {
        "start": { "line": 68, "column": 2 },
        "end": { "line": 73, "column": null }
      },
      "11": {
        "start": { "line": 69, "column": 25 },
        "end": { "line": 71, "column": null }
      },
      "12": {
        "start": { "line": 70, "column": 6 },
        "end": { "line": 70, "column": null }
      },
      "13": {
        "start": { "line": 70, "column": 19 },
        "end": { "line": 70, "column": null }
      },
      "14": {
        "start": { "line": 72, "column": 4 },
        "end": { "line": 72, "column": null }
      },
      "15": {
        "start": { "line": 72, "column": 17 },
        "end": { "line": 72, "column": null }
      },
      "16": {
        "start": { "line": 75, "column": 8 },
        "end": { "line": 111, "column": null }
      },
      "17": {
        "start": { "line": 78, "column": 8 },
        "end": { "line": 78, "column": null }
      },
      "18": {
        "start": { "line": 82, "column": 8 },
        "end": { "line": 82, "column": null }
      },
      "19": {
        "start": { "line": 84, "column": 24 },
        "end": { "line": 88, "column": null }
      },
      "20": {
        "start": { "line": 85, "column": 10 },
        "end": { "line": 85, "column": null }
      },
      "21": {
        "start": { "line": 86, "column": 10 },
        "end": { "line": 86, "column": null }
      },
      "22": {
        "start": { "line": 87, "column": 10 },
        "end": { "line": 87, "column": null }
      },
      "23": {
        "start": { "line": 90, "column": 8 },
        "end": { "line": 90, "column": null }
      },
      "24": {
        "start": { "line": 90, "column": 21 },
        "end": { "line": 90, "column": null }
      },
      "25": {
        "start": { "line": 94, "column": 27 },
        "end": { "line": 94, "column": null }
      },
      "26": {
        "start": { "line": 96, "column": 8 },
        "end": { "line": 106, "column": null }
      },
      "27": {
        "start": { "line": 97, "column": 10 },
        "end": { "line": 97, "column": null }
      },
      "28": {
        "start": { "line": 98, "column": 8 },
        "end": { "line": 106, "column": null }
      },
      "29": {
        "start": { "line": 102, "column": 10 },
        "end": { "line": 103, "column": null }
      },
      "30": {
        "start": { "line": 104, "column": 8 },
        "end": { "line": 106, "column": null }
      },
      "31": {
        "start": { "line": 105, "column": 10 },
        "end": { "line": 105, "column": null }
      },
      "32": {
        "start": { "line": 108, "column": 8 },
        "end": { "line": 108, "column": null }
      },
      "33": {
        "start": { "line": 113, "column": 19 },
        "end": { "line": 125, "column": null }
      },
      "34": {
        "start": { "line": 114, "column": 4 },
        "end": { "line": 119, "column": null }
      },
      "35": {
        "start": { "line": 115, "column": 6 },
        "end": { "line": 117, "column": null }
      },
      "36": {
        "start": { "line": 118, "column": 6 },
        "end": { "line": 118, "column": null }
      },
      "37": {
        "start": { "line": 121, "column": 4 },
        "end": { "line": 124, "column": null }
      },
      "38": {
        "start": { "line": 127, "column": 2 },
        "end": { "line": 142, "column": null }
      },
      "39": {
        "start": { "line": 128, "column": 4 },
        "end": { "line": 140, "column": null }
      },
      "40": {
        "start": { "line": 144, "column": 2 },
        "end": { "line": 254, "column": null }
      },
      "41": {
        "start": { "line": 176, "column": 20 },
        "end": { "line": 188, "column": null }
      },
      "42": {
        "start": { "line": 196, "column": 20 },
        "end": { "line": 210, "column": null }
      },
      "43": {
        "start": { "line": 245, "column": 33 },
        "end": { "line": 245, "column": 60 }
      },
      "44": {
        "start": { "line": 256, "column": 1 },
        "end": { "line": 256, "column": null }
      }
    },
    "fnMap": {
      "0": {
        "name": "(anonymous_0)",
        "decl": {
          "start": { "line": 37, "column": 11 },
          "end": { "line": 37, "column": 20 }
        },
        "loc": {
          "start": { "line": 37, "column": 20 },
          "end": { "line": 37, "column": 63 }
        },
        "line": 37
      },
      "1": {
        "name": "ConfirmResetPasswordPage",
        "decl": {
          "start": { "line": 50, "column": 9 },
          "end": { "line": 50, "column": 36 }
        },
        "loc": {
          "start": { "line": 50, "column": 36 },
          "end": { "line": 256, "column": 1 }
        },
        "line": 50
      },
      "2": {
        "name": "(anonymous_2)",
        "decl": {
          "start": { "line": 68, "column": 12 },
          "end": { "line": 68, "column": 18 }
        },
        "loc": {
          "start": { "line": 68, "column": 18 },
          "end": { "line": 73, "column": 5 }
        },
        "line": 68
      },
      "3": {
        "name": "(anonymous_3)",
        "decl": {
          "start": { "line": 69, "column": 36 },
          "end": { "line": 69, "column": 42 }
        },
        "loc": {
          "start": { "line": 69, "column": 42 },
          "end": { "line": 71, "column": 5 }
        },
        "line": 69
      },
      "4": {
        "name": "(anonymous_4)",
        "decl": {
          "start": { "line": 72, "column": 11 },
          "end": { "line": 72, "column": 17 }
        },
        "loc": {
          "start": { "line": 72, "column": 17 },
          "end": { "line": 72, "column": null }
        },
        "line": 72
      },
      "5": {
        "name": "(anonymous_5)",
        "decl": {
          "start": { "line": 77, "column": 16 },
          "end": { "line": 77, "column": 22 }
        },
        "loc": {
          "start": { "line": 77, "column": 22 },
          "end": { "line": 79, "column": null }
        },
        "line": 77
      },
      "6": {
        "name": "(anonymous_6)",
        "decl": {
          "start": { "line": 81, "column": 17 },
          "end": { "line": 81, "column": 23 }
        },
        "loc": {
          "start": { "line": 81, "column": 23 },
          "end": { "line": 91, "column": null }
        },
        "line": 81
      },
      "7": {
        "name": "(anonymous_7)",
        "decl": {
          "start": { "line": 84, "column": 35 },
          "end": { "line": 84, "column": 41 }
        },
        "loc": {
          "start": { "line": 84, "column": 41 },
          "end": { "line": 88, "column": 11 }
        },
        "line": 84
      },
      "8": {
        "name": "(anonymous_8)",
        "decl": {
          "start": { "line": 90, "column": 15 },
          "end": { "line": 90, "column": 21 }
        },
        "loc": {
          "start": { "line": 90, "column": 21 },
          "end": { "line": 90, "column": null }
        },
        "line": 90
      },
      "9": {
        "name": "(anonymous_9)",
        "decl": {
          "start": { "line": 93, "column": 15 },
          "end": { "line": 93, "column": 16 }
        },
        "loc": {
          "start": { "line": 93, "column": 56 },
          "end": { "line": 109, "column": null }
        },
        "line": 93
      },
      "10": {
        "name": "(anonymous_10)",
        "decl": {
          "start": { "line": 113, "column": 19 },
          "end": { "line": 113, "column": 20 }
        },
        "loc": {
          "start": { "line": 113, "column": 43 },
          "end": { "line": 125, "column": null }
        },
        "line": 113
      },
      "11": {
        "name": "(anonymous_11)",
        "decl": {
          "start": { "line": 175, "column": 26 },
          "end": { "line": 175, "column": 27 }
        },
        "loc": {
          "start": { "line": 176, "column": 20 },
          "end": { "line": 188, "column": null }
        },
        "line": 176
      },
      "12": {
        "name": "(anonymous_12)",
        "decl": {
          "start": { "line": 195, "column": 26 },
          "end": { "line": 195, "column": 27 }
        },
        "loc": {
          "start": { "line": 196, "column": 20 },
          "end": { "line": 210, "column": null }
        },
        "line": 196
      },
      "13": {
        "name": "(anonymous_13)",
        "decl": {
          "start": { "line": 245, "column": 27 },
          "end": { "line": 245, "column": 33 }
        },
        "loc": {
          "start": { "line": 245, "column": 33 },
          "end": { "line": 245, "column": 60 }
        },
        "line": 245
      },
      "14": {
        "name": "(anonymous_14)",
        "decl": {
          "start": { "line": 256, "column": 1 },
          "end": { "line": 256, "column": null }
        },
        "loc": {
          "start": { "line": 256, "column": 1 },
          "end": { "line": 256, "column": null }
        },
        "line": 256
      }
    },
    "branchMap": {
      "0": {
        "loc": {
          "start": { "line": 52, "column": 16 },
          "end": { "line": 52, "column": null }
        },
        "type": "binary-expr",
        "locations": [
          {
            "start": { "line": 52, "column": 16 },
            "end": { "line": 52, "column": 40 }
          },
          {
            "start": { "line": 52, "column": 40 },
            "end": { "line": 52, "column": null }
          }
        ],
        "line": 52
      },
      "1": {
        "loc": {
          "start": { "line": 70, "column": 6 },
          "end": { "line": 70, "column": null }
        },
        "type": "if",
        "locations": [
          {
            "start": { "line": 70, "column": 6 },
            "end": { "line": 70, "column": null }
          },
          { "start": {}, "end": {} }
        ],
        "line": 70
      },
      "2": {
        "loc": {
          "start": { "line": 96, "column": 8 },
          "end": { "line": 106, "column": null }
        },
        "type": "if",
        "locations": [
          {
            "start": { "line": 96, "column": 8 },
            "end": { "line": 106, "column": null }
          },
          {
            "start": { "line": 98, "column": 8 },
            "end": { "line": 106, "column": null }
          }
        ],
        "line": 96
      },
      "3": {
        "loc": {
          "start": { "line": 98, "column": 8 },
          "end": { "line": 106, "column": null }
        },
        "type": "if",
        "locations": [
          {
            "start": { "line": 98, "column": 8 },
            "end": { "line": 106, "column": null }
          },
          {
            "start": { "line": 104, "column": 8 },
            "end": { "line": 106, "column": null }
          }
        ],
        "line": 98
      },
      "4": {
        "loc": {
          "start": { "line": 99, "column": 10 },
          "end": { "line": 100, "column": null }
        },
        "type": "binary-expr",
        "locations": [
          {
            "start": { "line": 99, "column": 10 },
            "end": { "line": 99, "column": null }
          },
          {
            "start": { "line": 100, "column": 10 },
            "end": { "line": 100, "column": null }
          }
        ],
        "line": 99
      },
      "5": {
        "loc": {
          "start": { "line": 104, "column": 8 },
          "end": { "line": 106, "column": null }
        },
        "type": "if",
        "locations": [
          {
            "start": { "line": 104, "column": 8 },
            "end": { "line": 106, "column": null }
          },
          { "start": {}, "end": {} }
        ],
        "line": 104
      },
      "6": {
        "loc": {
          "start": { "line": 114, "column": 4 },
          "end": { "line": 119, "column": null }
        },
        "type": "if",
        "locations": [
          {
            "start": { "line": 114, "column": 4 },
            "end": { "line": 119, "column": null }
          },
          { "start": {}, "end": {} }
        ],
        "line": 114
      },
      "7": {
        "loc": {
          "start": { "line": 127, "column": 2 },
          "end": { "line": 142, "column": null }
        },
        "type": "if",
        "locations": [
          {
            "start": { "line": 127, "column": 2 },
            "end": { "line": 142, "column": null }
          },
          { "start": {}, "end": {} }
        ],
        "line": 127
      },
      "8": {
        "loc": {
          "start": { "line": 215, "column": 15 },
          "end": { "line": 227, "column": null }
        },
        "type": "binary-expr",
        "locations": [
          {
            "start": { "line": 215, "column": 15 },
            "end": { "line": 215, "column": null }
          },
          {
            "start": { "line": 216, "column": 16 },
            "end": { "line": 227, "column": null }
          }
        ],
        "line": 215
      },
      "9": {
        "loc": {
          "start": { "line": 221, "column": 20 },
          "end": { "line": 223, "column": null }
        },
        "type": "cond-expr",
        "locations": [
          {
            "start": { "line": 222, "column": 24 },
            "end": { "line": 222, "column": null }
          },
          {
            "start": { "line": 223, "column": 24 },
            "end": { "line": 223, "column": null }
          }
        ],
        "line": 221
      },
      "10": {
        "loc": {
          "start": { "line": 233, "column": 26 },
          "end": { "line": 233, "column": null }
        },
        "type": "binary-expr",
        "locations": [
          {
            "start": { "line": 233, "column": 26 },
            "end": { "line": 233, "column": 48 }
          },
          {
            "start": { "line": 233, "column": 48 },
            "end": { "line": 233, "column": null }
          }
        ],
        "line": 233
      },
      "11": {
        "loc": {
          "start": { "line": 235, "column": 17 },
          "end": { "line": 236, "column": null }
        },
        "type": "binary-expr",
        "locations": [
          {
            "start": { "line": 235, "column": 17 },
            "end": { "line": 235, "column": null }
          },
          {
            "start": { "line": 236, "column": 18 },
            "end": { "line": 236, "column": null }
          }
        ],
        "line": 235
      },
      "12": {
        "loc": {
          "start": { "line": 238, "column": 17 },
          "end": { "line": 238, "column": null }
        },
        "type": "cond-expr",
        "locations": [
          {
            "start": { "line": 238, "column": 38 },
            "end": { "line": 238, "column": 55 }
          },
          {
            "start": { "line": 238, "column": 55 },
            "end": { "line": 238, "column": null }
          }
        ],
        "line": 238
      },
      "13": {
        "loc": {
          "start": { "line": 256, "column": 1 },
          "end": { "line": 256, "column": null }
        },
        "type": "if",
        "locations": [
          {
            "start": { "line": 256, "column": 1 },
            "end": { "line": 256, "column": null }
          },
          { "start": {}, "end": {} }
        ],
        "line": 256
      },
      "14": {
        "loc": {
          "start": { "line": 256, "column": 1 },
          "end": { "line": 256, "column": null }
        },
        "type": "binary-expr",
        "locations": [
          {
            "start": { "line": 256, "column": 1 },
            "end": { "line": 256, "column": null }
          },
          {
            "start": { "line": 256, "column": 1 },
            "end": { "line": 256, "column": null }
          },
          {
            "start": { "line": 256, "column": 1 },
            "end": { "line": 256, "column": null }
          }
        ],
        "line": 256
      },
      "15": {
        "loc": {
          "start": { "line": 256, "column": 1 },
          "end": { "line": 256, "column": null }
        },
        "type": "binary-expr",
        "locations": [
          {
            "start": { "line": 256, "column": 1 },
            "end": { "line": 256, "column": null }
          },
          {
            "start": { "line": 256, "column": 1 },
            "end": { "line": 256, "column": null }
          }
        ],
        "line": 256
      }
    },
    "s": {
      "0": 15,
      "1": 15,
      "2": 118,
      "3": 15,
      "4": 30,
      "5": 30,
      "6": 30,
      "7": 30,
      "8": 30,
      "9": 30,
      "10": 30,
      "11": 11,
      "12": 109,
      "13": 1,
      "14": 11,
      "15": 11,
      "16": 30,
      "17": 3,
      "18": 2,
      "19": 2,
      "20": 1,
      "21": 1,
      "22": 1,
      "23": 2,
      "24": 0,
      "25": 1,
      "26": 1,
      "27": 1,
      "28": 0,
      "29": 0,
      "30": 0,
      "31": 0,
      "32": 1,
      "33": 30,
      "34": 3,
      "35": 0,
      "36": 0,
      "37": 3,
      "38": 30,
      "39": 4,
      "40": 26,
      "41": 86,
      "42": 83,
      "43": 1,
      "44": 0
    },
    "f": {
      "0": 118,
      "1": 30,
      "2": 11,
      "3": 109,
      "4": 11,
      "5": 3,
      "6": 2,
      "7": 1,
      "8": 0,
      "9": 1,
      "10": 3,
      "11": 86,
      "12": 83,
      "13": 1,
      "14": 0
    },
    "b": {
      "0": [30, 4],
      "1": [1, 108],
      "2": [1, 0],
      "3": [0, 0],
      "4": [0, 0],
      "5": [0, 0],
      "6": [0, 3],
      "7": [4, 26],
      "8": [26, 6],
      "9": [4, 2],
      "10": [30, 20],
      "11": [30, 6],
      "12": [6, 20],
      "13": [15, 0],
      "14": [0, 0, 0],
      "15": [0, 0]
    },
    "meta": {
      "lastBranch": 16,
      "lastFunction": 15,
      "lastStatement": 45,
      "seen": {
        "s:26:21:28:Infinity": 0,
        "s:30:19:40:Infinity": 1,
        "f:37:11:37:20": 0,
        "s:37:20:37:63": 2,
        "s:44:13:48:Infinity": 3,
        "f:50:9:50:36": 1,
        "s:51:17:51:Infinity": 4,
        "s:52:16:52:Infinity": 5,
        "b:52:16:52:40:52:40:52:Infinity": 0,
        "s:54:19:54:Infinity": 6,
        "s:55:8:55:Infinity": 7,
        "s:57:28:57:Infinity": 8,
        "s:59:8:66:Infinity": 9,
        "s:68:2:73:Infinity": 10,
        "f:68:12:68:18": 2,
        "s:69:25:71:Infinity": 11,
        "f:69:36:69:42": 3,
        "b:70:6:70:Infinity:undefined:undefined:undefined:undefined": 1,
        "s:70:6:70:Infinity": 12,
        "s:70:19:70:Infinity": 13,
        "s:72:4:72:Infinity": 14,
        "f:72:11:72:17": 4,
        "s:72:17:72:Infinity": 15,
        "s:75:8:111:Infinity": 16,
        "f:77:16:77:22": 5,
        "s:78:8:78:Infinity": 17,
        "f:81:17:81:23": 6,
        "s:82:8:82:Infinity": 18,
        "s:84:24:88:Infinity": 19,
        "f:84:35:84:41": 7,
        "s:85:10:85:Infinity": 20,
        "s:86:10:86:Infinity": 21,
        "s:87:10:87:Infinity": 22,
        "s:90:8:90:Infinity": 23,
        "f:90:15:90:21": 8,
        "s:90:21:90:Infinity": 24,
        "f:93:15:93:16": 9,
        "s:94:27:94:Infinity": 25,
        "b:96:8:106:Infinity:98:8:106:Infinity": 2,
        "s:96:8:106:Infinity": 26,
        "s:97:10:97:Infinity": 27,
        "b:98:8:106:Infinity:104:8:106:Infinity": 3,
        "s:98:8:106:Infinity": 28,
        "b:99:10:99:Infinity:100:10:100:Infinity": 4,
        "s:102:10:103:Infinity": 29,
        "b:104:8:106:Infinity:undefined:undefined:undefined:undefined": 5,
        "s:104:8:106:Infinity": 30,
        "s:105:10:105:Infinity": 31,
        "s:108:8:108:Infinity": 32,
        "s:113:19:125:Infinity": 33,
        "f:113:19:113:20": 10,
        "b:114:4:119:Infinity:undefined:undefined:undefined:undefined": 6,
        "s:114:4:119:Infinity": 34,
        "s:115:6:117:Infinity": 35,
        "s:118:6:118:Infinity": 36,
        "s:121:4:124:Infinity": 37,
        "b:127:2:142:Infinity:undefined:undefined:undefined:undefined": 7,
        "s:127:2:142:Infinity": 38,
        "s:128:4:140:Infinity": 39,
        "s:144:2:254:Infinity": 40,
        "f:175:26:175:27": 11,
        "s:176:20:188:Infinity": 41,
        "f:195:26:195:27": 12,
        "s:196:20:210:Infinity": 42,
        "b:215:15:215:Infinity:216:16:227:Infinity": 8,
        "b:222:24:222:Infinity:223:24:223:Infinity": 9,
        "b:233:26:233:48:233:48:233:Infinity": 10,
        "b:235:17:235:Infinity:236:18:236:Infinity": 11,
        "b:238:38:238:55:238:55:238:Infinity": 12,
        "f:245:27:245:33": 13,
        "s:245:33:245:60": 43,
        "b:256:1:256:Infinity:undefined:undefined:undefined:undefined": 13,
        "s:256:1:256:Infinity": 44,
        "f:256:1:256:Infinity": 14,
        "b:256:1:256:Infinity:256:1:256:Infinity:256:1:256:Infinity": 14,
        "b:256:1:256:Infinity:256:1:256:Infinity": 15
      }
    }
  },
  "/home/neil/Projects/supabase.app/src/app/routes/index.tsx": {
    "path": "/home/neil/Projects/supabase.app/src/app/routes/index.tsx",
    "statementMap": {
      "0": {
        "start": { "line": 7, "column": 13 },
        "end": { "line": 9, "column": null }
      },
      "1": {
        "start": { "line": 12, "column": 2 },
        "end": { "line": 96, "column": null }
      },
      "2": {
        "start": { "line": 98, "column": 1 },
        "end": { "line": 98, "column": null }
      }
    },
    "fnMap": {
      "0": {
        "name": "HomePage",
        "decl": {
          "start": { "line": 11, "column": 9 },
          "end": { "line": 11, "column": 20 }
        },
        "loc": {
          "start": { "line": 11, "column": 20 },
          "end": { "line": 98, "column": 1 }
        },
        "line": 11
      },
      "1": {
        "name": "(anonymous_1)",
        "decl": {
          "start": { "line": 98, "column": 1 },
          "end": { "line": 98, "column": null }
        },
        "loc": {
          "start": { "line": 98, "column": 1 },
          "end": { "line": 98, "column": null }
        },
        "line": 98
      }
    },
    "branchMap": {
      "0": {
        "loc": {
          "start": { "line": 98, "column": 1 },
          "end": { "line": 98, "column": null }
        },
        "type": "if",
        "locations": [
          {
            "start": { "line": 98, "column": 1 },
            "end": { "line": 98, "column": null }
          },
          { "start": {}, "end": {} }
        ],
        "line": 98
      },
      "1": {
        "loc": {
          "start": { "line": 98, "column": 1 },
          "end": { "line": 98, "column": null }
        },
        "type": "binary-expr",
        "locations": [
          {
            "start": { "line": 98, "column": 1 },
            "end": { "line": 98, "column": null }
          },
          {
            "start": { "line": 98, "column": 1 },
            "end": { "line": 98, "column": null }
          },
          {
            "start": { "line": 98, "column": 1 },
            "end": { "line": 98, "column": null }
          }
        ],
        "line": 98
      },
      "2": {
        "loc": {
          "start": { "line": 98, "column": 1 },
          "end": { "line": 98, "column": null }
        },
        "type": "binary-expr",
        "locations": [
          {
            "start": { "line": 98, "column": 1 },
            "end": { "line": 98, "column": null }
          },
          {
            "start": { "line": 98, "column": 1 },
            "end": { "line": 98, "column": null }
          }
        ],
        "line": 98
      }
    },
    "s": { "0": 15, "1": 0, "2": 0 },
    "f": { "0": 0, "1": 0 },
    "b": { "0": [15, 0], "1": [0, 0, 0], "2": [0, 0] },
    "meta": {
      "lastBranch": 3,
      "lastFunction": 2,
      "lastStatement": 3,
      "seen": {
        "s:7:13:9:Infinity": 0,
        "f:11:9:11:20": 0,
        "s:12:2:96:Infinity": 1,
        "b:98:1:98:Infinity:undefined:undefined:undefined:undefined": 0,
        "s:98:1:98:Infinity": 2,
        "f:98:1:98:Infinity": 1,
        "b:98:1:98:Infinity:98:1:98:Infinity:98:1:98:Infinity": 1,
        "b:98:1:98:Infinity:98:1:98:Infinity": 2
      }
    }
  },
  "/home/neil/Projects/supabase.app/src/app/routes/login.tsx": {
    "path": "/home/neil/Projects/supabase.app/src/app/routes/login.tsx",
[...]
        },
        "line": 69
      },
      "5": {
        "name": "(anonymous_5)",
        "decl": {
          "start": { "line": 80, "column": 17 },
          "end": { "line": 80, "column": 18 }
        },
        "loc": {
          "start": { "line": 80, "column": 26 },
          "end": { "line": 82, "column": 11 }
        },
        "line": 80
      },
      "6": {
        "name": "(anonymous_6)",
        "decl": {
          "start": { "line": 92, "column": 10 },
          "end": { "line": 92, "column": 17 }
        },
        "loc": {
          "start": { "line": 92, "column": 53 },
          "end": { "line": 132, "column": null }
        },
        "line": 92
      },
      "7": {
        "name": "(anonymous_7)",
        "decl": {
          "start": { "line": 134, "column": 10 },
          "end": { "line": 134, "column": 17 }
        },
        "loc": {
          "start": { "line": 134, "column": 53 },
          "end": { "line": 169, "column": null }
        },
        "line": 134
      },
      "8": {
        "name": "(anonymous_8)",
        "decl": {
          "start": { "line": 160, "column": 17 },
          "end": { "line": 160, "column": 18 }
        },
        "loc": {
          "start": { "line": 160, "column": 26 },
          "end": { "line": 160, "column": 77 }
        },
        "line": 160
      },
      "9": {
        "name": "(anonymous_9)",
        "decl": {
          "start": { "line": 171, "column": 11 },
          "end": { "line": 171, "column": 23 }
        },
        "loc": {
          "start": { "line": 171, "column": 23 },
          "end": { "line": 194, "column": null }
        },
        "line": 171
      },
      "10": {
        "name": "(anonymous_10)",
        "decl": {
          "start": { "line": 196, "column": 19 },
          "end": { "line": 196, "column": 20 }
        },
        "loc": {
          "start": { "line": 196, "column": 41 },
          "end": { "line": 200, "column": null }
        },
        "line": 196
      },
      "11": {
        "name": "(anonymous_11)",
        "decl": {
          "start": { "line": 197, "column": 8 },
          "end": { "line": 197, "column": 9 }
        },
        "loc": {
          "start": { "line": 197, "column": 20 },
          "end": { "line": 199, "column": 6 }
        },
        "line": 197
      }
    },
    "branchMap": {
      "0": {
        "loc": {
          "start": { "line": 43, "column": 6 },
          "end": { "line": 43, "column": null }
        },
        "type": "if",
        "locations": [
          {
            "start": { "line": 43, "column": 6 },
            "end": { "line": 43, "column": null }
          },
          { "start": {}, "end": {} }
        ],
        "line": 43
      },
      "1": {
        "loc": {
          "start": { "line": 46, "column": 19 },
          "end": { "line": 46, "column": null }
        },
        "type": "binary-expr",
        "locations": [
          {
            "start": { "line": 46, "column": 19 },
            "end": { "line": 46, "column": 36 }
          },
          {
            "start": { "line": 46, "column": 36 },
            "end": { "line": 46, "column": null }
          }
        ],
        "line": 46
      },
      "2": {
        "loc": {
          "start": { "line": 51, "column": 6 },
          "end": { "line": 60, "column": null }
        },
        "type": "if",
        "locations": [
          {
            "start": { "line": 51, "column": 6 },
            "end": { "line": 60, "column": null }
          },
          { "start": {}, "end": {} }
        ],
        "line": 51
      },
      "3": {
        "loc": {
          "start": { "line": 51, "column": 10 },
          "end": { "line": 51, "column": 34 }
        },
        "type": "binary-expr",
        "locations": [
          {
            "start": { "line": 51, "column": 10 },
            "end": { "line": 51, "column": 22 }
          },
          {
            "start": { "line": 51, "column": 22 },
            "end": { "line": 51, "column": 34 }
          }
        ],
        "line": 51
      },
      "4": {
        "loc": {
          "start": { "line": 65, "column": 15 },
          "end": { "line": 65, "column": null }
        },
        "type": "cond-expr",
        "locations": [
          {
            "start": { "line": 65, "column": 38 },
            "end": { "line": 65, "column": 44 }
          },
          {
            "start": { "line": 65, "column": 44 },
            "end": { "line": 65, "column": null }
          }
        ],
        "line": 65
      },
      "5": {
        "loc": {
          "start": { "line": 70, "column": 19 },
          "end": { "line": 70, "column": null }
        },
        "type": "binary-expr",
        "locations": [
          {
            "start": { "line": 70, "column": 19 },
            "end": { "line": 70, "column": 36 }
          },
          {
            "start": { "line": 70, "column": 36 },
            "end": { "line": 70, "column": null }
          }
        ],
        "line": 70
      },
      "6": {
        "loc": {
          "start": { "line": 74, "column": 6 },
          "end": { "line": 83, "column": null }
        },
        "type": "if",
        "locations": [
          {
            "start": { "line": 74, "column": 6 },
            "end": { "line": 83, "column": null }
          },
          { "start": {}, "end": {} }
        ],
        "line": 74
      },
      "7": {
        "loc": {
          "start": { "line": 74, "column": 10 },
          "end": { "line": 74, "column": 34 }
        },
        "type": "binary-expr",
        "locations": [
          {
            "start": { "line": 74, "column": 10 },
            "end": { "line": 74, "column": 22 }
          },
          {
            "start": { "line": 74, "column": 22 },
            "end": { "line": 74, "column": 34 }
          }
        ],
        "line": 74
      },
      "8": {
        "loc": {
          "start": { "line": 85, "column": 6 },
          "end": { "line": 88, "column": null }
        },
        "type": "if",
        "locations": [
          {
            "start": { "line": 85, "column": 6 },
            "end": { "line": 88, "column": null }
          },
          { "start": {}, "end": {} }
        ],
        "line": 85
      },
      "9": {
        "loc": {
          "start": { "line": 104, "column": 6 },
          "end": { "line": 104, "column": null }
        },
        "type": "if",
        "locations": [
          {
            "start": { "line": 104, "column": 6 },
            "end": { "line": 104, "column": null }
          },
          { "start": {}, "end": {} }
        ],
        "line": 104
      },
      "10": {
        "loc": {
          "start": { "line": 106, "column": 19 },
          "end": { "line": 106, "column": null }
        },
        "type": "binary-expr",
        "locations": [
          {
            "start": { "line": 106, "column": 19 },
            "end": { "line": 106, "column": 32 }
          },
          {
            "start": { "line": 106, "column": 32 },
            "end": { "line": 106, "column": null }
          }
        ],
        "line": 106
      },
      "11": {
        "loc": {
          "start": { "line": 115, "column": 6 },
          "end": { "line": 124, "column": null }
        },
        "type": "if",
        "locations": [
          {
            "start": { "line": 115, "column": 6 },
            "end": { "line": 124, "column": null }
          },
          { "start": {}, "end": {} }
        ],
        "line": 115
      },
      "12": {
        "loc": {
          "start": { "line": 115, "column": 10 },
          "end": { "line": 115, "column": 34 }
        },
        "type": "binary-expr",
        "locations": [
          {
            "start": { "line": 115, "column": 10 },
            "end": { "line": 115, "column": 22 }
          },
          {
            "start": { "line": 115, "column": 22 },
            "end": { "line": 115, "column": 34 }
          }
        ],
        "line": 115
      },
      "13": {
        "loc": {
          "start": { "line": 128, "column": 20 },
          "end": { "line": 128, "column": null }
        },
        "type": "cond-expr",
        "locations": [
          {
            "start": { "line": 128, "column": 43 },
            "end": { "line": 128, "column": 49 }
          },
          {
            "start": { "line": 128, "column": 49 },
            "end": { "line": 128, "column": null }
          }
        ],
        "line": 128
      },
      "14": {
        "loc": {
          "start": { "line": 143, "column": 6 },
          "end": { "line": 143, "column": null }
        },
        "type": "if",
        "locations": [
          {
            "start": { "line": 143, "column": 6 },
            "end": { "line": 143, "column": null }
          },
          { "start": {}, "end": {} }
        ],
        "line": 143
      },
      "15": {
        "loc": {
          "start": { "line": 145, "column": 19 },
          "end": { "line": 145, "column": null }
        },
        "type": "binary-expr",
        "locations": [
          {
            "start": { "line": 145, "column": 19 },
            "end": { "line": 145, "column": 32 }
          },
          {
            "start": { "line": 145, "column": 32 },
            "end": { "line": 145, "column": null }
          }
        ],
        "line": 145
      },
      "16": {
        "loc": {
          "start": { "line": 154, "column": 6 },
          "end": { "line": 161, "column": null }
        },
        "type": "if",
        "locations": [
          {
            "start": { "line": 154, "column": 6 },
            "end": { "line": 161, "column": null }
          },
          { "start": {}, "end": {} }
        ],
        "line": 154
      },
      "17": {
        "loc": {
          "start": { "line": 154, "column": 10 },
          "end": { "line": 154, "column": 34 }
        },
        "type": "binary-expr",
        "locations": [
          {
            "start": { "line": 154, "column": 10 },
            "end": { "line": 154, "column": 22 }
          },
          {
            "start": { "line": 154, "column": 22 },
            "end": { "line": 154, "column": 34 }
          }
        ],
        "line": 154
      },
      "18": {
        "loc": {
          "start": { "line": 165, "column": 20 },
          "end": { "line": 165, "column": null }
        },
        "type": "cond-expr",
        "locations": [
          {
            "start": { "line": 165, "column": 43 },
            "end": { "line": 165, "column": 49 }
          },
          {
            "start": { "line": 165, "column": 49 },
            "end": { "line": 165, "column": null }
          }
        ],
        "line": 165
      },
      "19": {
        "loc": {
          "start": { "line": 176, "column": 6 },
          "end": { "line": 176, "column": null }
        },
        "type": "if",
        "locations": [
          {
            "start": { "line": 176, "column": 6 },
            "end": { "line": 176, "column": null }
          },
          { "start": {}, "end": {} }
        ],
        "line": 176
      },
      "20": {
        "loc": {
          "start": { "line": 191, "column": 15 },
          "end": { "line": 191, "column": null }
        },
        "type": "cond-expr",
        "locations": [
          {
            "start": { "line": 191, "column": 38 },
            "end": { "line": 191, "column": 44 }
          },
          {
            "start": { "line": 191, "column": 44 },
            "end": { "line": 191, "column": null }
          }
        ],
        "line": 191
      },
      "21": {
        "loc": {
          "start": { "line": 198, "column": 12 },
          "end": { "line": 198, "column": null }
        },
        "type": "cond-expr",
        "locations": [
          {
            "start": { "line": 198, "column": 25 },
            "end": { "line": 198, "column": 62 }
          },
          {
            "start": { "line": 198, "column": 62 },
            "end": { "line": 198, "column": null }
          }
        ],
        "line": 198
      }
    },
    "s": {
      "0": 15,
      "1": 0,
      "2": 15,
      "3": 15,
      "4": 58,
      "5": 58,
      "6": 58,
      "7": 58,
      "8": 0,
      "9": 58,
      "10": 58,
      "11": 58,
      "12": 58,
      "13": 58,
      "14": 0,
      "15": 0,
      "16": 0,
      "17": 58,
      "18": 58,
      "19": 58,
      "20": 58,
      "21": 58,
      "22": 0,
      "23": 58,
      "24": 0,
      "25": 0,
      "26": 3,
      "27": 3,
      "28": 3,
      "29": 3,
      "30": 0,
      "31": 3,
      "32": 3,
      "33": 3,
      "34": 3,
      "35": 3,
      "36": 0,
      "37": 3,
      "38": 0,
      "39": 0,
      "40": 0,
      "41": 3,
      "42": 3,
      "43": 3,
      "44": 3,
      "45": 2,
      "46": 1,
      "47": 3,
      "48": 3,
      "49": 1,
      "50": 0,
      "51": 1,
      "52": 2,
      "53": 2,
      "54": 2,
      "55": 55,
      "56": 55,
      "57": 55,
      "58": 55,
      "59": 0,
      "60": 55,
      "61": 55,
      "62": 55,
      "63": 0,
      "64": 0,
      "65": 0,
      "66": 0
    },
    "f": {
      "0": 0,
      "1": 15,
      "2": 58,
      "3": 0,
      "4": 58,
      "5": 0,
      "6": 3,
      "7": 3,
      "8": 0,
      "9": 55,
      "10": 0,
      "11": 0
    },
    "b": {
      "0": [0, 58],
      "1": [58, 0],
      "2": [58, 0],
      "3": [58, 58],
      "4": [0, 0],
      "5": [58, 0],
      "6": [58, 0],
      "7": [58, 58],
      "8": [0, 58],
      "9": [0, 3],
      "10": [3, 0],
      "11": [3, 0],
      "12": [3, 3],
      "13": [0, 0],
      "14": [2, 1],
      "15": [1, 0],
      "16": [1, 2],
      "17": [3, 1],
      "18": [2, 0],
      "19": [0, 55],
      "20": [0, 0],
      "21": [0, 0]
    },
    "meta": {
      "lastBranch": 22,
      "lastFunction": 12,
      "lastStatement": 67,
      "seen": {
        "s:27:28:27:Infinity": 0,
        "f:27:28:27:34": 0,
        "s:27:34:27:Infinity": 1,
        "s:29:13:201:Infinity": 2,
        "f:29:48:29:49": 1,
        "s:29:58:201:2": 3,
        "f:37:14:37:26": 2,
        "s:38:4:38:Infinity": 4,
        "s:40:4:67:Infinity": 5,
        "s:41:30:41:Infinity": 6,
        "b:43:6:43:Infinity:undefined:undefined:undefined:undefined": 0,
        "s:43:6:43:Infinity": 7,
        "s:43:17:43:Infinity": 8,
        "s:45:22:45:Infinity": 9,
        "s:46:19:46:Infinity": 10,
        "b:46:19:46:36:46:36:46:Infinity": 1,
        "s:48:6:48:Infinity": 11,
        "b:51:6:60:Infinity:undefined:undefined:undefined:undefined": 2,
        "s:51:6:60:Infinity": 12,
        "b:51:10:51:22:51:22:51:34": 3,
        "s:52:8:59:Infinity": 13,
        "f:57:17:57:18": 3,
        "s:58:12:58:Infinity": 14,
        "s:62:6:62:Infinity": 15,
        "s:63:6:66:Infinity": 16,
        "b:65:38:65:44:65:44:65:Infinity": 4,
        "s:69:4:89:Infinity": 17,
        "f:69:36:69:43": 4,
        "s:70:19:70:Infinity": 18,
        "b:70:19:70:36:70:36:70:Infinity": 5,
        "s:72:6:72:Infinity": 19,
        "b:74:6:83:Infinity:undefined:undefined:undefined:undefined": 6,
        "s:74:6:83:Infinity": 20,
        "b:74:10:74:22:74:22:74:34": 7,
        "s:75:8:82:Infinity": 21,
        "f:80:17:80:18": 5,
        "s:81:12:81:Infinity": 22,
        "b:85:6:88:Infinity:undefined:undefined:undefined:undefined": 8,
        "s:85:6:88:Infinity": 23,
        "s:86:14:86:Infinity": 24,
        "s:87:8:87:Infinity": 25,
        "f:92:10:92:17": 6,
        "s:93:4:93:Infinity": 26,
        "s:95:4:131:Infinity": 27,
        "s:96:30:102:Infinity": 28,
        "b:104:6:104:Infinity:undefined:undefined:undefined:undefined": 9,
        "s:104:6:104:Infinity": 29,
        "s:104:17:104:Infinity": 30,
        "s:106:19:106:Infinity": 31,
        "b:106:19:106:32:106:32:106:Infinity": 10,
        "s:108:6:113:Infinity": 32,
        "b:115:6:124:Infinity:undefined:undefined:undefined:undefined": 11,
        "s:115:6:124:Infinity": 33,
        "b:115:10:115:22:115:22:115:34": 12,
        "s:116:8:123:Infinity": 34,
        "s:117:10:120:Infinity": 35,
        "s:122:10:122:Infinity": 36,
        "s:126:6:126:Infinity": 37,
        "s:128:20:128:Infinity": 38,
        "b:128:43:128:49:128:49:128:Infinity": 13,
        "s:129:6:129:Infinity": 39,
        "s:130:6:130:Infinity": 40,
        "f:134:10:134:17": 7,
        "s:135:4:135:Infinity": 41,
        "s:137:4:168:Infinity": 42,
        "s:138:30:141:Infinity": 43,
        "b:143:6:143:Infinity:undefined:undefined:undefined:undefined": 14,
        "s:143:6:143:Infinity": 44,
        "s:143:17:143:Infinity": 45,
        "s:145:19:145:Infinity": 46,
        "b:145:19:145:32:145:32:145:Infinity": 15,
        "s:147:6:152:Infinity": 47,
        "b:154:6:161:Infinity:undefined:undefined:undefined:undefined": 16,
        "s:154:6:161:Infinity": 48,
        "b:154:10:154:22:154:22:154:34": 17,
        "s:155:8:160:Infinity": 49,
        "f:160:17:160:18": 8,
        "s:160:26:160:77": 50,
        "s:163:6:163:Infinity": 51,
        "s:165:20:165:Infinity": 52,
        "b:165:43:165:49:165:49:165:Infinity": 18,
        "s:166:6:166:Infinity": 53,
        "s:167:6:167:Infinity": 54,
        "f:171:11:171:23": 9,
        "s:172:4:172:Infinity": 55,
        "s:174:4:193:Infinity": 56,
        "s:175:24:175:Infinity": 57,
        "b:176:6:176:Infinity:undefined:undefined:undefined:undefined": 19,
        "s:176:6:176:Infinity": 58,
        "s:176:17:176:Infinity": 59,
        "s:178:6:183:Infinity": 60,
        "s:185:12:185:Infinity": 61,
        "s:186:6:186:Infinity": 62,
        "s:188:6:188:Infinity": 63,
        "s:189:6:192:Infinity": 64,
        "b:191:38:191:44:191:44:191:Infinity": 20,
        "f:196:19:196:20": 10,
        "s:197:4:199:Infinity": 65,
        "f:197:8:197:9": 11,
        "s:197:20:199:6": 66,
        "b:198:25:198:62:198:62:198:Infinity": 21
      }
    }
  },
  "/home/neil/Projects/supabase.app/src/shared/store/bannerStore.ts": {
    "path": "/home/neil/Projects/supabase.app/src/shared/store/bannerStore.ts",
    "statementMap": {
      "0": {
        "start": { "line": 11, "column": 13 },
        "end": { "line": 19, "column": null }
      },
      "1": {
        "start": { "line": 15, "column": 13 },
        "end": { "line": 19, "column": 2 }
      },
      "2": {
        "start": { "line": 17, "column": 20 },
        "end": { "line": 17, "column": null }
      },
      "3": {
        "start": { "line": 18, "column": 14 },
        "end": { "line": 18, "column": null }
      }
    },
    "fnMap": {
      "0": {
        "name": "(anonymous_0)",
        "decl": {
          "start": { "line": 15, "column": 3 },
          "end": { "line": 15, "column": 4 }
        },
        "loc": {
          "start": { "line": 15, "column": 13 },
          "end": { "line": 19, "column": 2 }
        },
        "line": 15
      },
      "1": {
        "name": "(anonymous_1)",
        "decl": {
          "start": { "line": 17, "column": 8 },
          "end": { "line": 17, "column": 9 }
        },
        "loc": {
          "start": { "line": 17, "column": 20 },
          "end": { "line": 17, "column": null }
        },
        "line": 17
      },
      "2": {
        "name": "(anonymous_2)",
        "decl": {
          "start": { "line": 18, "column": 8 },
          "end": { "line": 18, "column": 14 }
        },
        "loc": {
          "start": { "line": 18, "column": 14 },
          "end": { "line": 18, "column": null }
        },
        "line": 18
      }
    },
    "branchMap": {},
    "s": { "0": 15, "1": 15, "2": 15, "3": 0 },
    "f": { "0": 15, "1": 15, "2": 0 },
    "b": {},
    "meta": {
      "lastBranch": 0,
      "lastFunction": 3,
      "lastStatement": 4,
      "seen": {
        "s:11:13:19:Infinity": 0,
        "f:15:3:15:4": 0,
        "s:15:13:19:2": 1,
        "f:17:8:17:9": 1,
        "s:17:20:17:Infinity": 2,
        "f:18:8:18:14": 2,
        "s:18:14:18:Infinity": 3
      }
    }
  }
}
