{"/home/neil/Projects/dotasks.app/src/main.tsx": {"path":"/home/neil/Projects/dotasks.app/src/main.tsx","statementMap":{"0":{"start":{"line":21,"column":20},"end":{"line":21,"column":null}},"1":{"start":{"line":22,"column":0},"end":{"line":22,"column":null}},"2":{"start":{"line":22,"column":18},"end":{"line":22,"column":null}},"3":{"start":{"line":24,"column":0},"end":{"line":67,"column":null}},"4":{"start":{"line":37,"column":27},"end":{"line":37,"column":null}},"5":{"start":{"line":69,"column":0},"end":{"line":73,"column":null}},"6":{"start":{"line":70,"column":2},"end":{"line":72,"column":null}},"7":{"start":{"line":71,"column":4},"end":{"line":71,"column":null}}},"fnMap":{"0":{"name":"(anonymous_0)","decl":{"start":{"line":37,"column":21},"end":{"line":37,"column":27}},"loc":{"start":{"line":37,"column":27},"end":{"line":37,"column":null}},"line":37},"1":{"name":"(anonymous_1)","decl":{"start":{"line":70,"column":34},"end":{"line":70,"column":40}},"loc":{"start":{"line":70,"column":40},"end":{"line":72,"column":3}},"line":70}},"branchMap":{"0":{"loc":{"start":{"line":22,"column":0},"end":{"line":22,"column":null}},"type":"if","locations":[{"start":{"line":22,"column":0},"end":{"line":22,"column":null}},{"start":{},"end":{}}],"line":22},"1":{"loc":{"start":{"line":69,"column":0},"end":{"line":73,"column":null}},"type":"if","locations":[{"start":{"line":69,"column":0},"end":{"line":73,"column":null}},{"start":{},"end":{}}],"line":69}},"s":{"0":0,"1":0,"2":0,"3":0,"4":0,"5":0,"6":0,"7":0},"f":{"0":0,"1":0},"b":{"0":[0,0],"1":[0,0]},"meta":{"lastBranch":2,"lastFunction":2,"lastStatement":8,"seen":{"s:21:20:21:Infinity":0,"b:22:0:22:Infinity:undefined:undefined:undefined:undefined":0,"s:22:0:22:Infinity":1,"s:22:18:22:Infinity":2,"s:24:0:67:Infinity":3,"f:37:21:37:27":0,"s:37:27:37:Infinity":4,"b:69:0:73:Infinity:undefined:undefined:undefined:undefined":1,"s:69:0:73:Infinity":5,"s:70:2:72:Infinity":6,"f:70:34:70:40":1,"s:71:4:71:Infinity":7}}}
,"/home/neil/Projects/dotasks.app/src/queryClient.ts": {"path":"/home/neil/Projects/dotasks.app/src/queryClient.ts","statementMap":{"0":{"start":{"line":11,"column":2},"end":{"line":11,"column":null}},"1":{"start":{"line":11,"column":43},"end":{"line":11,"column":null}},"2":{"start":{"line":13,"column":15},"end":{"line":13,"column":null}},"3":{"start":{"line":15,"column":2},"end":{"line":21,"column":null}},"4":{"start":{"line":26,"column":2},"end":{"line":26,"column":null}},"5":{"start":{"line":26,"column":27},"end":{"line":26,"column":null}},"6":{"start":{"line":28,"column":43},"end":{"line":28,"column":null}},"7":{"start":{"line":30,"column":2},"end":{"line":34,"column":null}},"8":{"start":{"line":37,"column":2},"end":{"line":37,"column":null}},"9":{"start":{"line":38,"column":2},"end":{"line":38,"column":null}},"10":{"start":{"line":39,"column":2},"end":{"line":39,"column":null}},"11":{"start":{"line":42,"column":2},"end":{"line":46,"column":null}},"12":{"start":{"line":43,"column":4},"end":{"line":45,"column":null}},"13":{"start":{"line":44,"column":6},"end":{"line":44,"column":null}},"14":{"start":{"line":49,"column":27},"end":{"line":78,"column":null}},"15":{"start":{"line":58,"column":31},"end":{"line":58,"column":null}},"16":{"start":{"line":69,"column":6},"end":{"line":69,"column":null}},"17":{"start":{"line":75,"column":6},"end":{"line":75,"column":null}}},"fnMap":{"0":{"name":"isAuthError","decl":{"start":{"line":10,"column":9},"end":{"line":10,"column":21}},"loc":{"start":{"line":10,"column":74},"end":{"line":23,"column":null}},"line":10},"1":{"name":"handleTRPCAuthError","decl":{"start":{"line":25,"column":9},"end":{"line":25,"column":29}},"loc":{"start":{"line":25,"column":51},"end":{"line":47,"column":null}},"line":25},"2":{"name":"(anonymous_2)","decl":{"start":{"line":43,"column":32},"end":{"line":43,"column":38}},"loc":{"start":{"line":43,"column":38},"end":{"line":45,"column":5}},"line":43},"3":{"name":"(anonymous_3)","decl":{"start":{"line":58,"column":18},"end":{"line":58,"column":19}},"loc":{"start":{"line":58,"column":31},"end":{"line":58,"column":null}},"line":58},"4":{"name":"(anonymous_4)","decl":{"start":{"line":66,"column":13},"end":{"line":66,"column":14}},"loc":{"start":{"line":66,"column":24},"end":{"line":70,"column":null}},"line":66},"5":{"name":"(anonymous_5)","decl":{"start":{"line":74,"column":13},"end":{"line":74,"column":14}},"loc":{"start":{"line":74,"column":24},"end":{"line":76,"column":null}},"line":74}},"branchMap":{"0":{"loc":{"start":{"line":11,"column":2},"end":{"line":11,"column":null}},"type":"if","locations":[{"start":{"line":11,"column":2},"end":{"line":11,"column":null}},{"start":{},"end":{}}],"line":11},"1":{"loc":{"start":{"line":16,"column":4},"end":{"line":21,"column":null}},"type":"binary-expr","locations":[{"start":{"line":16,"column":4},"end":{"line":16,"column":null}},{"start":{"line":17,"column":4},"end":{"line":17,"column":null}},{"start":{"line":18,"column":4},"end":{"line":18,"column":null}},{"start":{"line":19,"column":4},"end":{"line":19,"column":null}},{"start":{"line":20,"column":4},"end":{"line":20,"column":null}},{"start":{"line":21,"column":4},"end":{"line":21,"column":null}}],"line":16},"2":{"loc":{"start":{"line":26,"column":2},"end":{"line":26,"column":null}},"type":"if","locations":[{"start":{"line":26,"column":2},"end":{"line":26,"column":null}},{"start":{},"end":{}}],"line":26},"3":{"loc":{"start":{"line":30,"column":2},"end":{"line":34,"column":null}},"type":"if","locations":[{"start":{"line":30,"column":2},"end":{"line":34,"column":null}},{"start":{},"end":{}}],"line":30},"4":{"loc":{"start":{"line":30,"column":6},"end":{"line":30,"column":30}},"type":"binary-expr","locations":[{"start":{"line":30,"column":6},"end":{"line":30,"column":22}},{"start":{"line":30,"column":22},"end":{"line":30,"column":30}}],"line":30},"5":{"loc":{"start":{"line":42,"column":2},"end":{"line":46,"column":null}},"type":"if","locations":[{"start":{"line":42,"column":2},"end":{"line":46,"column":null}},{"start":{},"end":{}}],"line":42}},"s":{"0":0,"1":0,"2":0,"3":0,"4":0,"5":0,"6":0,"7":0,"8":0,"9":0,"10":0,"11":0,"12":0,"13":0,"14":16,"15":0,"16":0,"17":0},"f":{"0":0,"1":0,"2":0,"3":0,"4":0,"5":0},"b":{"0":[0,0],"1":[0,0,0,0,0,0],"2":[0,0],"3":[0,0],"4":[0,0],"5":[0,0]},"meta":{"lastBranch":6,"lastFunction":6,"lastStatement":18,"seen":{"f:10:9:10:21":0,"b:11:2:11:Infinity:undefined:undefined:undefined:undefined":0,"s:11:2:11:Infinity":0,"s:11:43:11:Infinity":1,"s:13:15:13:Infinity":2,"s:15:2:21:Infinity":3,"b:16:4:16:Infinity:17:4:17:Infinity:18:4:18:Infinity:19:4:19:Infinity:20:4:20:Infinity:21:4:21:Infinity":1,"f:25:9:25:29":1,"b:26:2:26:Infinity:undefined:undefined:undefined:undefined":2,"s:26:2:26:Infinity":4,"s:26:27:26:Infinity":5,"s:28:43:28:Infinity":6,"b:30:2:34:Infinity:undefined:undefined:undefined:undefined":3,"s:30:2:34:Infinity":7,"b:30:6:30:22:30:22:30:30":4,"s:37:2:37:Infinity":8,"s:38:2:38:Infinity":9,"s:39:2:39:Infinity":10,"b:42:2:46:Infinity:undefined:undefined:undefined:undefined":5,"s:42:2:46:Infinity":11,"s:43:4:45:Infinity":12,"f:43:32:43:38":2,"s:44:6:44:Infinity":13,"s:49:27:78:Infinity":14,"f:58:18:58:19":3,"s:58:31:58:Infinity":15,"f:66:13:66:14":4,"s:69:6:69:Infinity":16,"f:74:13:74:14":5,"s:75:6:75:Infinity":17}}}
,"/home/neil/Projects/dotasks.app/src/router.tsx": {"path":"/home/neil/Projects/dotasks.app/src/router.tsx","statementMap":{"0":{"start":{"line":12,"column":13},"end":{"line":18,"column":null}}},"fnMap":{},"branchMap":{},"s":{"0":16},"f":{},"b":{},"meta":{"lastBranch":0,"lastFunction":0,"lastStatement":1,"seen":{"s:12:13:18:Infinity":0}}}
,"/home/neil/Projects/dotasks.app/src/sentry.ts": {"path":"/home/neil/Projects/dotasks.app/src/sentry.ts","statementMap":{"0":{"start":{"line":5,"column":0},"end":{"line":16,"column":null}}},"fnMap":{},"branchMap":{},"s":{"0":0},"f":{},"b":{},"meta":{"lastBranch":0,"lastFunction":0,"lastStatement":1,"seen":{"s:5:0:16:Infinity":0}}}
,"/home/neil/Projects/dotasks.app/src/trpc.ts": {"path":"/home/neil/Projects/dotasks.app/src/trpc.ts","statementMap":{"0":{"start":{"line":28,"column":49},"end":{"line":28,"column":null}},"1":{"start":{"line":30,"column":45},"end":{"line":55,"column":null}},"2":{"start":{"line":31,"column":2},"end":{"line":54,"column":null}},"3":{"start":{"line":31,"column":21},"end":{"line":54,"column":null}},"4":{"start":{"line":34,"column":27},"end":{"line":51,"column":null}},"5":{"start":{"line":36,"column":10},"end":{"line":36,"column":null}},"6":{"start":{"line":39,"column":10},"end":{"line":46,"column":null}},"7":{"start":{"line":43,"column":12},"end":{"line":43,"column":null}},"8":{"start":{"line":45,"column":12},"end":{"line":45,"column":null}},"9":{"start":{"line":49,"column":10},"end":{"line":49,"column":null}},"10":{"start":{"line":53,"column":6},"end":{"line":53,"column":null}},"11":{"start":{"line":53,"column":19},"end":{"line":53,"column":null}},"12":{"start":{"line":68,"column":35},"end":{"line":68,"column":null}},"13":{"start":{"line":70,"column":2},"end":{"line":74,"column":null}},"14":{"start":{"line":71,"column":4},"end":{"line":71,"column":null}},"15":{"start":{"line":72,"column":4},"end":{"line":72,"column":null}},"16":{"start":{"line":73,"column":4},"end":{"line":73,"column":null}},"17":{"start":{"line":76,"column":2},"end":{"line":81,"column":null}},"18":{"start":{"line":77,"column":4},"end":{"line":79,"column":null}},"19":{"start":{"line":78,"column":18},"end":{"line":78,"column":52}},"20":{"start":{"line":79,"column":19},"end":{"line":79,"column":49}},"21":{"start":{"line":80,"column":4},"end":{"line":80,"column":null}},"22":{"start":{"line":83,"column":2},"end":{"line":113,"column":null}},"23":{"start":{"line":84,"column":4},"end":{"line":112,"column":null}},"24":{"start":{"line":85,"column":22},"end":{"line":87,"column":null}},"25":{"start":{"line":89,"column":6},"end":{"line":91,"column":null}},"26":{"start":{"line":93,"column":6},"end":{"line":93,"column":null}},"27":{"start":{"line":95,"column":27},"end":{"line":95,"column":null}},"28":{"start":{"line":98,"column":8},"end":{"line":103,"column":null}},"29":{"start":{"line":105,"column":6},"end":{"line":107,"column":null}},"30":{"start":{"line":106,"column":8},"end":{"line":106,"column":null}},"31":{"start":{"line":109,"column":6},"end":{"line":109,"column":null}},"32":{"start":{"line":111,"column":6},"end":{"line":111,"column":null}},"33":{"start":{"line":121,"column":23},"end":{"line":131,"column":null}},"34":{"start":{"line":123,"column":6},"end":{"line":123,"column":null}},"35":{"start":{"line":126,"column":6},"end":{"line":126,"column":null}},"36":{"start":{"line":129,"column":6},"end":{"line":129,"column":null}},"37":{"start":{"line":133,"column":2},"end":{"line":133,"column":null}},"38":{"start":{"line":133,"column":15},"end":{"line":133,"column":null}},"39":{"start":{"line":137,"column":2},"end":{"line":139,"column":null}},"40":{"start":{"line":138,"column":4},"end":{"line":138,"column":null}},"41":{"start":{"line":141,"column":18},"end":{"line":141,"column":null}},"42":{"start":{"line":143,"column":2},"end":{"line":146,"column":null}},"43":{"start":{"line":150,"column":2},"end":{"line":150,"column":null}},"44":{"start":{"line":151,"column":2},"end":{"line":151,"column":null}},"45":{"start":{"line":152,"column":2},"end":{"line":152,"column":null}},"46":{"start":{"line":153,"column":2},"end":{"line":153,"column":null}},"47":{"start":{"line":161,"column":17},"end":{"line":161,"column":null}},"48":{"start":{"line":162,"column":18},"end":{"line":162,"column":null}},"49":{"start":{"line":164,"column":2},"end":{"line":187,"column":null}},"50":{"start":{"line":175,"column":28},"end":{"line":175,"column":null}},"51":{"start":{"line":176,"column":14},"end":{"line":176,"column":null}},"52":{"start":{"line":182,"column":28},"end":{"line":182,"column":null}},"53":{"start":{"line":183,"column":14},"end":{"line":183,"column":null}},"54":{"start":{"line":190,"column":26},"end":{"line":190,"column":null}},"55":{"start":{"line":192,"column":13},"end":{"line":195,"column":null}},"56":{"start":{"line":197,"column":52},"end":{"line":198,"column":null}}},"fnMap":{"0":{"name":"(anonymous_0)","decl":{"start":{"line":30,"column":45},"end":{"line":30,"column":51}},"loc":{"start":{"line":30,"column":51},"end":{"line":55,"column":null}},"line":30},"1":{"name":"(anonymous_1)","decl":{"start":{"line":31,"column":9},"end":{"line":31,"column":10}},"loc":{"start":{"line":31,"column":21},"end":{"line":54,"column":null}},"line":31},"2":{"name":"(anonymous_2)","decl":{"start":{"line":32,"column":15},"end":{"line":32,"column":16}},"loc":{"start":{"line":32,"column":29},"end":{"line":54,"column":5}},"line":32},"3":{"name":"(anonymous_3)","decl":{"start":{"line":35,"column":8},"end":{"line":35,"column":13}},"loc":{"start":{"line":35,"column":20},"end":{"line":37,"column":null}},"line":35},"4":{"name":"(anonymous_4)","decl":{"start":{"line":38,"column":8},"end":{"line":38,"column":14}},"loc":{"start":{"line":38,"column":19},"end":{"line":47,"column":null}},"line":38},"5":{"name":"(anonymous_5)","decl":{"start":{"line":48,"column":8},"end":{"line":48,"column":19}},"loc":{"start":{"line":48,"column":19},"end":{"line":50,"column":null}},"line":48},"6":{"name":"(anonymous_6)","decl":{"start":{"line":53,"column":13},"end":{"line":53,"column":19}},"loc":{"start":{"line":53,"column":19},"end":{"line":53,"column":null}},"line":53},"7":{"name":"handleAuthError","decl":{"start":{"line":62,"column":9},"end":{"line":62,"column":null}},"loc":{"start":{"line":67,"column":2},"end":{"line":114,"column":null}},"line":67},"8":{"name":"(anonymous_8)","decl":{"start":{"line":78,"column":12},"end":{"line":78,"column":18}},"loc":{"start":{"line":78,"column":18},"end":{"line":78,"column":52}},"line":78},"9":{"name":"(anonymous_9)","decl":{"start":{"line":79,"column":13},"end":{"line":79,"column":19}},"loc":{"start":{"line":79,"column":19},"end":{"line":79,"column":49}},"line":79},"10":{"name":"(anonymous_10)","decl":{"start":{"line":83,"column":26},"end":{"line":83,"column":38}},"loc":{"start":{"line":83,"column":38},"end":{"line":113,"column":5}},"line":83},"11":{"name":"retryOperation","decl":{"start":{"line":116,"column":9},"end":{"line":116,"column":null}},"loc":{"start":{"line":120,"column":2},"end":{"line":134,"column":null}},"line":120},"12":{"name":"(anonymous_12)","decl":{"start":{"line":122,"column":4},"end":{"line":122,"column":9}},"loc":{"start":{"line":122,"column":16},"end":{"line":124,"column":null}},"line":122},"13":{"name":"(anonymous_13)","decl":{"start":{"line":125,"column":4},"end":{"line":125,"column":10}},"loc":{"start":{"line":125,"column":15},"end":{"line":127,"column":null}},"line":125},"14":{"name":"(anonymous_14)","decl":{"start":{"line":128,"column":4},"end":{"line":128,"column":15}},"loc":{"start":{"line":128,"column":15},"end":{"line":130,"column":null}},"line":128},"15":{"name":"(anonymous_15)","decl":{"start":{"line":133,"column":9},"end":{"line":133,"column":15}},"loc":{"start":{"line":133,"column":15},"end":{"line":133,"column":null}},"line":133},"16":{"name":"normalizeRefreshError","decl":{"start":{"line":136,"column":9},"end":{"line":136,"column":31}},"loc":{"start":{"line":136,"column":73},"end":{"line":147,"column":null}},"line":136},"17":{"name":"performLogout","decl":{"start":{"line":149,"column":9},"end":{"line":149,"column":25}},"loc":{"start":{"line":149,"column":25},"end":{"line":154,"column":null}},"line":149},"18":{"name":"createTrpcClient","decl":{"start":{"line":160,"column":16},"end":{"line":160,"column":35}},"loc":{"start":{"line":160,"column":35},"end":{"line":188,"column":null}},"line":160},"19":{"name":"(anonymous_19)","decl":{"start":{"line":174,"column":12},"end":{"line":174,"column":22}},"loc":{"start":{"line":174,"column":22},"end":{"line":177,"column":null}},"line":174},"20":{"name":"(anonymous_20)","decl":{"start":{"line":181,"column":12},"end":{"line":181,"column":22}},"loc":{"start":{"line":181,"column":22},"end":{"line":184,"column":null}},"line":181}},"branchMap":{"0":{"loc":{"start":{"line":39,"column":10},"end":{"line":46,"column":null}},"type":"if","locations":[{"start":{"line":39,"column":10},"end":{"line":46,"column":null}},{"start":{"line":44,"column":17},"end":{"line":46,"column":null}}],"line":39},"1":{"loc":{"start":{"line":40,"column":12},"end":{"line":41,"column":null}},"type":"binary-expr","locations":[{"start":{"line":40,"column":12},"end":{"line":40,"column":null}},{"start":{"line":41,"column":12},"end":{"line":41,"column":null}}],"line":40},"2":{"loc":{"start":{"line":70,"column":2},"end":{"line":74,"column":null}},"type":"if","locations":[{"start":{"line":70,"column":2},"end":{"line":74,"column":null}},{"start":{},"end":{}}],"line":70},"3":{"loc":{"start":{"line":70,"column":6},"end":{"line":70,"column":32}},"type":"binary-expr","locations":[{"start":{"line":70,"column":6},"end":{"line":70,"column":23}},{"start":{"line":70,"column":23},"end":{"line":70,"column":32}}],"line":70},"4":{"loc":{"start":{"line":76,"column":2},"end":{"line":81,"column":null}},"type":"if","locations":[{"start":{"line":76,"column":2},"end":{"line":81,"column":null}},{"start":{},"end":{}}],"line":76},"5":{"loc":{"start":{"line":98,"column":8},"end":{"line":103,"column":null}},"type":"binary-expr","locations":[{"start":{"line":98,"column":8},"end":{"line":98,"column":null}},{"start":{"line":99,"column":8},"end":{"line":99,"column":null}},{"start":{"line":100,"column":9},"end":{"line":100,"column":null}},{"start":{"line":101,"column":10},"end":{"line":103,"column":null}}],"line":98},"6":{"loc":{"start":{"line":105,"column":6},"end":{"line":107,"column":null}},"type":"if","locations":[{"start":{"line":105,"column":6},"end":{"line":107,"column":null}},{"start":{},"end":{}}],"line":105},"7":{"loc":{"start":{"line":137,"column":2},"end":{"line":139,"column":null}},"type":"if","locations":[{"start":{"line":137,"column":2},"end":{"line":139,"column":null}},{"start":{},"end":{}}],"line":137},"8":{"loc":{"start":{"line":141,"column":18},"end":{"line":141,"column":null}},"type":"cond-expr","locations":[{"start":{"line":141,"column":41},"end":{"line":141,"column":55}},{"start":{"line":141,"column":55},"end":{"line":141,"column":null}}],"line":141},"9":{"loc":{"start":{"line":145,"column":4},"end":{"line":145,"column":null}},"type":"cond-expr","locations":[{"start":{"line":145,"column":27},"end":{"line":145,"column":44}},{"start":{"line":145,"column":44},"end":{"line":145,"column":null}}],"line":145},"10":{"loc":{"start":{"line":162,"column":18},"end":{"line":162,"column":null}},"type":"cond-expr","locations":[{"start":{"line":162,"column":27},"end":{"line":162,"column":53}},{"start":{"line":162,"column":53},"end":{"line":162,"column":null}}],"line":162},"11":{"loc":{"start":{"line":167,"column":10},"end":{"line":167,"column":null}},"type":"cond-expr","locations":[{"start":{"line":167,"column":19},"end":{"line":167,"column":24}},{"start":{"line":167,"column":24},"end":{"line":167,"column":null}}],"line":167},"12":{"loc":{"start":{"line":171,"column":6},"end":{"line":185,"column":null}},"type":"cond-expr","locations":[{"start":{"line":171,"column":6},"end":{"line":178,"column":null}},{"start":{"line":178,"column":11},"end":{"line":185,"column":null}}],"line":171},"13":{"loc":{"start":{"line":176,"column":21},"end":{"line":176,"column":null}},"type":"cond-expr","locations":[{"start":{"line":176,"column":29},"end":{"line":176,"column":68}},{"start":{"line":176,"column":68},"end":{"line":176,"column":null}}],"line":176},"14":{"loc":{"start":{"line":183,"column":21},"end":{"line":183,"column":null}},"type":"cond-expr","locations":[{"start":{"line":183,"column":29},"end":{"line":183,"column":68}},{"start":{"line":183,"column":68},"end":{"line":183,"column":null}}],"line":183}},"s":{"0":16,"1":16,"2":0,"3":0,"4":0,"5":0,"6":0,"7":0,"8":0,"9":0,"10":0,"11":0,"12":0,"13":0,"14":0,"15":0,"16":0,"17":0,"18":0,"19":0,"20":0,"21":0,"22":0,"23":0,"24":0,"25":0,"26":0,"27":0,"28":0,"29":0,"30":0,"31":0,"32":0,"33":0,"34":0,"35":0,"36":0,"37":0,"38":0,"39":0,"40":0,"41":0,"42":0,"43":0,"44":0,"45":0,"46":0,"47":16,"48":16,"49":16,"50":145,"51":145,"52":0,"53":0,"54":16,"55":16,"56":16},"f":{"0":0,"1":0,"2":0,"3":0,"4":0,"5":0,"6":0,"7":0,"8":0,"9":0,"10":0,"11":0,"12":0,"13":0,"14":0,"15":0,"16":0,"17":0,"18":16,"19":145,"20":0},"b":{"0":[0,0],"1":[0,0],"2":[0,0],"3":[0,0],"4":[0,0],"5":[0,0,0,0],"6":[0,0],"7":[0,0],"8":[0,0],"9":[0,0],"10":[16,0],"11":[16,0],"12":[16,0],"13":[127,18],"14":[0,0]},"meta":{"lastBranch":15,"lastFunction":21,"lastStatement":57,"seen":{"s:28:49:28:Infinity":0,"s:30:45:55:Infinity":1,"f:30:45:30:51":0,"s:31:2:54:Infinity":2,"f:31:9:31:10":1,"s:31:21:54:Infinity":3,"f:32:15:32:16":2,"s:34:27:51:Infinity":4,"f:35:8:35:13":3,"s:36:10:36:Infinity":5,"f:38:8:38:14":4,"b:39:10:46:Infinity:44:17:46:Infinity":0,"s:39:10:46:Infinity":6,"b:40:12:40:Infinity:41:12:41:Infinity":1,"s:43:12:43:Infinity":7,"s:45:12:45:Infinity":8,"f:48:8:48:19":5,"s:49:10:49:Infinity":9,"s:53:6:53:Infinity":10,"f:53:13:53:19":6,"s:53:19:53:Infinity":11,"f:62:9:62:Infinity":7,"s:68:35:68:Infinity":12,"b:70:2:74:Infinity:undefined:undefined:undefined:undefined":2,"s:70:2:74:Infinity":13,"b:70:6:70:23:70:23:70:32":3,"s:71:4:71:Infinity":14,"s:72:4:72:Infinity":15,"s:73:4:73:Infinity":16,"b:76:2:81:Infinity:undefined:undefined:undefined:undefined":4,"s:76:2:81:Infinity":17,"s:77:4:79:Infinity":18,"f:78:12:78:18":8,"s:78:18:78:52":19,"f:79:13:79:19":9,"s:79:19:79:49":20,"s:80:4:80:Infinity":21,"s:83:2:113:Infinity":22,"f:83:26:83:38":10,"s:84:4:112:Infinity":23,"s:85:22:87:Infinity":24,"s:89:6:91:Infinity":25,"s:93:6:93:Infinity":26,"s:95:27:95:Infinity":27,"s:98:8:103:Infinity":28,"b:98:8:98:Infinity:99:8:99:Infinity:100:9:100:Infinity:101:10:103:Infinity":5,"b:105:6:107:Infinity:undefined:undefined:undefined:undefined":6,"s:105:6:107:Infinity":29,"s:106:8:106:Infinity":30,"s:109:6:109:Infinity":31,"s:111:6:111:Infinity":32,"f:116:9:116:Infinity":11,"s:121:23:131:Infinity":33,"f:122:4:122:9":12,"s:123:6:123:Infinity":34,"f:125:4:125:10":13,"s:126:6:126:Infinity":35,"f:128:4:128:15":14,"s:129:6:129:Infinity":36,"s:133:2:133:Infinity":37,"f:133:9:133:15":15,"s:133:15:133:Infinity":38,"f:136:9:136:31":16,"b:137:2:139:Infinity:undefined:undefined:undefined:undefined":7,"s:137:2:139:Infinity":39,"s:138:4:138:Infinity":40,"s:141:18:141:Infinity":41,"b:141:41:141:55:141:55:141:Infinity":8,"s:143:2:146:Infinity":42,"b:145:27:145:44:145:44:145:Infinity":9,"f:149:9:149:25":17,"s:150:2:150:Infinity":43,"s:151:2:151:Infinity":44,"s:152:2:152:Infinity":45,"s:153:2:153:Infinity":46,"f:160:16:160:35":18,"s:161:17:161:Infinity":47,"s:162:18:162:Infinity":48,"b:162:27:162:53:162:53:162:Infinity":10,"s:164:2:187:Infinity":49,"b:167:19:167:24:167:24:167:Infinity":11,"b:171:6:178:Infinity:178:11:185:Infinity":12,"f:174:12:174:22":19,"s:175:28:175:Infinity":50,"s:176:14:176:Infinity":51,"b:176:29:176:68:176:68:176:Infinity":13,"f:181:12:181:22":20,"s:182:28:182:Infinity":52,"s:183:14:183:Infinity":53,"b:183:29:183:68:183:68:183:Infinity":14,"s:190:26:190:Infinity":54,"s:192:13:195:Infinity":55,"s:197:52:198:Infinity":56}}}
,"/home/neil/Projects/dotasks.app/src/app/components/ActionBanner.tsx": {"path":"/home/neil/Projects/dotasks.app/src/app/components/ActionBanner.tsx","statementMap":{"0":{"start":{"line":10,"column":23},"end":{"line":10,"column":null}},"1":{"start":{"line":11,"column":30},"end":{"line":11,"column":null}},"2":{"start":{"line":13,"column":2},"end":{"line":18,"column":null}},"3":{"start":{"line":14,"column":4},"end":{"line":14,"column":null}},"4":{"start":{"line":14,"column":54},"end":{"line":14,"column":null}},"5":{"start":{"line":16,"column":18},"end":{"line":16,"column":null}},"6":{"start":{"line":17,"column":4},"end":{"line":17,"column":null}},"7":{"start":{"line":17,"column":17},"end":{"line":17,"column":null}},"8":{"start":{"line":20,"column":2},"end":{"line":20,"column":null}},"9":{"start":{"line":20,"column":15},"end":{"line":20,"column":null}},"10":{"start":{"line":22,"column":18},"end":{"line":22,"column":null}},"11":{"start":{"line":24,"column":24},"end":{"line":43,"column":null}},"12":{"start":{"line":46,"column":4},"end":{"line":47,"column":null}},"13":{"start":{"line":49,"column":2},"end":{"line":92,"column":null}},"14":{"start":{"line":59,"column":26},"end":{"line":59,"column":null}},"15":{"start":{"line":60,"column":26},"end":{"line":60,"column":null}},"16":{"start":{"line":61,"column":21},"end":{"line":61,"column":null}},"17":{"start":{"line":62,"column":20},"end":{"line":62,"column":null}}},"fnMap":{"0":{"name":"ActionBanner","decl":{"start":{"line":9,"column":16},"end":{"line":9,"column":31}},"loc":{"start":{"line":9,"column":31},"end":{"line":93,"column":null}},"line":9},"1":{"name":"(anonymous_1)","decl":{"start":{"line":13,"column":12},"end":{"line":13,"column":18}},"loc":{"start":{"line":13,"column":18},"end":{"line":18,"column":5}},"line":13},"2":{"name":"(anonymous_2)","decl":{"start":{"line":17,"column":11},"end":{"line":17,"column":17}},"loc":{"start":{"line":17,"column":17},"end":{"line":17,"column":null}},"line":17},"3":{"name":"(anonymous_3)","decl":{"start":{"line":59,"column":20},"end":{"line":59,"column":26}},"loc":{"start":{"line":59,"column":26},"end":{"line":59,"column":null}},"line":59},"4":{"name":"(anonymous_4)","decl":{"start":{"line":60,"column":20},"end":{"line":60,"column":26}},"loc":{"start":{"line":60,"column":26},"end":{"line":60,"column":null}},"line":60},"5":{"name":"(anonymous_5)","decl":{"start":{"line":61,"column":15},"end":{"line":61,"column":21}},"loc":{"start":{"line":61,"column":21},"end":{"line":61,"column":null}},"line":61},"6":{"name":"(anonymous_6)","decl":{"start":{"line":62,"column":14},"end":{"line":62,"column":20}},"loc":{"start":{"line":62,"column":20},"end":{"line":62,"column":null}},"line":62}},"branchMap":{"0":{"loc":{"start":{"line":14,"column":4},"end":{"line":14,"column":null}},"type":"if","locations":[{"start":{"line":14,"column":4},"end":{"line":14,"column":null}},{"start":{},"end":{}}],"line":14},"1":{"loc":{"start":{"line":14,"column":8},"end":{"line":14,"column":54}},"type":"binary-expr","locations":[{"start":{"line":14,"column":8},"end":{"line":14,"column":19}},{"start":{"line":14,"column":19},"end":{"line":14,"column":44}},{"start":{"line":14,"column":44},"end":{"line":14,"column":54}}],"line":14},"2":{"loc":{"start":{"line":16,"column":35},"end":{"line":16,"column":58}},"type":"binary-expr","locations":[{"start":{"line":16,"column":35},"end":{"line":16,"column":54}},{"start":{"line":16,"column":54},"end":{"line":16,"column":58}}],"line":16},"3":{"loc":{"start":{"line":20,"column":2},"end":{"line":20,"column":null}},"type":"if","locations":[{"start":{"line":20,"column":2},"end":{"line":20,"column":null}},{"start":{},"end":{}}],"line":20},"4":{"loc":{"start":{"line":22,"column":18},"end":{"line":22,"column":null}},"type":"binary-expr","locations":[{"start":{"line":22,"column":18},"end":{"line":22,"column":36}},{"start":{"line":22,"column":36},"end":{"line":22,"column":null}}],"line":22},"5":{"loc":{"start":{"line":46,"column":4},"end":{"line":47,"column":null}},"type":"binary-expr","locations":[{"start":{"line":46,"column":4},"end":{"line":46,"column":null}},{"start":{"line":47,"column":4},"end":{"line":47,"column":null}}],"line":46},"6":{"loc":{"start":{"line":51,"column":12},"end":{"line":51,"column":null}},"type":"cond-expr","locations":[{"start":{"line":51,"column":34},"end":{"line":51,"column":44}},{"start":{"line":51,"column":44},"end":{"line":51,"column":null}}],"line":51},"7":{"loc":{"start":{"line":52,"column":17},"end":{"line":52,"column":null}},"type":"cond-expr","locations":[{"start":{"line":52,"column":39},"end":{"line":52,"column":53}},{"start":{"line":52,"column":53},"end":{"line":52,"column":null}}],"line":52}},"s":{"0":76,"1":76,"2":76,"3":74,"4":40,"5":34,"6":74,"7":34,"8":76,"9":42,"10":34,"11":76,"12":76,"13":76,"14":0,"15":0,"16":0,"17":0},"f":{"0":76,"1":74,"2":34,"3":0,"4":0,"5":0,"6":0},"b":{"0":[40,34],"1":[74,34,34],"2":[34,0],"3":[42,34],"4":[34,0],"5":[76,0],"6":[15,19],"7":[15,19]},"meta":{"lastBranch":8,"lastFunction":7,"lastStatement":18,"seen":{"f:9:16:9:31":0,"s:10:23:10:Infinity":0,"s:11:30:11:Infinity":1,"s:13:2:18:Infinity":2,"f:13:12:13:18":1,"b:14:4:14:Infinity:undefined:undefined:undefined:undefined":0,"s:14:4:14:Infinity":3,"b:14:8:14:19:14:19:14:44:14:44:14:54":1,"s:14:54:14:Infinity":4,"s:16:18:16:Infinity":5,"b:16:35:16:54:16:54:16:58":2,"s:17:4:17:Infinity":6,"f:17:11:17:17":2,"s:17:17:17:Infinity":7,"b:20:2:20:Infinity:undefined:undefined:undefined:undefined":3,"s:20:2:20:Infinity":8,"s:20:15:20:Infinity":9,"s:22:18:22:Infinity":10,"b:22:18:22:36:22:36:22:Infinity":4,"s:24:24:43:Infinity":11,"s:46:4:47:Infinity":12,"b:46:4:46:Infinity:47:4:47:Infinity":5,"s:49:2:92:Infinity":13,"b:51:34:51:44:51:44:51:Infinity":6,"b:52:39:52:53:52:53:52:Infinity":7,"f:59:20:59:26":3,"s:59:26:59:Infinity":14,"f:60:20:60:26":4,"s:60:26:60:Infinity":15,"f:61:15:61:21":5,"s:61:21:61:Infinity":16,"f:62:14:62:20":6,"s:62:20:62:Infinity":17}}}
,"/home/neil/Projects/dotasks.app/src/app/components/ColorThemeSelector.tsx": {"path":"/home/neil/Projects/dotasks.app/src/app/components/ColorThemeSelector.tsx","statementMap":{"0":{"start":{"line":17,"column":20},"end":{"line":17,"column":null}},"1":{"start":{"line":20,"column":34},"end":{"line":23,"column":null}},"2":{"start":{"line":21,"column":18},"end":{"line":21,"column":null}},"3":{"start":{"line":22,"column":4},"end":{"line":22,"column":null}},"4":{"start":{"line":26,"column":2},"end":{"line":29,"column":null}},"5":{"start":{"line":27,"column":4},"end":{"line":27,"column":null}},"6":{"start":{"line":28,"column":4},"end":{"line":28,"column":null}},"7":{"start":{"line":31,"column":2},"end":{"line":94,"column":null}},"8":{"start":{"line":67,"column":24},"end":{"line":67,"column":null}},"9":{"start":{"line":68,"column":27},"end":{"line":68,"column":null}},"10":{"start":{"line":70,"column":10},"end":{"line":90,"column":null}},"11":{"start":{"line":73,"column":29},"end":{"line":73,"column":null}}},"fnMap":{"0":{"name":"ColorThemeSelector","decl":{"start":{"line":19,"column":16},"end":{"line":19,"column":37}},"loc":{"start":{"line":19,"column":37},"end":{"line":96,"column":null}},"line":19},"1":{"name":"(anonymous_1)","decl":{"start":{"line":20,"column":59},"end":{"line":20,"column":65}},"loc":{"start":{"line":20,"column":65},"end":{"line":23,"column":3}},"line":20},"2":{"name":"(anonymous_2)","decl":{"start":{"line":26,"column":12},"end":{"line":26,"column":18}},"loc":{"start":{"line":26,"column":18},"end":{"line":29,"column":5}},"line":26},"3":{"name":"(anonymous_3)","decl":{"start":{"line":66,"column":56},"end":{"line":66,"column":57}},"loc":{"start":{"line":66,"column":65},"end":{"line":92,"column":9}},"line":66},"4":{"name":"(anonymous_4)","decl":{"start":{"line":73,"column":23},"end":{"line":73,"column":29}},"loc":{"start":{"line":73,"column":29},"end":{"line":73,"column":null}},"line":73}},"branchMap":{"0":{"loc":{"start":{"line":22,"column":11},"end":{"line":22,"column":null}},"type":"cond-expr","locations":[{"start":{"line":22,"column":41},"end":{"line":22,"column":49}},{"start":{"line":22,"column":49},"end":{"line":22,"column":null}}],"line":22},"1":{"loc":{"start":{"line":22,"column":11},"end":{"line":22,"column":41}},"type":"binary-expr","locations":[{"start":{"line":22,"column":11},"end":{"line":22,"column":20}},{"start":{"line":22,"column":20},"end":{"line":22,"column":41}}],"line":22},"2":{"loc":{"start":{"line":76,"column":16},"end":{"line":76,"column":null}},"type":"binary-expr","locations":[{"start":{"line":76,"column":16},"end":{"line":76,"column":28}},{"start":{"line":76,"column":28},"end":{"line":76,"column":null}}],"line":76},"3":{"loc":{"start":{"line":85,"column":15},"end":{"line":88,"column":null}},"type":"binary-expr","locations":[{"start":{"line":85,"column":15},"end":{"line":85,"column":null}},{"start":{"line":86,"column":16},"end":{"line":88,"column":null}}],"line":85}},"s":{"0":16,"1":61,"2":61,"3":61,"4":61,"5":59,"6":59,"7":61,"8":427,"9":427,"10":427,"11":0},"f":{"0":61,"1":61,"2":59,"3":427,"4":0},"b":{"0":[50,11],"1":[61,50],"2":[427,61],"3":[427,61]},"meta":{"lastBranch":4,"lastFunction":5,"lastStatement":12,"seen":{"s:17:20:17:Infinity":0,"f:19:16:19:37":0,"s:20:34:23:Infinity":1,"f:20:59:20:65":1,"s:21:18:21:Infinity":2,"s:22:4:22:Infinity":3,"b:22:41:22:49:22:49:22:Infinity":0,"b:22:11:22:20:22:20:22:41":1,"s:26:2:29:Infinity":4,"f:26:12:26:18":2,"s:27:4:27:Infinity":5,"s:28:4:28:Infinity":6,"s:31:2:94:Infinity":7,"f:66:56:66:57":3,"s:67:24:67:Infinity":8,"s:68:27:68:Infinity":9,"s:70:10:90:Infinity":10,"f:73:23:73:29":4,"s:73:29:73:Infinity":11,"b:76:16:76:28:76:28:76:Infinity":2,"b:85:15:85:Infinity:86:16:88:Infinity":3}}}
,"/home/neil/Projects/dotasks.app/src/app/components/EmptyLists.tsx": {"path":"/home/neil/Projects/dotasks.app/src/app/components/EmptyLists.tsx","statementMap":{"0":{"start":{"line":11,"column":2},"end":{"line":26,"column":null}}},"fnMap":{"0":{"name":"EmptyLists","decl":{"start":{"line":10,"column":24},"end":{"line":10,"column":35}},"loc":{"start":{"line":10,"column":67},"end":{"line":28,"column":null}},"line":10}},"branchMap":{},"s":{"0":0},"f":{"0":0},"b":{},"meta":{"lastBranch":0,"lastFunction":1,"lastStatement":1,"seen":{"f:10:24:10:35":0,"s:11:2:26:Infinity":0}}}
,"/home/neil/Projects/dotasks.app/src/app/components/FabButton.tsx": {"path":"/home/neil/Projects/dotasks.app/src/app/components/FabButton.tsx","statementMap":{"0":{"start":{"line":28,"column":2},"end":{"line":50,"column":null}}},"fnMap":{"0":{"name":"FabButton","decl":{"start":{"line":20,"column":16},"end":{"line":20,"column":26}},"loc":{"start":{"line":27,"column":19},"end":{"line":52,"column":null}},"line":27}},"branchMap":{"0":{"loc":{"start":{"line":25,"column":2},"end":{"line":25,"column":null}},"type":"default-arg","locations":[{"start":{"line":25,"column":10},"end":{"line":25,"column":null}}],"line":25},"1":{"loc":{"start":{"line":41,"column":8},"end":{"line":41,"column":null}},"type":"binary-expr","locations":[{"start":{"line":41,"column":8},"end":{"line":41,"column":17}},{"start":{"line":41,"column":17},"end":{"line":41,"column":null}}],"line":41}},"s":{"0":78},"f":{"0":78},"b":{"0":[78],"1":[78,4]},"meta":{"lastBranch":2,"lastFunction":1,"lastStatement":1,"seen":{"f:20:16:20:26":0,"b:25:10:25:Infinity":0,"s:28:2:50:Infinity":0,"b:41:8:41:17:41:17:41:Infinity":1}}}
,"/home/neil/Projects/dotasks.app/src/app/components/GlobalIsFetchingIndicator.tsx": {"path":"/home/neil/Projects/dotasks.app/src/app/components/GlobalIsFetchingIndicator.tsx","statementMap":{"0":{"start":{"line":8,"column":8},"end":{"line":8,"column":null}},"1":{"start":{"line":9,"column":8},"end":{"line":9,"column":null}},"2":{"start":{"line":11,"column":24},"end":{"line":11,"column":null}},"3":{"start":{"line":13,"column":2},"end":{"line":13,"column":null}},"4":{"start":{"line":13,"column":22},"end":{"line":13,"column":null}},"5":{"start":{"line":15,"column":2},"end":{"line":25,"column":null}}},"fnMap":{"0":{"name":"GlobalFetchingIndicator","decl":{"start":{"line":7,"column":16},"end":{"line":7,"column":42}},"loc":{"start":{"line":7,"column":42},"end":{"line":27,"column":null}},"line":7}},"branchMap":{"0":{"loc":{"start":{"line":13,"column":2},"end":{"line":13,"column":null}},"type":"if","locations":[{"start":{"line":13,"column":2},"end":{"line":13,"column":null}},{"start":{},"end":{}}],"line":13}},"s":{"0":78,"1":78,"2":78,"3":78,"4":73,"5":5},"f":{"0":78},"b":{"0":[73,5]},"meta":{"lastBranch":1,"lastFunction":1,"lastStatement":6,"seen":{"f:7:16:7:42":0,"s:8:8:8:Infinity":0,"s:9:8:9:Infinity":1,"s:11:24:11:Infinity":2,"b:13:2:13:Infinity:undefined:undefined:undefined:undefined":0,"s:13:2:13:Infinity":3,"s:13:22:13:Infinity":4,"s:15:2:25:Infinity":5}}}
,"/home/neil/Projects/dotasks.app/src/app/components/InstallPWA.tsx": {"path":"/home/neil/Projects/dotasks.app/src/app/components/InstallPWA.tsx","statementMap":{"0":{"start":{"line":12,"column":42},"end":{"line":12,"column":null}},"1":{"start":{"line":13,"column":40},"end":{"line":13,"column":null}},"2":{"start":{"line":15,"column":2},"end":{"line":33,"column":null}},"3":{"start":{"line":16,"column":38},"end":{"line":21,"column":null}},"4":{"start":{"line":17,"column":26},"end":{"line":17,"column":null}},"5":{"start":{"line":18,"column":6},"end":{"line":18,"column":null}},"6":{"start":{"line":19,"column":6},"end":{"line":19,"column":null}},"7":{"start":{"line":20,"column":6},"end":{"line":20,"column":null}},"8":{"start":{"line":23,"column":4},"end":{"line":23,"column":null}},"9":{"start":{"line":26,"column":4},"end":{"line":28,"column":null}},"10":{"start":{"line":27,"column":6},"end":{"line":27,"column":null}},"11":{"start":{"line":30,"column":4},"end":{"line":32,"column":null}},"12":{"start":{"line":31,"column":6},"end":{"line":31,"column":null}},"13":{"start":{"line":35,"column":29},"end":{"line":47,"column":null}},"14":{"start":{"line":36,"column":4},"end":{"line":36,"column":null}},"15":{"start":{"line":36,"column":25},"end":{"line":36,"column":null}},"16":{"start":{"line":38,"column":4},"end":{"line":38,"column":null}},"17":{"start":{"line":40,"column":24},"end":{"line":40,"column":null}},"18":{"start":{"line":42,"column":4},"end":{"line":44,"column":null}},"19":{"start":{"line":43,"column":6},"end":{"line":43,"column":null}},"20":{"start":{"line":46,"column":4},"end":{"line":46,"column":null}},"21":{"start":{"line":49,"column":2},"end":{"line":49,"column":null}},"22":{"start":{"line":49,"column":22},"end":{"line":49,"column":null}},"23":{"start":{"line":51,"column":2},"end":{"line":61,"column":null}}},"fnMap":{"0":{"name":"InstallPWA","decl":{"start":{"line":11,"column":16},"end":{"line":11,"column":29}},"loc":{"start":{"line":11,"column":29},"end":{"line":63,"column":null}},"line":11},"1":{"name":"(anonymous_1)","decl":{"start":{"line":15,"column":12},"end":{"line":15,"column":18}},"loc":{"start":{"line":15,"column":18},"end":{"line":33,"column":5}},"line":15},"2":{"name":"(anonymous_2)","decl":{"start":{"line":16,"column":38},"end":{"line":16,"column":39}},"loc":{"start":{"line":16,"column":52},"end":{"line":21,"column":null}},"line":16},"3":{"name":"(anonymous_3)","decl":{"start":{"line":30,"column":11},"end":{"line":30,"column":17}},"loc":{"start":{"line":30,"column":17},"end":{"line":32,"column":null}},"line":30},"4":{"name":"(anonymous_4)","decl":{"start":{"line":35,"column":29},"end":{"line":35,"column":41}},"loc":{"start":{"line":35,"column":41},"end":{"line":47,"column":null}},"line":35}},"branchMap":{"0":{"loc":{"start":{"line":26,"column":4},"end":{"line":28,"column":null}},"type":"if","locations":[{"start":{"line":26,"column":4},"end":{"line":28,"column":null}},{"start":{},"end":{}}],"line":26},"1":{"loc":{"start":{"line":36,"column":4},"end":{"line":36,"column":null}},"type":"if","locations":[{"start":{"line":36,"column":4},"end":{"line":36,"column":null}},{"start":{},"end":{}}],"line":36},"2":{"loc":{"start":{"line":42,"column":4},"end":{"line":44,"column":null}},"type":"if","locations":[{"start":{"line":42,"column":4},"end":{"line":44,"column":null}},{"start":{},"end":{}}],"line":42},"3":{"loc":{"start":{"line":49,"column":2},"end":{"line":49,"column":null}},"type":"if","locations":[{"start":{"line":49,"column":2},"end":{"line":49,"column":null}},{"start":{},"end":{}}],"line":49}},"s":{"0":46,"1":46,"2":46,"3":10,"4":0,"5":0,"6":0,"7":0,"8":10,"9":10,"10":0,"11":10,"12":10,"13":46,"14":0,"15":0,"16":0,"17":0,"18":0,"19":0,"20":0,"21":46,"22":46,"23":0},"f":{"0":46,"1":10,"2":0,"3":10,"4":0},"b":{"0":[0,10],"1":[0,0],"2":[0,0],"3":[46,0]},"meta":{"lastBranch":4,"lastFunction":5,"lastStatement":24,"seen":{"f:11:16:11:29":0,"s:12:42:12:Infinity":0,"s:13:40:13:Infinity":1,"s:15:2:33:Infinity":2,"f:15:12:15:18":1,"s:16:38:21:Infinity":3,"f:16:38:16:39":2,"s:17:26:17:Infinity":4,"s:18:6:18:Infinity":5,"s:19:6:19:Infinity":6,"s:20:6:20:Infinity":7,"s:23:4:23:Infinity":8,"b:26:4:28:Infinity:undefined:undefined:undefined:undefined":0,"s:26:4:28:Infinity":9,"s:27:6:27:Infinity":10,"s:30:4:32:Infinity":11,"f:30:11:30:17":3,"s:31:6:31:Infinity":12,"s:35:29:47:Infinity":13,"f:35:29:35:41":4,"b:36:4:36:Infinity:undefined:undefined:undefined:undefined":1,"s:36:4:36:Infinity":14,"s:36:25:36:Infinity":15,"s:38:4:38:Infinity":16,"s:40:24:40:Infinity":17,"b:42:4:44:Infinity:undefined:undefined:undefined:undefined":2,"s:42:4:44:Infinity":18,"s:43:6:43:Infinity":19,"s:46:4:46:Infinity":20,"b:49:2:49:Infinity:undefined:undefined:undefined:undefined":3,"s:49:2:49:Infinity":21,"s:49:22:49:Infinity":22,"s:51:2:61:Infinity":23}}}
,"/home/neil/Projects/dotasks.app/src/app/components/Logo.tsx": {"path":"/home/neil/Projects/dotasks.app/src/app/components/Logo.tsx","statementMap":{"0":{"start":{"line":4,"column":2},"end":{"line":29,"column":null}}},"fnMap":{"0":{"name":"Logo","decl":{"start":{"line":3,"column":16},"end":{"line":3,"column":23}},"loc":{"start":{"line":3,"column":23},"end":{"line":31,"column":null}},"line":3}},"branchMap":{},"s":{"0":78},"f":{"0":78},"b":{},"meta":{"lastBranch":0,"lastFunction":1,"lastStatement":1,"seen":{"f:3:16:3:23":0,"s:4:2:29:Infinity":0}}}
,"/home/neil/Projects/dotasks.app/src/app/components/PersistedQueryClientProvider.tsx": {"path":"/home/neil/Projects/dotasks.app/src/app/components/PersistedQueryClientProvider.tsx","statementMap":{"0":{"start":{"line":9,"column":6},"end":{"line":9,"column":null}},"1":{"start":{"line":12,"column":2},"end":{"line":23,"column":null}},"2":{"start":{"line":19,"column":8},"end":{"line":19,"column":null}}},"fnMap":{"0":{"name":"PersistedQueryClientProvider","decl":{"start":{"line":11,"column":16},"end":{"line":11,"column":45}},"loc":{"start":{"line":11,"column":78},"end":{"line":25,"column":null}},"line":11},"1":{"name":"(anonymous_1)","decl":{"start":{"line":18,"column":17},"end":{"line":18,"column":23}},"loc":{"start":{"line":18,"column":23},"end":{"line":20,"column":null}},"line":18}},"branchMap":{},"s":{"0":0,"1":0,"2":0},"f":{"0":0,"1":0},"b":{},"meta":{"lastBranch":0,"lastFunction":2,"lastStatement":3,"seen":{"s:9:6:9:Infinity":0,"f:11:16:11:45":0,"s:12:2:23:Infinity":1,"f:18:17:18:23":1,"s:19:8:19:Infinity":2}}}
,"/home/neil/Projects/dotasks.app/src/app/components/ProfileIcon.tsx": {"path":"/home/neil/Projects/dotasks.app/src/app/components/ProfileIcon.tsx","statementMap":{"0":{"start":{"line":7,"column":2},"end":{"line":31,"column":null}}},"fnMap":{"0":{"name":"ProfileIcon","decl":{"start":{"line":6,"column":9},"end":{"line":6,"column":23}},"loc":{"start":{"line":6,"column":23},"end":{"line":33,"column":null}},"line":6}},"branchMap":{},"s":{"0":61},"f":{"0":61},"b":{},"meta":{"lastBranch":0,"lastFunction":1,"lastStatement":1,"seen":{"f:6:9:6:23":0,"s:7:2:31:Infinity":0}}}
,"/home/neil/Projects/dotasks.app/src/app/components/RealtimeListeners.tsx": {"path":"/home/neil/Projects/dotasks.app/src/app/components/RealtimeListeners.tsx","statementMap":{"0":{"start":{"line":7,"column":23},"end":{"line":7,"column":null}},"1":{"start":{"line":9,"column":18},"end":{"line":9,"column":null}},"2":{"start":{"line":11,"column":2},"end":{"line":15,"column":null}},"3":{"start":{"line":17,"column":2},"end":{"line":17,"column":null}}},"fnMap":{"0":{"name":"RealtimeListeners","decl":{"start":{"line":6,"column":16},"end":{"line":6,"column":36}},"loc":{"start":{"line":6,"column":36},"end":{"line":18,"column":null}},"line":6}},"branchMap":{},"s":{"0":0,"1":0,"2":0,"3":0},"f":{"0":0},"b":{},"meta":{"lastBranch":0,"lastFunction":1,"lastStatement":4,"seen":{"f:6:16:6:36":0,"s:7:23:7:Infinity":0,"s:9:18:9:Infinity":1,"s:11:2:15:Infinity":2,"s:17:2:17:Infinity":3}}}
,"/home/neil/Projects/dotasks.app/src/app/components/ThemeProvider.tsx": {"path":"/home/neil/Projects/dotasks.app/src/app/components/ThemeProvider.tsx","statementMap":{"0":{"start":{"line":24,"column":2},"end":{"line":33,"column":null}}},"fnMap":{"0":{"name":"ThemeProvider","decl":{"start":{"line":17,"column":16},"end":{"line":17,"column":30}},"loc":{"start":{"line":23,"column":23},"end":{"line":35,"column":null}},"line":23}},"branchMap":{"0":{"loc":{"start":{"line":19,"column":2},"end":{"line":19,"column":null}},"type":"default-arg","locations":[{"start":{"line":19,"column":17},"end":{"line":19,"column":null}}],"line":19},"1":{"loc":{"start":{"line":20,"column":2},"end":{"line":20,"column":null}},"type":"default-arg","locations":[{"start":{"line":20,"column":15},"end":{"line":20,"column":null}}],"line":20},"2":{"loc":{"start":{"line":21,"column":2},"end":{"line":21,"column":null}},"type":"default-arg","locations":[{"start":{"line":21,"column":17},"end":{"line":21,"column":null}}],"line":21}},"s":{"0":0},"f":{"0":0},"b":{"0":[0],"1":[0],"2":[0]},"meta":{"lastBranch":3,"lastFunction":1,"lastStatement":1,"seen":{"f:17:16:17:30":0,"b:19:17:19:Infinity":0,"b:20:15:20:Infinity":1,"b:21:17:21:Infinity":2,"s:24:2:33:Infinity":0}}}
,"/home/neil/Projects/dotasks.app/src/app/components/ThemeToggle.tsx": {"path":"/home/neil/Projects/dotasks.app/src/app/components/ThemeToggle.tsx","statementMap":{"0":{"start":{"line":14,"column":19},"end":{"line":14,"column":null}},"1":{"start":{"line":16,"column":2},"end":{"line":61,"column":null}},"2":{"start":{"line":51,"column":41},"end":{"line":51,"column":60}},"3":{"start":{"line":54,"column":41},"end":{"line":54,"column":59}},"4":{"start":{"line":57,"column":41},"end":{"line":57,"column":61}}},"fnMap":{"0":{"name":"ThemeToggle","decl":{"start":{"line":13,"column":16},"end":{"line":13,"column":30}},"loc":{"start":{"line":13,"column":30},"end":{"line":63,"column":null}},"line":13},"1":{"name":"(anonymous_1)","decl":{"start":{"line":51,"column":35},"end":{"line":51,"column":41}},"loc":{"start":{"line":51,"column":41},"end":{"line":51,"column":60}},"line":51},"2":{"name":"(anonymous_2)","decl":{"start":{"line":54,"column":35},"end":{"line":54,"column":41}},"loc":{"start":{"line":54,"column":41},"end":{"line":54,"column":59}},"line":54},"3":{"name":"(anonymous_3)","decl":{"start":{"line":57,"column":35},"end":{"line":57,"column":41}},"loc":{"start":{"line":57,"column":41},"end":{"line":57,"column":61}},"line":57}},"branchMap":{},"s":{"0":61,"1":61,"2":0,"3":0,"4":0},"f":{"0":61,"1":0,"2":0,"3":0},"b":{},"meta":{"lastBranch":0,"lastFunction":4,"lastStatement":5,"seen":{"f:13:16:13:30":0,"s:14:19:14:Infinity":0,"s:16:2:61:Infinity":1,"f:51:35:51:41":1,"s:51:41:51:60":2,"f:54:35:54:41":2,"s:54:41:54:59":3,"f:57:35:57:41":3,"s:57:41:57:61":4}}}
,"/home/neil/Projects/dotasks.app/src/app/components/ui/alert-dialog.tsx": {"path":"/home/neil/Projects/dotasks.app/src/app/components/ui/alert-dialog.tsx","statementMap":{"0":{"start":{"line":10,"column":2},"end":{"line":10,"column":null}},"1":{"start":{"line":16,"column":2},"end":{"line":17,"column":null}},"2":{"start":{"line":24,"column":2},"end":{"line":25,"column":null}},"3":{"start":{"line":33,"column":2},"end":{"line":41,"column":null}},"4":{"start":{"line":52,"column":2},"end":{"line":64,"column":null}},"5":{"start":{"line":72,"column":2},"end":{"line":80,"column":null}},"6":{"start":{"line":88,"column":2},"end":{"line":96,"column":null}},"7":{"start":{"line":104,"column":2},"end":{"line":112,"column":null}},"8":{"start":{"line":120,"column":2},"end":{"line":125,"column":null}},"9":{"start":{"line":133,"column":2},"end":{"line":141,"column":null}},"10":{"start":{"line":152,"column":2},"end":{"line":159,"column":null}},"11":{"start":{"line":170,"column":2},"end":{"line":177,"column":null}}},"fnMap":{"0":{"name":"AlertDialog","decl":{"start":{"line":7,"column":9},"end":{"line":7,"column":21}},"loc":{"start":{"line":9,"column":59},"end":{"line":11,"column":null}},"line":9},"1":{"name":"AlertDialogTrigger","decl":{"start":{"line":13,"column":9},"end":{"line":13,"column":28}},"loc":{"start":{"line":15,"column":62},"end":{"line":19,"column":null}},"line":15},"2":{"name":"AlertDialogPortal","decl":{"start":{"line":21,"column":9},"end":{"line":21,"column":27}},"loc":{"start":{"line":23,"column":61},"end":{"line":27,"column":null}},"line":23},"3":{"name":"AlertDialogOverlay","decl":{"start":{"line":29,"column":9},"end":{"line":29,"column":28}},"loc":{"start":{"line":32,"column":62},"end":{"line":43,"column":null}},"line":32},"4":{"name":"AlertDialogContent","decl":{"start":{"line":45,"column":9},"end":{"line":45,"column":28}},"loc":{"start":{"line":51,"column":3},"end":{"line":66,"column":null}},"line":51},"5":{"name":"AlertDialogHeader","decl":{"start":{"line":68,"column":9},"end":{"line":68,"column":27}},"loc":{"start":{"line":71,"column":32},"end":{"line":82,"column":null}},"line":71},"6":{"name":"AlertDialogFooter","decl":{"start":{"line":84,"column":9},"end":{"line":84,"column":27}},"loc":{"start":{"line":87,"column":32},"end":{"line":98,"column":null}},"line":87},"7":{"name":"AlertDialogTitle","decl":{"start":{"line":100,"column":9},"end":{"line":100,"column":26}},"loc":{"start":{"line":103,"column":60},"end":{"line":114,"column":null}},"line":103},"8":{"name":"AlertDialogDescription","decl":{"start":{"line":116,"column":9},"end":{"line":116,"column":32}},"loc":{"start":{"line":119,"column":66},"end":{"line":127,"column":null}},"line":119},"9":{"name":"AlertDialogMedia","decl":{"start":{"line":129,"column":9},"end":{"line":129,"column":26}},"loc":{"start":{"line":132,"column":32},"end":{"line":143,"column":null}},"line":132},"10":{"name":"AlertDialogAction","decl":{"start":{"line":145,"column":9},"end":{"line":145,"column":27}},"loc":{"start":{"line":151,"column":65},"end":{"line":161,"column":null}},"line":151},"11":{"name":"AlertDialogCancel","decl":{"start":{"line":163,"column":9},"end":{"line":163,"column":27}},"loc":{"start":{"line":169,"column":65},"end":{"line":179,"column":null}},"line":169}},"branchMap":{"0":{"loc":{"start":{"line":47,"column":2},"end":{"line":47,"column":null}},"type":"default-arg","locations":[{"start":{"line":47,"column":9},"end":{"line":47,"column":null}}],"line":47},"1":{"loc":{"start":{"line":147,"column":2},"end":{"line":147,"column":null}},"type":"default-arg","locations":[{"start":{"line":147,"column":12},"end":{"line":147,"column":null}}],"line":147},"2":{"loc":{"start":{"line":148,"column":2},"end":{"line":148,"column":null}},"type":"default-arg","locations":[{"start":{"line":148,"column":9},"end":{"line":148,"column":null}}],"line":148},"3":{"loc":{"start":{"line":165,"column":2},"end":{"line":165,"column":null}},"type":"default-arg","locations":[{"start":{"line":165,"column":12},"end":{"line":165,"column":null}}],"line":165},"4":{"loc":{"start":{"line":166,"column":2},"end":{"line":166,"column":null}},"type":"default-arg","locations":[{"start":{"line":166,"column":9},"end":{"line":166,"column":null}}],"line":166}},"s":{"0":46,"1":46,"2":46,"3":3,"4":46,"5":2,"6":2,"7":2,"8":2,"9":0,"10":2,"11":2},"f":{"0":46,"1":46,"2":46,"3":3,"4":46,"5":2,"6":2,"7":2,"8":2,"9":0,"10":2,"11":2},"b":{"0":[46],"1":[2],"2":[2],"3":[2],"4":[2]},"meta":{"lastBranch":5,"lastFunction":12,"lastStatement":12,"seen":{"f:7:9:7:21":0,"s:10:2:10:Infinity":0,"f:13:9:13:28":1,"s:16:2:17:Infinity":1,"f:21:9:21:27":2,"s:24:2:25:Infinity":2,"f:29:9:29:28":3,"s:33:2:41:Infinity":3,"f:45:9:45:28":4,"b:47:9:47:Infinity":0,"s:52:2:64:Infinity":4,"f:68:9:68:27":5,"s:72:2:80:Infinity":5,"f:84:9:84:27":6,"s:88:2:96:Infinity":6,"f:100:9:100:26":7,"s:104:2:112:Infinity":7,"f:116:9:116:32":8,"s:120:2:125:Infinity":8,"f:129:9:129:26":9,"s:133:2:141:Infinity":9,"f:145:9:145:27":10,"b:147:12:147:Infinity":1,"b:148:9:148:Infinity":2,"s:152:2:159:Infinity":10,"f:163:9:163:27":11,"b:165:12:165:Infinity":3,"b:166:9:166:Infinity":4,"s:170:2:177:Infinity":11}}}
,"/home/neil/Projects/dotasks.app/src/app/components/ui/button.tsx": {"path":"/home/neil/Projects/dotasks.app/src/app/components/ui/button.tsx","statementMap":{"0":{"start":{"line":7,"column":6},"end":{"line":36,"column":null}},"1":{"start":{"line":48,"column":15},"end":{"line":48,"column":null}},"2":{"start":{"line":50,"column":2},"end":{"line":55,"column":null}}},"fnMap":{"0":{"name":"Button","decl":{"start":{"line":38,"column":9},"end":{"line":38,"column":16}},"loc":{"start":{"line":47,"column":5},"end":{"line":57,"column":null}},"line":47}},"branchMap":{"0":{"loc":{"start":{"line":42,"column":2},"end":{"line":42,"column":null}},"type":"default-arg","locations":[{"start":{"line":42,"column":12},"end":{"line":42,"column":null}}],"line":42},"1":{"loc":{"start":{"line":48,"column":15},"end":{"line":48,"column":null}},"type":"cond-expr","locations":[{"start":{"line":48,"column":25},"end":{"line":48,"column":32}},{"start":{"line":48,"column":32},"end":{"line":48,"column":null}}],"line":48}},"s":{"0":16,"1":1250,"2":1250},"f":{"0":1250},"b":{"0":[1250],"1":[86,1164]},"meta":{"lastBranch":2,"lastFunction":1,"lastStatement":3,"seen":{"s:7:6:36:Infinity":0,"f:38:9:38:16":0,"b:42:12:42:Infinity":0,"s:48:15:48:Infinity":1,"b:48:25:48:32:48:32:48:Infinity":1,"s:50:2:55:Infinity":2}}}
,"/home/neil/Projects/dotasks.app/src/app/components/ui/card.tsx": {"path":"/home/neil/Projects/dotasks.app/src/app/components/ui/card.tsx","statementMap":{"0":{"start":{"line":6,"column":2},"end":{"line":14,"column":null}},"1":{"start":{"line":19,"column":2},"end":{"line":27,"column":null}},"2":{"start":{"line":32,"column":2},"end":{"line":37,"column":null}},"3":{"start":{"line":42,"column":2},"end":{"line":47,"column":null}},"4":{"start":{"line":52,"column":2},"end":{"line":60,"column":null}},"5":{"start":{"line":65,"column":2},"end":{"line":70,"column":null}},"6":{"start":{"line":75,"column":2},"end":{"line":80,"column":null}}},"fnMap":{"0":{"name":"Card","decl":{"start":{"line":5,"column":9},"end":{"line":5,"column":14}},"loc":{"start":{"line":5,"column":68},"end":{"line":16,"column":null}},"line":5},"1":{"name":"CardHeader","decl":{"start":{"line":18,"column":9},"end":{"line":18,"column":20}},"loc":{"start":{"line":18,"column":74},"end":{"line":29,"column":null}},"line":18},"2":{"name":"CardTitle","decl":{"start":{"line":31,"column":9},"end":{"line":31,"column":19}},"loc":{"start":{"line":31,"column":73},"end":{"line":39,"column":null}},"line":31},"3":{"name":"CardDescription","decl":{"start":{"line":41,"column":9},"end":{"line":41,"column":25}},"loc":{"start":{"line":41,"column":79},"end":{"line":49,"column":null}},"line":41},"4":{"name":"CardAction","decl":{"start":{"line":51,"column":9},"end":{"line":51,"column":20}},"loc":{"start":{"line":51,"column":74},"end":{"line":62,"column":null}},"line":51},"5":{"name":"CardContent","decl":{"start":{"line":64,"column":9},"end":{"line":64,"column":21}},"loc":{"start":{"line":64,"column":75},"end":{"line":72,"column":null}},"line":64},"6":{"name":"CardFooter","decl":{"start":{"line":74,"column":9},"end":{"line":74,"column":20}},"loc":{"start":{"line":74,"column":74},"end":{"line":82,"column":null}},"line":74}},"branchMap":{},"s":{"0":0,"1":0,"2":0,"3":0,"4":0,"5":0,"6":0},"f":{"0":0,"1":0,"2":0,"3":0,"4":0,"5":0,"6":0},"b":{},"meta":{"lastBranch":0,"lastFunction":7,"lastStatement":7,"seen":{"f:5:9:5:14":0,"s:6:2:14:Infinity":0,"f:18:9:18:20":1,"s:19:2:27:Infinity":1,"f:31:9:31:19":2,"s:32:2:37:Infinity":2,"f:41:9:41:25":3,"s:42:2:47:Infinity":3,"f:51:9:51:20":4,"s:52:2:60:Infinity":4,"f:64:9:64:21":5,"s:65:2:70:Infinity":5,"f:74:9:74:20":6,"s:75:2:80:Infinity":6}}}
,"/home/neil/Projects/dotasks.app/src/app/components/ui/chart.tsx": {"path":"/home/neil/Projects/dotasks.app/src/app/components/ui/chart.tsx","statementMap":{"0":{"start":{"line":7,"column":15},"end":{"line":7,"column":null}},"1":{"start":{"line":23,"column":21},"end":{"line":23,"column":null}},"2":{"start":{"line":26,"column":18},"end":{"line":26,"column":null}},"3":{"start":{"line":28,"column":2},"end":{"line":30,"column":null}},"4":{"start":{"line":29,"column":4},"end":{"line":29,"column":null}},"5":{"start":{"line":32,"column":2},"end":{"line":32,"column":null}},"6":{"start":{"line":47,"column":19},"end":{"line":47,"column":null}},"7":{"start":{"line":48,"column":18},"end":{"line":48,"column":null}},"8":{"start":{"line":50,"column":2},"end":{"line":66,"column":null}},"9":{"start":{"line":70,"column":19},"end":{"line":101,"column":null}},"10":{"start":{"line":71,"column":22},"end":{"line":73,"column":null}},"11":{"start":{"line":72,"column":20},"end":{"line":72,"column":null}},"12":{"start":{"line":75,"column":2},"end":{"line":77,"column":null}},"13":{"start":{"line":76,"column":4},"end":{"line":76,"column":null}},"14":{"start":{"line":79,"column":2},"end":{"line":99,"column":null}},"15":{"start":{"line":84,"column":33},"end":{"line":93,"column":null}},"16":{"start":{"line":89,"column":6},"end":{"line":90,"column":null}},"17":{"start":{"line":91,"column":4},"end":{"line":91,"column":null}},"18":{"start":{"line":103,"column":21},"end":{"line":103,"column":null}},"19":{"start":{"line":127,"column":21},"end":{"line":127,"column":null}},"20":{"start":{"line":129,"column":23},"end":{"line":163,"column":null}},"21":{"start":{"line":130,"column":4},"end":{"line":132,"column":null}},"22":{"start":{"line":131,"column":6},"end":{"line":131,"column":null}},"23":{"start":{"line":134,"column":19},"end":{"line":134,"column":null}},"24":{"start":{"line":135,"column":16},"end":{"line":135,"column":null}},"25":{"start":{"line":136,"column":23},"end":{"line":136,"column":null}},"26":{"start":{"line":138,"column":6},"end":{"line":140,"column":null}},"27":{"start":{"line":142,"column":4},"end":{"line":148,"column":null}},"28":{"start":{"line":143,"column":6},"end":{"line":146,"column":null}},"29":{"start":{"line":150,"column":4},"end":{"line":152,"column":null}},"30":{"start":{"line":151,"column":6},"end":{"line":151,"column":null}},"31":{"start":{"line":154,"column":4},"end":{"line":154,"column":null}},"32":{"start":{"line":165,"column":2},"end":{"line":167,"column":null}},"33":{"start":{"line":166,"column":4},"end":{"line":166,"column":null}},"34":{"start":{"line":169,"column":20},"end":{"line":169,"column":null}},"35":{"start":{"line":171,"column":2},"end":{"line":245,"column":null}},"36":{"start":{"line":181,"column":22},"end":{"line":181,"column":null}},"37":{"start":{"line":182,"column":29},"end":{"line":182,"column":null}},"38":{"start":{"line":183,"column":33},"end":{"line":183,"column":null}},"39":{"start":{"line":185,"column":10},"end":{"line":241,"column":null}},"40":{"start":{"line":249,"column":20},"end":{"line":249,"column":null}},"41":{"start":{"line":262,"column":21},"end":{"line":262,"column":null}},"42":{"start":{"line":264,"column":2},"end":{"line":266,"column":null}},"43":{"start":{"line":265,"column":4},"end":{"line":265,"column":null}},"44":{"start":{"line":268,"column":2},"end":{"line":301,"column":null}},"45":{"start":{"line":277,"column":20},"end":{"line":277,"column":null}},"46":{"start":{"line":278,"column":27},"end":{"line":278,"column":null}},"47":{"start":{"line":280,"column":8},"end":{"line":298,"column":null}},"48":{"start":{"line":311,"column":2},"end":{"line":313,"column":null}},"49":{"start":{"line":312,"column":4},"end":{"line":312,"column":null}},"50":{"start":{"line":316,"column":4},"end":{"line":320,"column":null}},"51":{"start":{"line":322,"column":31},"end":{"line":322,"column":null}},"52":{"start":{"line":324,"column":2},"end":{"line":337,"column":null}},"53":{"start":{"line":328,"column":4},"end":{"line":328,"column":null}},"54":{"start":{"line":329,"column":2},"end":{"line":337,"column":null}},"55":{"start":{"line":334,"column":4},"end":{"line":336,"column":null}},"56":{"start":{"line":339,"column":2},"end":{"line":341,"column":null}}},"fnMap":{"0":{"name":"useChart","decl":{"start":{"line":25,"column":9},"end":{"line":25,"column":20}},"loc":{"start":{"line":25,"column":20},"end":{"line":33,"column":null}},"line":25},"1":{"name":"ChartContainer","decl":{"start":{"line":35,"column":9},"end":{"line":35,"column":24}},"loc":{"start":{"line":46,"column":3},"end":{"line":68,"column":null}},"line":46},"2":{"name":"(anonymous_2)","decl":{"start":{"line":70,"column":19},"end":{"line":70,"column":20}},"loc":{"start":{"line":70,"column":76},"end":{"line":101,"column":null}},"line":70},"3":{"name":"(anonymous_3)","decl":{"start":{"line":72,"column":4},"end":{"line":72,"column":5}},"loc":{"start":{"line":72,"column":20},"end":{"line":72,"column":null}},"line":72},"4":{"name":"(anonymous_4)","decl":{"start":{"line":84,"column":12},"end":{"line":84,"column":13}},"loc":{"start":{"line":84,"column":33},"end":{"line":93,"column":null}},"line":84},"5":{"name":"(anonymous_5)","decl":{"start":{"line":87,"column":7},"end":{"line":87,"column":8}},"loc":{"start":{"line":87,"column":30},"end":{"line":92,"column":3}},"line":87},"6":{"name":"ChartTooltipContent","decl":{"start":{"line":105,"column":9},"end":{"line":105,"column":29}},"loc":{"start":{"line":126,"column":5},"end":{"line":247,"column":null}},"line":126},"7":{"name":"(anonymous_7)","decl":{"start":{"line":129,"column":37},"end":{"line":129,"column":43}},"loc":{"start":{"line":129,"column":43},"end":{"line":155,"column":5}},"line":129},"8":{"name":"(anonymous_8)","decl":{"start":{"line":180,"column":21},"end":{"line":180,"column":22}},"loc":{"start":{"line":180,"column":38},"end":{"line":243,"column":9}},"line":180},"9":{"name":"ChartLegendContent","decl":{"start":{"line":251,"column":9},"end":{"line":251,"column":28}},"loc":{"start":{"line":261,"column":5},"end":{"line":303,"column":null}},"line":261},"10":{"name":"(anonymous_10)","decl":{"start":{"line":276,"column":19},"end":{"line":276,"column":20}},"loc":{"start":{"line":276,"column":29},"end":{"line":300,"column":7}},"line":276},"11":{"name":"getPayloadConfigFromPayload","decl":{"start":{"line":306,"column":9},"end":{"line":306,"column":null}},"loc":{"start":{"line":310,"column":2},"end":{"line":342,"column":null}},"line":310}},"branchMap":{"0":{"loc":{"start":{"line":28,"column":2},"end":{"line":30,"column":null}},"type":"if","locations":[{"start":{"line":28,"column":2},"end":{"line":30,"column":null}},{"start":{},"end":{}}],"line":28},"1":{"loc":{"start":{"line":48,"column":27},"end":{"line":48,"column":59}},"type":"binary-expr","locations":[{"start":{"line":48,"column":27},"end":{"line":48,"column":33}},{"start":{"line":48,"column":33},"end":{"line":48,"column":59}}],"line":48},"2":{"loc":{"start":{"line":72,"column":20},"end":{"line":72,"column":null}},"type":"binary-expr","locations":[{"start":{"line":72,"column":20},"end":{"line":72,"column":36}},{"start":{"line":72,"column":36},"end":{"line":72,"column":null}}],"line":72},"3":{"loc":{"start":{"line":75,"column":2},"end":{"line":77,"column":null}},"type":"if","locations":[{"start":{"line":75,"column":2},"end":{"line":77,"column":null}},{"start":{},"end":{}}],"line":75},"4":{"loc":{"start":{"line":89,"column":6},"end":{"line":90,"column":null}},"type":"binary-expr","locations":[{"start":{"line":89,"column":6},"end":{"line":89,"column":null}},{"start":{"line":90,"column":6},"end":{"line":90,"column":null}}],"line":89},"5":{"loc":{"start":{"line":91,"column":11},"end":{"line":91,"column":null}},"type":"cond-expr","locations":[{"start":{"line":91,"column":19},"end":{"line":91,"column":51}},{"start":{"line":91,"column":51},"end":{"line":91,"column":null}}],"line":91},"6":{"loc":{"start":{"line":109,"column":2},"end":{"line":109,"column":null}},"type":"default-arg","locations":[{"start":{"line":109,"column":14},"end":{"line":109,"column":null}}],"line":109},"7":{"loc":{"start":{"line":110,"column":2},"end":{"line":110,"column":null}},"type":"default-arg","locations":[{"start":{"line":110,"column":14},"end":{"line":110,"column":null}}],"line":110},"8":{"loc":{"start":{"line":111,"column":2},"end":{"line":111,"column":null}},"type":"default-arg","locations":[{"start":{"line":111,"column":18},"end":{"line":111,"column":null}}],"line":111},"9":{"loc":{"start":{"line":130,"column":4},"end":{"line":132,"column":null}},"type":"if","locations":[{"start":{"line":130,"column":4},"end":{"line":132,"column":null}},{"start":{},"end":{}}],"line":130},"10":{"loc":{"start":{"line":130,"column":8},"end":{"line":130,"column":39}},"type":"binary-expr","locations":[{"start":{"line":130,"column":8},"end":{"line":130,"column":21}},{"start":{"line":130,"column":21},"end":{"line":130,"column":39}}],"line":130},"11":{"loc":{"start":{"line":135,"column":19},"end":{"line":135,"column":69}},"type":"binary-expr","locations":[{"start":{"line":135,"column":19},"end":{"line":135,"column":31}},{"start":{"line":135,"column":31},"end":{"line":135,"column":48}},{"start":{"line":135,"column":48},"end":{"line":135,"column":62}},{"start":{"line":135,"column":62},"end":{"line":135,"column":69}}],"line":135},"12":{"loc":{"start":{"line":138,"column":6},"end":{"line":140,"column":null}},"type":"cond-expr","locations":[{"start":{"line":139,"column":10},"end":{"line":139,"column":null}},{"start":{"line":140,"column":10},"end":{"line":140,"column":null}}],"line":138},"13":{"loc":{"start":{"line":138,"column":6},"end":{"line":138,"column":null}},"type":"binary-expr","locations":[{"start":{"line":138,"column":6},"end":{"line":138,"column":19}},{"start":{"line":138,"column":19},"end":{"line":138,"column":null}}],"line":138},"14":{"loc":{"start":{"line":139,"column":10},"end":{"line":139,"column":null}},"type":"binary-expr","locations":[{"start":{"line":139,"column":10},"end":{"line":139,"column":57}},{"start":{"line":139,"column":57},"end":{"line":139,"column":null}}],"line":139},"15":{"loc":{"start":{"line":142,"column":4},"end":{"line":148,"column":null}},"type":"if","locations":[{"start":{"line":142,"column":4},"end":{"line":148,"column":null}},{"start":{},"end":{}}],"line":142},"16":{"loc":{"start":{"line":150,"column":4},"end":{"line":152,"column":null}},"type":"if","locations":[{"start":{"line":150,"column":4},"end":{"line":152,"column":null}},{"start":{},"end":{}}],"line":150},"17":{"loc":{"start":{"line":165,"column":2},"end":{"line":167,"column":null}},"type":"if","locations":[{"start":{"line":165,"column":2},"end":{"line":167,"column":null}},{"start":{},"end":{}}],"line":165},"18":{"loc":{"start":{"line":165,"column":6},"end":{"line":165,"column":35}},"type":"binary-expr","locations":[{"start":{"line":165,"column":6},"end":{"line":165,"column":17}},{"start":{"line":165,"column":17},"end":{"line":165,"column":35}}],"line":165},"19":{"loc":{"start":{"line":169,"column":20},"end":{"line":169,"column":null}},"type":"binary-expr","locations":[{"start":{"line":169,"column":20},"end":{"line":169,"column":44}},{"start":{"line":169,"column":44},"end":{"line":169,"column":null}}],"line":169},"20":{"loc":{"start":{"line":178,"column":7},"end":{"line":178,"column":null}},"type":"cond-expr","locations":[{"start":{"line":178,"column":20},"end":{"line":178,"column":35}},{"start":{"line":178,"column":35},"end":{"line":178,"column":null}}],"line":178},"21":{"loc":{"start":{"line":181,"column":25},"end":{"line":181,"column":72}},"type":"binary-expr","locations":[{"start":{"line":181,"column":25},"end":{"line":181,"column":36}},{"start":{"line":181,"column":36},"end":{"line":181,"column":49}},{"start":{"line":181,"column":49},"end":{"line":181,"column":65}},{"start":{"line":181,"column":65},"end":{"line":181,"column":72}}],"line":181},"22":{"loc":{"start":{"line":183,"column":33},"end":{"line":183,"column":null}},"type":"binary-expr","locations":[{"start":{"line":183,"column":33},"end":{"line":183,"column":42}},{"start":{"line":183,"column":42},"end":{"line":183,"column":63}},{"start":{"line":183,"column":63},"end":{"line":183,"column":null}}],"line":183},"23":{"loc":{"start":{"line":190,"column":16},"end":{"line":190,"column":null}},"type":"binary-expr","locations":[{"start":{"line":190,"column":16},"end":{"line":190,"column":39}},{"start":{"line":190,"column":39},"end":{"line":190,"column":null}}],"line":190},"24":{"loc":{"start":{"line":193,"column":15},"end":{"line":239,"column":null}},"type":"cond-expr","locations":[{"start":{"line":194,"column":16},"end":{"line":194,"column":null}},{"start":{"line":196,"column":16},"end":{"line":239,"column":null}}],"line":193},"25":{"loc":{"start":{"line":193,"column":15},"end":{"line":193,"column":null}},"type":"binary-expr","locations":[{"start":{"line":193,"column":15},"end":{"line":193,"column":28}},{"start":{"line":193,"column":28},"end":{"line":193,"column":57}},{"start":{"line":193,"column":57},"end":{"line":193,"column":null}}],"line":193},"26":{"loc":{"start":{"line":197,"column":19},"end":{"line":218,"column":null}},"type":"cond-expr","locations":[{"start":{"line":198,"column":20},"end":{"line":198,"column":null}},{"start":{"line":200,"column":20},"end":{"line":218,"column":null}}],"line":197},"27":{"loc":{"start":{"line":200,"column":20},"end":{"line":218,"column":null}},"type":"binary-expr","locations":[{"start":{"line":200,"column":20},"end":{"line":200,"column":null}},{"start":{"line":201,"column":22},"end":{"line":218,"column":null}}],"line":200},"28":{"loc":{"start":{"line":209,"column":38},"end":{"line":209,"column":null}},"type":"binary-expr","locations":[{"start":{"line":209,"column":38},"end":{"line":209,"column":51}},{"start":{"line":209,"column":51},"end":{"line":209,"column":null}}],"line":209},"29":{"loc":{"start":{"line":224,"column":22},"end":{"line":224,"column":null}},"type":"cond-expr","locations":[{"start":{"line":224,"column":34},"end":{"line":224,"column":48}},{"start":{"line":224,"column":48},"end":{"line":224,"column":null}}],"line":224},"30":{"loc":{"start":{"line":228,"column":23},"end":{"line":228,"column":null}},"type":"cond-expr","locations":[{"start":{"line":228,"column":35},"end":{"line":228,"column":50}},{"start":{"line":228,"column":50},"end":{"line":228,"column":null}}],"line":228},"31":{"loc":{"start":{"line":230,"column":25},"end":{"line":230,"column":null}},"type":"binary-expr","locations":[{"start":{"line":230,"column":25},"end":{"line":230,"column":46}},{"start":{"line":230,"column":46},"end":{"line":230,"column":null}}],"line":230},"32":{"loc":{"start":{"line":233,"column":21},"end":{"line":236,"column":null}},"type":"binary-expr","locations":[{"start":{"line":233,"column":21},"end":{"line":233,"column":null}},{"start":{"line":234,"column":22},"end":{"line":236,"column":null}}],"line":233},"33":{"loc":{"start":{"line":253,"column":2},"end":{"line":253,"column":null}},"type":"default-arg","locations":[{"start":{"line":253,"column":13},"end":{"line":253,"column":null}}],"line":253},"34":{"loc":{"start":{"line":255,"column":2},"end":{"line":255,"column":null}},"type":"default-arg","locations":[{"start":{"line":255,"column":18},"end":{"line":255,"column":null}}],"line":255},"35":{"loc":{"start":{"line":264,"column":2},"end":{"line":266,"column":null}},"type":"if","locations":[{"start":{"line":264,"column":2},"end":{"line":266,"column":null}},{"start":{},"end":{}}],"line":264},"36":{"loc":{"start":{"line":272,"column":8},"end":{"line":272,"column":null}},"type":"cond-expr","locations":[{"start":{"line":272,"column":34},"end":{"line":272,"column":43}},{"start":{"line":272,"column":43},"end":{"line":272,"column":null}}],"line":272},"37":{"loc":{"start":{"line":277,"column":23},"end":{"line":277,"column":57}},"type":"binary-expr","locations":[{"start":{"line":277,"column":23},"end":{"line":277,"column":34}},{"start":{"line":277,"column":34},"end":{"line":277,"column":50}},{"start":{"line":277,"column":50},"end":{"line":277,"column":57}}],"line":277},"38":{"loc":{"start":{"line":287,"column":13},"end":{"line":295,"column":null}},"type":"cond-expr","locations":[{"start":{"line":288,"column":14},"end":{"line":288,"column":null}},{"start":{"line":290,"column":14},"end":{"line":295,"column":null}}],"line":287},"39":{"loc":{"start":{"line":287,"column":13},"end":{"line":287,"column":null}},"type":"binary-expr","locations":[{"start":{"line":287,"column":13},"end":{"line":287,"column":33}},{"start":{"line":287,"column":33},"end":{"line":287,"column":null}}],"line":287},"40":{"loc":{"start":{"line":311,"column":2},"end":{"line":313,"column":null}},"type":"if","locations":[{"start":{"line":311,"column":2},"end":{"line":313,"column":null}},{"start":{},"end":{}}],"line":311},"41":{"loc":{"start":{"line":311,"column":6},"end":{"line":311,"column":55}},"type":"binary-expr","locations":[{"start":{"line":311,"column":6},"end":{"line":311,"column":37}},{"start":{"line":311,"column":37},"end":{"line":311,"column":55}}],"line":311},"42":{"loc":{"start":{"line":316,"column":4},"end":{"line":320,"column":null}},"type":"cond-expr","locations":[{"start":{"line":319,"column":8},"end":{"line":319,"column":null}},{"start":{"line":320,"column":8},"end":{"line":320,"column":null}}],"line":316},"43":{"loc":{"start":{"line":316,"column":4},"end":{"line":318,"column":null}},"type":"binary-expr","locations":[{"start":{"line":316,"column":4},"end":{"line":316,"column":null}},{"start":{"line":317,"column":4},"end":{"line":317,"column":null}},{"start":{"line":318,"column":4},"end":{"line":318,"column":null}}],"line":316},"44":{"loc":{"start":{"line":324,"column":2},"end":{"line":337,"column":null}},"type":"if","locations":[{"start":{"line":324,"column":2},"end":{"line":337,"column":null}},{"start":{"line":329,"column":2},"end":{"line":337,"column":null}}],"line":324},"45":{"loc":{"start":{"line":325,"column":4},"end":{"line":326,"column":null}},"type":"binary-expr","locations":[{"start":{"line":325,"column":4},"end":{"line":325,"column":null}},{"start":{"line":326,"column":4},"end":{"line":326,"column":null}}],"line":325},"46":{"loc":{"start":{"line":329,"column":2},"end":{"line":337,"column":null}},"type":"if","locations":[{"start":{"line":329,"column":2},"end":{"line":337,"column":null}},{"start":{},"end":{}}],"line":329},"47":{"loc":{"start":{"line":330,"column":4},"end":{"line":332,"column":null}},"type":"binary-expr","locations":[{"start":{"line":330,"column":4},"end":{"line":330,"column":null}},{"start":{"line":331,"column":4},"end":{"line":331,"column":null}},{"start":{"line":332,"column":4},"end":{"line":332,"column":null}}],"line":330},"48":{"loc":{"start":{"line":339,"column":9},"end":{"line":341,"column":null}},"type":"cond-expr","locations":[{"start":{"line":340,"column":6},"end":{"line":340,"column":null}},{"start":{"line":341,"column":6},"end":{"line":341,"column":null}}],"line":339}},"s":{"0":0,"1":0,"2":0,"3":0,"4":0,"5":0,"6":0,"7":0,"8":0,"9":0,"10":0,"11":0,"12":0,"13":0,"14":0,"15":0,"16":0,"17":0,"18":0,"19":0,"20":0,"21":0,"22":0,"23":0,"24":0,"25":0,"26":0,"27":0,"28":0,"29":0,"30":0,"31":0,"32":0,"33":0,"34":0,"35":0,"36":0,"37":0,"38":0,"39":0,"40":0,"41":0,"42":0,"43":0,"44":0,"45":0,"46":0,"47":0,"48":0,"49":0,"50":0,"51":0,"52":0,"53":0,"54":0,"55":0,"56":0},"f":{"0":0,"1":0,"2":0,"3":0,"4":0,"5":0,"6":0,"7":0,"8":0,"9":0,"10":0,"11":0},"b":{"0":[0,0],"1":[0,0],"2":[0,0],"3":[0,0],"4":[0,0],"5":[0,0],"6":[0],"7":[0],"8":[0],"9":[0,0],"10":[0,0],"11":[0,0,0,0],"12":[0,0],"13":[0,0],"14":[0,0],"15":[0,0],"16":[0,0],"17":[0,0],"18":[0,0],"19":[0,0],"20":[0,0],"21":[0,0,0,0],"22":[0,0,0],"23":[0,0],"24":[0,0],"25":[0,0,0],"26":[0,0],"27":[0,0],"28":[0,0],"29":[0,0],"30":[0,0],"31":[0,0],"32":[0,0],"33":[0],"34":[0],"35":[0,0],"36":[0,0],"37":[0,0,0],"38":[0,0],"39":[0,0],"40":[0,0],"41":[0,0],"42":[0,0],"43":[0,0,0],"44":[0,0],"45":[0,0],"46":[0,0],"47":[0,0,0],"48":[0,0]},"meta":{"lastBranch":49,"lastFunction":12,"lastStatement":57,"seen":{"s:7:15:7:Infinity":0,"s:23:21:23:Infinity":1,"f:25:9:25:20":0,"s:26:18:26:Infinity":2,"b:28:2:30:Infinity:undefined:undefined:undefined:undefined":0,"s:28:2:30:Infinity":3,"s:29:4:29:Infinity":4,"s:32:2:32:Infinity":5,"f:35:9:35:24":1,"s:47:19:47:Infinity":6,"s:48:18:48:Infinity":7,"b:48:27:48:33:48:33:48:59":1,"s:50:2:66:Infinity":8,"s:70:19:101:Infinity":9,"f:70:19:70:20":2,"s:71:22:73:Infinity":10,"f:72:4:72:5":3,"s:72:20:72:Infinity":11,"b:72:20:72:36:72:36:72:Infinity":2,"b:75:2:77:Infinity:undefined:undefined:undefined:undefined":3,"s:75:2:77:Infinity":12,"s:76:4:76:Infinity":13,"s:79:2:99:Infinity":14,"f:84:12:84:13":4,"s:84:33:93:Infinity":15,"f:87:7:87:8":5,"s:89:6:90:Infinity":16,"b:89:6:89:Infinity:90:6:90:Infinity":4,"s:91:4:91:Infinity":17,"b:91:19:91:51:91:51:91:Infinity":5,"s:103:21:103:Infinity":18,"f:105:9:105:29":6,"b:109:14:109:Infinity":6,"b:110:14:110:Infinity":7,"b:111:18:111:Infinity":8,"s:127:21:127:Infinity":19,"s:129:23:163:Infinity":20,"f:129:37:129:43":7,"b:130:4:132:Infinity:undefined:undefined:undefined:undefined":9,"s:130:4:132:Infinity":21,"b:130:8:130:21:130:21:130:39":10,"s:131:6:131:Infinity":22,"s:134:19:134:Infinity":23,"s:135:16:135:Infinity":24,"b:135:19:135:31:135:31:135:48:135:48:135:62:135:62:135:69":11,"s:136:23:136:Infinity":25,"s:138:6:140:Infinity":26,"b:139:10:139:Infinity:140:10:140:Infinity":12,"b:138:6:138:19:138:19:138:Infinity":13,"b:139:10:139:57:139:57:139:Infinity":14,"b:142:4:148:Infinity:undefined:undefined:undefined:undefined":15,"s:142:4:148:Infinity":27,"s:143:6:146:Infinity":28,"b:150:4:152:Infinity:undefined:undefined:undefined:undefined":16,"s:150:4:152:Infinity":29,"s:151:6:151:Infinity":30,"s:154:4:154:Infinity":31,"b:165:2:167:Infinity:undefined:undefined:undefined:undefined":17,"s:165:2:167:Infinity":32,"b:165:6:165:17:165:17:165:35":18,"s:166:4:166:Infinity":33,"s:169:20:169:Infinity":34,"b:169:20:169:44:169:44:169:Infinity":19,"s:171:2:245:Infinity":35,"b:178:20:178:35:178:35:178:Infinity":20,"f:180:21:180:22":8,"s:181:22:181:Infinity":36,"b:181:25:181:36:181:36:181:49:181:49:181:65:181:65:181:72":21,"s:182:29:182:Infinity":37,"s:183:33:183:Infinity":38,"b:183:33:183:42:183:42:183:63:183:63:183:Infinity":22,"s:185:10:241:Infinity":39,"b:190:16:190:39:190:39:190:Infinity":23,"b:194:16:194:Infinity:196:16:239:Infinity":24,"b:193:15:193:28:193:28:193:57:193:57:193:Infinity":25,"b:198:20:198:Infinity:200:20:218:Infinity":26,"b:200:20:200:Infinity:201:22:218:Infinity":27,"b:209:38:209:51:209:51:209:Infinity":28,"b:224:34:224:48:224:48:224:Infinity":29,"b:228:35:228:50:228:50:228:Infinity":30,"b:230:25:230:46:230:46:230:Infinity":31,"b:233:21:233:Infinity:234:22:236:Infinity":32,"s:249:20:249:Infinity":40,"f:251:9:251:28":9,"b:253:13:253:Infinity":33,"b:255:18:255:Infinity":34,"s:262:21:262:Infinity":41,"b:264:2:266:Infinity:undefined:undefined:undefined:undefined":35,"s:264:2:266:Infinity":42,"s:265:4:265:Infinity":43,"s:268:2:301:Infinity":44,"b:272:34:272:43:272:43:272:Infinity":36,"f:276:19:276:20":10,"s:277:20:277:Infinity":45,"b:277:23:277:34:277:34:277:50:277:50:277:57":37,"s:278:27:278:Infinity":46,"s:280:8:298:Infinity":47,"b:288:14:288:Infinity:290:14:295:Infinity":38,"b:287:13:287:33:287:33:287:Infinity":39,"f:306:9:306:Infinity":11,"b:311:2:313:Infinity:undefined:undefined:undefined:undefined":40,"s:311:2:313:Infinity":48,"b:311:6:311:37:311:37:311:55":41,"s:312:4:312:Infinity":49,"s:316:4:320:Infinity":50,"b:319:8:319:Infinity:320:8:320:Infinity":42,"b:316:4:316:Infinity:317:4:317:Infinity:318:4:318:Infinity":43,"s:322:31:322:Infinity":51,"b:324:2:337:Infinity:329:2:337:Infinity":44,"s:324:2:337:Infinity":52,"b:325:4:325:Infinity:326:4:326:Infinity":45,"s:328:4:328:Infinity":53,"b:329:2:337:Infinity:undefined:undefined:undefined:undefined":46,"s:329:2:337:Infinity":54,"b:330:4:330:Infinity:331:4:331:Infinity:332:4:332:Infinity":47,"s:334:4:336:Infinity":55,"s:339:2:341:Infinity":56,"b:340:6:340:Infinity:341:6:341:Infinity":48}}}
,"/home/neil/Projects/dotasks.app/src/app/components/ui/checkbox.tsx": {"path":"/home/neil/Projects/dotasks.app/src/app/components/ui/checkbox.tsx","statementMap":{"0":{"start":{"line":11,"column":2},"end":{"line":26,"column":null}}},"fnMap":{"0":{"name":"Checkbox","decl":{"start":{"line":7,"column":9},"end":{"line":7,"column":18}},"loc":{"start":{"line":10,"column":56},"end":{"line":28,"column":null}},"line":10}},"branchMap":{},"s":{"0":0},"f":{"0":0},"b":{},"meta":{"lastBranch":0,"lastFunction":1,"lastStatement":1,"seen":{"f:7:9:7:18":0,"s:11:2:26:Infinity":0}}}
[...]
}],"line":108},"7":{"loc":{"start":{"line":110,"column":8},"end":{"line":113,"column":null}},"type":"if","locations":[{"start":{"line":110,"column":8},"end":{"line":113,"column":null}},{"start":{},"end":{}}],"line":110},"8":{"loc":{"start":{"line":120,"column":4},"end":{"line":122,"column":null}},"type":"if","locations":[{"start":{"line":120,"column":4},"end":{"line":122,"column":null}},{"start":{},"end":{}}],"line":120},"9":{"loc":{"start":{"line":120,"column":8},"end":{"line":120,"column":57}},"type":"binary-expr","locations":[{"start":{"line":120,"column":8},"end":{"line":120,"column":48}},{"start":{"line":120,"column":48},"end":{"line":120,"column":57}}],"line":120},"10":{"loc":{"start":{"line":126,"column":6},"end":{"line":130,"column":null}},"type":"if","locations":[{"start":{"line":126,"column":6},"end":{"line":130,"column":null}},{"start":{"line":128,"column":13},"end":{"line":130,"column":null}}],"line":126},"11":{"loc":{"start":{"line":126,"column":10},"end":{"line":126,"column":39}},"type":"binary-expr","locations":[{"start":{"line":126,"column":10},"end":{"line":126,"column":31}},{"start":{"line":126,"column":31},"end":{"line":126,"column":39}}],"line":126},"12":{"loc":{"start":{"line":134,"column":6},"end":{"line":134,"column":null}},"type":"if","locations":[{"start":{"line":134,"column":6},"end":{"line":134,"column":null}},{"start":{},"end":{}}],"line":134}},"s":{"0":80,"1":80,"2":80,"3":120,"4":0,"5":0,"6":80,"7":42,"8":42,"9":42,"10":0,"11":42,"12":42,"13":42,"14":0,"15":0,"16":0,"17":0,"18":0,"19":80,"20":0,"21":0,"22":0,"23":0,"24":0,"25":0,"26":80,"27":42,"28":42,"29":42,"30":42,"31":42,"32":42,"33":0,"34":0,"35":42,"36":42,"37":0,"38":42,"39":36,"40":0,"41":36,"42":42,"43":42,"44":0,"45":42,"46":42,"47":80},"f":{"0":80,"1":120,"2":42,"3":0,"4":0,"5":0,"6":0,"7":42,"8":42,"9":36,"10":42},"b":{"0":[0,120],"1":[0,42],"2":[42,42],"3":[0,0],"4":[0,0],"5":[42,0],"6":[42,42],"7":[0,42],"8":[0,42],"9":[42,42],"10":[0,36],"11":[36,0],"12":[0,42]},"meta":{"lastBranch":13,"lastFunction":11,"lastStatement":48,"seen":{"f:8:16:8:40":0,"s:13:8:13:Infinity":0,"s:14:8:14:Infinity":1,"s:16:25:21:Infinity":2,"f:16:25:16:31":1,"b:17:4:20:Infinity:undefined:undefined:undefined:undefined":0,"s:17:4:20:Infinity":3,"s:18:6:18:Infinity":4,"s:19:6:19:Infinity":5,"s:23:20:76:Infinity":6,"f:23:20:23:26":2,"s:24:4:24:Infinity":7,"s:26:24:26:Infinity":8,"b:27:4:27:Infinity:undefined:undefined:undefined:undefined":1,"s:27:4:27:Infinity":9,"b:27:8:27:24:27:24:27:33":2,"s:27:33:27:Infinity":10,"s:29:4:29:Infinity":11,"s:31:24:31:Infinity":12,"s:33:4:75:Infinity":13,"f:44:8:44:14":3,"s:45:10:45:Infinity":14,"f:56:8:56:14":4,"s:57:10:57:Infinity":15,"f:68:8:68:9":5,"s:69:32:69:Infinity":16,"b:70:10:72:Infinity:undefined:undefined:undefined:undefined":3,"s:70:10:72:Infinity":17,"s:71:12:71:Infinity":18,"s:78:31:101:Infinity":19,"f:78:31:78:43":6,"b:79:4:79:Infinity:undefined:undefined:undefined:undefined":4,"s:79:4:79:Infinity":20,"s:79:17:79:Infinity":21,"s:81:25:84:Infinity":22,"s:87:4:87:Infinity":23,"s:90:4:94:Infinity":24,"s:97:4:100:Infinity":25,"s:103:2:138:Infinity":26,"f:103:12:103:18":7,"s:104:47:104:Infinity":27,"s:106:25:115:Infinity":28,"f:106:25:106:31":8,"s:107:20:107:Infinity":29,"b:108:6:114:Infinity:undefined:undefined:undefined:undefined":5,"s:108:6:114:Infinity":30,"b:108:10:108:19:108:19:108:27":6,"s:109:8:109:Infinity":31,"b:110:8:113:Infinity:undefined:undefined:undefined:undefined":7,"s:110:8:113:Infinity":32,"s:111:10:111:Infinity":33,"s:112:10:112:Infinity":34,"s:117:4:117:Infinity":35,"b:120:4:122:Infinity:undefined:undefined:undefined:undefined":8,"s:120:4:122:Infinity":36,"b:120:8:120:48:120:48:120:57":9,"s:121:6:121:Infinity":37,"s:125:24:131:Infinity":38,"f:125:47:125:48":9,"b:126:6:130:Infinity:128:13:130:Infinity":10,"s:126:6:130:Infinity":39,"b:126:10:126:31:126:31:126:39":11,"s:127:8:127:Infinity":40,"s:129:8:129:Infinity":41,"s:133:4:137:Infinity":42,"f:133:11:133:17":10,"b:134:6:134:Infinity:undefined:undefined:undefined:undefined":12,"s:134:6:134:Infinity":43,"s:134:25:134:Infinity":44,"s:135:6:135:Infinity":45,"s:136:6:136:Infinity":46,"s:140:2:140:Infinity":47}}}
,"/home/neil/Projects/dotasks.app/src/shared/store/authStore.ts": {"path":"/home/neil/Projects/dotasks.app/src/shared/store/authStore.ts","statementMap":{"0":{"start":{"line":16,"column":21},"end":{"line":19,"column":null}},"1":{"start":{"line":26,"column":2},"end":{"line":33,"column":null}},"2":{"start":{"line":27,"column":4},"end":{"line":32,"column":null}},"3":{"start":{"line":35,"column":17},"end":{"line":35,"column":null}},"4":{"start":{"line":36,"column":23},"end":{"line":36,"column":null}},"5":{"start":{"line":38,"column":26},"end":{"line":38,"column":null}},"6":{"start":{"line":40,"column":2},"end":{"line":45,"column":null}},"7":{"start":{"line":48,"column":13},"end":{"line":89,"column":null}},"8":{"start":{"line":48,"column":58},"end":{"line":89,"column":2}},"9":{"start":{"line":52,"column":4},"end":{"line":54,"column":null}},"10":{"start":{"line":53,"column":6},"end":{"line":53,"column":null}},"11":{"start":{"line":56,"column":4},"end":{"line":61,"column":null}},"12":{"start":{"line":63,"column":4},"end":{"line":63,"column":null}},"13":{"start":{"line":64,"column":4},"end":{"line":64,"column":null}},"14":{"start":{"line":68,"column":4},"end":{"line":70,"column":null}},"15":{"start":{"line":69,"column":6},"end":{"line":69,"column":null}},"16":{"start":{"line":71,"column":4},"end":{"line":71,"column":null}},"17":{"start":{"line":75,"column":4},"end":{"line":80,"column":null}},"18":{"start":{"line":82,"column":4},"end":{"line":82,"column":null}},"19":{"start":{"line":83,"column":4},"end":{"line":83,"column":null}},"20":{"start":{"line":86,"column":4},"end":{"line":86,"column":null}},"21":{"start":{"line":95,"column":28},"end":{"line":95,"column":null}},"22":{"start":{"line":95,"column":34},"end":{"line":95,"column":null}}},"fnMap":{"0":{"name":"getInitialState","decl":{"start":{"line":21,"column":9},"end":{"line":21,"column":null}},"loc":{"start":{"line":24,"column":2},"end":{"line":46,"column":null}},"line":24},"1":{"name":"(anonymous_1)","decl":{"start":{"line":48,"column":48},"end":{"line":48,"column":49}},"loc":{"start":{"line":48,"column":58},"end":{"line":89,"column":2}},"line":48},"2":{"name":"(anonymous_2)","decl":{"start":{"line":51,"column":9},"end":{"line":51,"column":10}},"loc":{"start":{"line":51,"column":72},"end":{"line":65,"column":null}},"line":51},"3":{"name":"(anonymous_3)","decl":{"start":{"line":67,"column":18},"end":{"line":67,"column":19}},"loc":{"start":{"line":67,"column":43},"end":{"line":72,"column":null}},"line":67},"4":{"name":"(anonymous_4)","decl":{"start":{"line":74,"column":10},"end":{"line":74,"column":16}},"loc":{"start":{"line":74,"column":16},"end":{"line":88,"column":null}},"line":74},"5":{"name":"(anonymous_5)","decl":{"start":{"line":95,"column":28},"end":{"line":95,"column":34}},"loc":{"start":{"line":95,"column":34},"end":{"line":95,"column":null}},"line":95}},"branchMap":{"0":{"loc":{"start":{"line":26,"column":2},"end":{"line":33,"column":null}},"type":"if","locations":[{"start":{"line":26,"column":2},"end":{"line":33,"column":null}},{"start":{},"end":{}}],"line":26},"1":{"loc":{"start":{"line":38,"column":26},"end":{"line":38,"column":null}},"type":"binary-expr","locations":[{"start":{"line":38,"column":26},"end":{"line":38,"column":44}},{"start":{"line":38,"column":44},"end":{"line":38,"column":null}}],"line":38},"2":{"loc":{"start":{"line":42,"column":12},"end":{"line":42,"column":null}},"type":"binary-expr","locations":[{"start":{"line":42,"column":12},"end":{"line":42,"column":22}},{"start":{"line":42,"column":22},"end":{"line":42,"column":null}}],"line":42},"3":{"loc":{"start":{"line":44,"column":18},"end":{"line":44,"column":null}},"type":"binary-expr","locations":[{"start":{"line":44,"column":18},"end":{"line":44,"column":34}},{"start":{"line":44,"column":34},"end":{"line":44,"column":null}}],"line":44},"4":{"loc":{"start":{"line":52,"column":4},"end":{"line":54,"column":null}},"type":"if","locations":[{"start":{"line":52,"column":4},"end":{"line":54,"column":null}},{"start":{},"end":{}}],"line":52},"5":{"loc":{"start":{"line":52,"column":8},"end":{"line":52,"column":74}},"type":"binary-expr","locations":[{"start":{"line":52,"column":8},"end":{"line":52,"column":27}},{"start":{"line":52,"column":27},"end":{"line":52,"column":51}},{"start":{"line":52,"column":51},"end":{"line":52,"column":74}}],"line":52},"6":{"loc":{"start":{"line":68,"column":4},"end":{"line":70,"column":null}},"type":"if","locations":[{"start":{"line":68,"column":4},"end":{"line":70,"column":null}},{"start":{},"end":{}}],"line":68}},"s":{"0":16,"1":16,"2":0,"3":16,"4":16,"5":16,"6":16,"7":16,"8":16,"9":1,"10":0,"11":1,"12":1,"13":1,"14":0,"15":0,"16":0,"17":27,"18":27,"19":27,"20":27,"21":16,"22":0},"f":{"0":16,"1":16,"2":1,"3":0,"4":27,"5":0},"b":{"0":[0,16],"1":[16,0],"2":[16,16],"3":[16,16],"4":[0,1],"5":[1,1,1],"6":[0,0]},"meta":{"lastBranch":7,"lastFunction":6,"lastStatement":23,"seen":{"s:16:21:19:Infinity":0,"f:21:9:21:Infinity":0,"b:26:2:33:Infinity:undefined:undefined:undefined:undefined":0,"s:26:2:33:Infinity":1,"s:27:4:32:Infinity":2,"s:35:17:35:Infinity":3,"s:36:23:36:Infinity":4,"s:38:26:38:Infinity":5,"b:38:26:38:44:38:44:38:Infinity":1,"s:40:2:45:Infinity":6,"b:42:12:42:22:42:22:42:Infinity":2,"b:44:18:44:34:44:34:44:Infinity":3,"s:48:13:89:Infinity":7,"f:48:48:48:49":1,"s:48:58:89:2":8,"f:51:9:51:10":2,"b:52:4:54:Infinity:undefined:undefined:undefined:undefined":4,"s:52:4:54:Infinity":9,"b:52:8:52:27:52:27:52:51:52:51:52:74":5,"s:53:6:53:Infinity":10,"s:56:4:61:Infinity":11,"s:63:4:63:Infinity":12,"s:64:4:64:Infinity":13,"f:67:18:67:19":3,"b:68:4:70:Infinity:undefined:undefined:undefined:undefined":6,"s:68:4:70:Infinity":14,"s:69:6:69:Infinity":15,"s:71:4:71:Infinity":16,"f:74:10:74:16":4,"s:75:4:80:Infinity":17,"s:82:4:82:Infinity":18,"s:83:4:83:Infinity":19,"s:86:4:86:Infinity":20,"s:95:28:95:Infinity":21,"f:95:28:95:34":5,"s:95:34:95:Infinity":22}}}
,"/home/neil/Projects/dotasks.app/src/shared/store/bannerStore.ts": {"path":"/home/neil/Projects/dotasks.app/src/shared/store/bannerStore.ts","statementMap":{"0":{"start":{"line":11,"column":13},"end":{"line":19,"column":null}},"1":{"start":{"line":15,"column":13},"end":{"line":19,"column":2}},"2":{"start":{"line":17,"column":20},"end":{"line":17,"column":null}},"3":{"start":{"line":18,"column":14},"end":{"line":18,"column":null}}},"fnMap":{"0":{"name":"(anonymous_0)","decl":{"start":{"line":15,"column":3},"end":{"line":15,"column":4}},"loc":{"start":{"line":15,"column":13},"end":{"line":19,"column":2}},"line":15},"1":{"name":"(anonymous_1)","decl":{"start":{"line":17,"column":8},"end":{"line":17,"column":9}},"loc":{"start":{"line":17,"column":20},"end":{"line":17,"column":null}},"line":17},"2":{"name":"(anonymous_2)","decl":{"start":{"line":18,"column":8},"end":{"line":18,"column":14}},"loc":{"start":{"line":18,"column":14},"end":{"line":18,"column":null}},"line":18}},"branchMap":{},"s":{"0":16,"1":16,"2":17,"3":0},"f":{"0":16,"1":17,"2":0},"b":{},"meta":{"lastBranch":0,"lastFunction":3,"lastStatement":4,"seen":{"s:11:13:19:Infinity":0,"f:15:3:15:4":0,"s:15:13:19:2":1,"f:17:8:17:9":1,"s:17:20:17:Infinity":2,"f:18:8:18:14":2,"s:18:14:18:Infinity":3}}}
,"/home/neil/Projects/dotasks.app/src/types/database.types.ts": {"path":"/home/neil/Projects/dotasks.app/src/types/database.types.ts","statementMap":{"0":{"start":{"line":354,"column":25},"end":{"line":358,"column":null}}},"fnMap":{},"branchMap":{},"s":{"0":0},"f":{},"b":{},"meta":{"lastBranch":0,"lastFunction":0,"lastStatement":1,"seen":{"s:354:25:358:Infinity":0}}}
,"/home/neil/Projects/dotasks.app/src/types/routeTree.gen.ts": {"path":"/home/neil/Projects/dotasks.app/src/types/routeTree.gen.ts","statementMap":{"0":{"start":{"line":30,"column":25},"end":{"line":34,"column":null}},"1":{"start":{"line":33,"column":24},"end":{"line":33,"column":null}},"2":{"start":{"line":35,"column":27},"end":{"line":39,"column":null}},"3":{"start":{"line":38,"column":24},"end":{"line":38,"column":null}},"4":{"start":{"line":40,"column":22},"end":{"line":44,"column":null}},"5":{"start":{"line":43,"column":24},"end":{"line":43,"column":null}},"6":{"start":{"line":45,"column":19},"end":{"line":49,"column":null}},"7":{"start":{"line":48,"column":24},"end":{"line":48,"column":null}},"8":{"start":{"line":50,"column":34},"end":{"line":54,"column":null}},"9":{"start":{"line":53,"column":24},"end":{"line":53,"column":null}},"10":{"start":{"line":55,"column":32},"end":{"line":58,"column":null}},"11":{"start":{"line":57,"column":24},"end":{"line":57,"column":null}},"12":{"start":{"line":59,"column":19},"end":{"line":63,"column":null}},"13":{"start":{"line":62,"column":24},"end":{"line":62,"column":null}},"14":{"start":{"line":64,"column":34},"end":{"line":68,"column":null}},"15":{"start":{"line":67,"column":24},"end":{"line":67,"column":null}},"16":{"start":{"line":69,"column":37},"end":{"line":73,"column":null}},"17":{"start":{"line":72,"column":24},"end":{"line":72,"column":null}},"18":{"start":{"line":74,"column":35},"end":{"line":78,"column":null}},"19":{"start":{"line":77,"column":24},"end":{"line":77,"column":null}},"20":{"start":{"line":80,"column":2},"end":{"line":84,"column":null}},"21":{"start":{"line":83,"column":26},"end":{"line":83,"column":null}},"22":{"start":{"line":86,"column":2},"end":{"line":90,"column":null}},"23":{"start":{"line":89,"column":26},"end":{"line":89,"column":null}},"24":{"start":{"line":92,"column":2},"end":{"line":96,"column":null}},"25":{"start":{"line":95,"column":26},"end":{"line":95,"column":null}},"26":{"start":{"line":98,"column":2},"end":{"line":102,"column":null}},"27":{"start":{"line":101,"column":26},"end":{"line":101,"column":null}},"28":{"start":{"line":104,"column":2},"end":{"line":108,"column":null}},"29":{"start":{"line":107,"column":26},"end":{"line":107,"column":null}},"30":{"start":{"line":110,"column":2},"end":{"line":114,"column":null}},"31":{"start":{"line":113,"column":26},"end":{"line":113,"column":null}},"32":{"start":{"line":116,"column":2},"end":{"line":120,"column":null}},"33":{"start":{"line":119,"column":26},"end":{"line":119,"column":null}},"34":{"start":{"line":380,"column":2},"end":{"line":391,"column":null}},"35":{"start":{"line":394,"column":2},"end":{"line":396,"column":null}},"36":{"start":{"line":405,"column":73},"end":{"line":410,"column":null}},"37":{"start":{"line":413,"column":2},"end":{"line":413,"column":null}},"38":{"start":{"line":415,"column":45},"end":{"line":423,"column":null}},"39":{"start":{"line":424,"column":25},"end":{"line":426,"column":null}}},"fnMap":{"0":{"name":"(anonymous_0)","decl":{"start":{"line":33,"column":18},"end":{"line":33,"column":24}},"loc":{"start":{"line":33,"column":24},"end":{"line":33,"column":null}},"line":33},"1":{"name":"(anonymous_1)","decl":{"start":{"line":38,"column":18},"end":{"line":38,"column":24}},"loc":{"start":{"line":38,"column":24},"end":{"line":38,"column":null}},"line":38},"2":{"name":"(anonymous_2)","decl":{"start":{"line":43,"column":18},"end":{"line":43,"column":24}},"loc":{"start":{"line":43,"column":24},"end":{"line":43,"column":null}},"line":43},"3":{"name":"(anonymous_3)","decl":{"start":{"line":48,"column":18},"end":{"line":48,"column":24}},"loc":{"start":{"line":48,"column":24},"end":{"line":48,"column":null}},"line":48},"4":{"name":"(anonymous_4)","decl":{"start":{"line":53,"column":18},"end":{"line":53,"column":24}},"loc":{"start":{"line":53,"column":24},"end":{"line":53,"column":null}},"line":53},"5":{"name":"(anonymous_5)","decl":{"start":{"line":57,"column":18},"end":{"line":57,"column":24}},"loc":{"start":{"line":57,"column":24},"end":{"line":57,"column":null}},"line":57},"6":{"name":"(anonymous_6)","decl":{"start":{"line":62,"column":18},"end":{"line":62,"column":24}},"loc":{"start":{"line":62,"column":24},"end":{"line":62,"column":null}},"line":62},"7":{"name":"(anonymous_7)","decl":{"start":{"line":67,"column":18},"end":{"line":67,"column":24}},"loc":{"start":{"line":67,"column":24},"end":{"line":67,"column":null}},"line":67},"8":{"name":"(anonymous_8)","decl":{"start":{"line":72,"column":18},"end":{"line":72,"column":24}},"loc":{"start":{"line":72,"column":24},"end":{"line":72,"column":null}},"line":72},"9":{"name":"(anonymous_9)","decl":{"start":{"line":77,"column":18},"end":{"line":77,"column":24}},"loc":{"start":{"line":77,"column":24},"end":{"line":77,"column":null}},"line":77},"10":{"name":"(anonymous_10)","decl":{"start":{"line":83,"column":20},"end":{"line":83,"column":26}},"loc":{"start":{"line":83,"column":26},"end":{"line":83,"column":null}},"line":83},"11":{"name":"(anonymous_11)","decl":{"start":{"line":89,"column":20},"end":{"line":89,"column":26}},"loc":{"start":{"line":89,"column":26},"end":{"line":89,"column":null}},"line":89},"12":{"name":"(anonymous_12)","decl":{"start":{"line":95,"column":20},"end":{"line":95,"column":26}},"loc":{"start":{"line":95,"column":26},"end":{"line":95,"column":null}},"line":95},"13":{"name":"(anonymous_13)","decl":{"start":{"line":101,"column":20},"end":{"line":101,"column":26}},"loc":{"start":{"line":101,"column":26},"end":{"line":101,"column":null}},"line":101},"14":{"name":"(anonymous_14)","decl":{"start":{"line":107,"column":20},"end":{"line":107,"column":26}},"loc":{"start":{"line":107,"column":26},"end":{"line":107,"column":null}},"line":107},"15":{"name":"(anonymous_15)","decl":{"start":{"line":113,"column":20},"end":{"line":113,"column":26}},"loc":{"start":{"line":113,"column":26},"end":{"line":113,"column":null}},"line":113},"16":{"name":"(anonymous_16)","decl":{"start":{"line":119,"column":20},"end":{"line":119,"column":26}},"loc":{"start":{"line":119,"column":26},"end":{"line":119,"column":null}},"line":119}},"branchMap":{},"s":{"0":16,"1":103,"2":16,"3":103,"4":16,"5":103,"6":16,"7":103,"8":16,"9":103,"10":16,"11":103,"12":16,"13":103,"14":16,"15":103,"16":16,"17":103,"18":16,"19":103,"20":16,"21":103,"22":16,"23":103,"24":16,"25":103,"26":16,"27":103,"28":16,"29":103,"30":16,"31":103,"32":16,"33":103,"34":16,"35":16,"36":16,"37":16,"38":16,"39":16},"f":{"0":103,"1":103,"2":103,"3":103,"4":103,"5":103,"6":103,"7":103,"8":103,"9":103,"10":103,"11":103,"12":103,"13":103,"14":103,"15":103,"16":103},"b":{},"meta":{"lastBranch":0,"lastFunction":17,"lastStatement":40,"seen":{"s:30:25:34:Infinity":0,"f:33:18:33:24":0,"s:33:24:33:Infinity":1,"s:35:27:39:Infinity":2,"f:38:18:38:24":1,"s:38:24:38:Infinity":3,"s:40:22:44:Infinity":4,"f:43:18:43:24":2,"s:43:24:43:Infinity":5,"s:45:19:49:Infinity":6,"f:48:18:48:24":3,"s:48:24:48:Infinity":7,"s:50:34:54:Infinity":8,"f:53:18:53:24":4,"s:53:24:53:Infinity":9,"s:55:32:58:Infinity":10,"f:57:18:57:24":5,"s:57:24:57:Infinity":11,"s:59:19:63:Infinity":12,"f:62:18:62:24":6,"s:62:24:62:Infinity":13,"s:64:34:68:Infinity":14,"f:67:18:67:24":7,"s:67:24:67:Infinity":15,"s:69:37:73:Infinity":16,"f:72:18:72:24":8,"s:72:24:72:Infinity":17,"s:74:35:78:Infinity":18,"f:77:18:77:24":9,"s:77:24:77:Infinity":19,"s:80:2:84:Infinity":20,"f:83:20:83:26":10,"s:83:26:83:Infinity":21,"s:86:2:90:Infinity":22,"f:89:20:89:26":11,"s:89:26:89:Infinity":23,"s:92:2:96:Infinity":24,"f:95:20:95:26":12,"s:95:26:95:Infinity":25,"s:98:2:102:Infinity":26,"f:101:20:101:26":13,"s:101:26:101:Infinity":27,"s:104:2:108:Infinity":28,"f:107:20:107:26":14,"s:107:26:107:Infinity":29,"s:110:2:114:Infinity":30,"f:113:20:113:26":15,"s:113:26:113:Infinity":31,"s:116:2:120:Infinity":32,"f:119:20:119:26":16,"s:119:26:119:Infinity":33,"s:380:2:391:Infinity":34,"s:394:2:396:Infinity":35,"s:405:73:410:Infinity":36,"s:413:2:413:Infinity":37,"s:415:45:423:Infinity":38,"s:424:25:426:Infinity":39}}}
,"/home/neil/Projects/dotasks.app/src/types/trpc.ts": {"path":"/home/neil/Projects/dotasks.app/src/types/trpc.ts","statementMap":{},"fnMap":{},"branchMap":{},"s":{},"f":{},"b":{},"meta":{"lastBranch":0,"lastFunction":0,"lastStatement":0,"seen":{}}}
}
